{"numTotalTestSuites":73,"numPassedTestSuites":73,"numFailedTestSuites":0,"numPendingTestSuites":0,"numTotalTests":328,"numPassedTests":328,"numFailedTests":0,"numPendingTests":0,"numTodoTests":0,"startTime":1785004559230,"success":true,"testResults":[{"assertionResults":[{"ancestorTitles":["","Casimir-DP paper provenance parity"],"fullName":" Casimir-DP paper provenance parity keeps paper markers and both equation-action sidecars in exact parity","status":"passed","title":"keeps paper markers and both equation-action sidecars in exact parity","duration":3,"failureMessages":[]},{"ancestorTitles":["","Casimir-DP paper provenance parity"],"fullName":" Casimir-DP paper provenance parity maps every equation into the paper's artifact-and-claim appendix","status":"passed","title":"maps every equation into the paper's artifact-and-claim appendix","duration":1,"failureMessages":[]},{"ancestorTitles":["","Casimir-DP paper provenance parity"],"fullName":" Casimir-DP paper provenance parity documents the cross-runtime rail, frozen inputs, receipts, and current ledgers","status":"passed","title":"documents the cross-runtime rail, frozen inputs, receipts, and current ledgers","duration":0,"failureMessages":[]},{"ancestorTitles":["","Casimir-DP paper provenance parity"],"fullName":" Casimir-DP paper provenance parity registers the scientific-standing baseline and fails closed on a frequency-to-cavity bridge","status":"passed","title":"registers the scientific-standing baseline and fails closed on a frequency-to-cavity bridge","duration":1,"failureMessages":[]},{"ancestorTitles":["","Casimir-DP paper provenance parity"],"fullName":" Casimir-DP paper provenance parity prints the current byte hashes for every frozen runtime config","status":"passed","title":"prints the current byte hashes for every frozen runtime config","duration":2,"failureMessages":[]},{"ancestorTitles":["","Casimir-DP paper provenance parity"],"fullName":" Casimir-DP paper provenance parity keeps the paper canonical, sidecar-bundled, and badge-count synchronized","status":"passed","title":"keeps the paper canonical, sidecar-bundled, and badge-count synchronized","duration":1,"failureMessages":[]}],"startTime":1785004746023,"endTime":1785004746031,"status":"passed","message":"","name":"C:/Users/dan/Desktop/RESEARCH 1,0/research/Alcubierre drive/casimirbot.com/versions/CasimirBot (9-3-25)/CasimirBot (9-3-25)/CasimirBot/tests/casimir-dp-paper-provenance.spec.ts"},{"assertionResults":[{"ancestorTitles":["","Casimir-DP polarization and congruence Stage-4 campaign"],"fullName":" Casimir-DP polarization and congruence Stage-4 campaign freezes the expanded null, unchanged named DP manifest, and run order","status":"passed","title":"freezes the expanded null, unchanged named DP manifest, and run order","duration":7,"failureMessages":[]},{"ancestorTitles":["","Casimir-DP polarization and congruence Stage-4 campaign"],"fullName":" Casimir-DP polarization and congruence Stage-4 campaign runs three synthetic lanes while leaving scientific identification blocked","status":"passed","title":"runs three synthetic lanes while leaving scientific identification blocked","duration":392,"failureMessages":[]},{"ancestorTitles":["","Casimir-DP polarization and congruence Stage-4 campaign"],"fullName":" Casimir-DP polarization and congruence Stage-4 campaign does not mutate DP or admit a schema-only bridge","status":"passed","title":"does not mutate DP or admit a schema-only bridge","duration":398,"failureMessages":[]},{"ancestorTitles":["","Casimir-DP polarization and congruence Stage-4 campaign"],"fullName":" Casimir-DP polarization and congruence Stage-4 campaign renders every outcome and the synthetic playground boundary","status":"passed","title":"renders every outcome and the synthetic playground boundary","duration":503,"failureMessages":[]},{"ancestorTitles":["","Casimir-DP polarization and congruence Stage-4 campaign"],"fullName":" Casimir-DP polarization and congruence Stage-4 campaign fails closed before prediction when a fixture hash is altered","status":"passed","title":"fails closed before prediction when a fixture hash is altered","duration":574,"failureMessages":[]},{"ancestorTitles":["","Casimir-DP polarization and congruence Stage-4 campaign"],"fullName":" Casimir-DP polarization and congruence Stage-4 campaign recomputes every runtime closure instead of trusting passing summaries","status":"passed","title":"recomputes every runtime closure instead of trusting passing summaries","duration":466,"failureMessages":[]},{"ancestorTitles":["","Casimir-DP polarization and congruence Stage-4 campaign"],"fullName":" Casimir-DP polarization and congruence Stage-4 campaign fails synthetic promotion when a provenance evidence class is relabeled","status":"passed","title":"fails synthetic promotion when a provenance evidence class is relabeled","duration":524,"failureMessages":[]},{"ancestorTitles":["","Casimir-DP polarization and congruence Stage-4 campaign"],"fullName":" Casimir-DP polarization and congruence Stage-4 campaign requires exact, complete authority, source, and fixture integrity rows","status":"passed","title":"requires exact, complete authority, source, and fixture integrity rows","duration":1565,"failureMessages":[]},{"ancestorTitles":["","Casimir-DP polarization and congruence Stage-4 campaign"],"fullName":" Casimir-DP polarization and congruence Stage-4 campaign rejects a hash-updated fixture relabeled as measured","status":"passed","title":"rejects a hash-updated fixture relabeled as measured","duration":983,"failureMessages":[]},{"ancestorTitles":["","Casimir-DP polarization and congruence Stage-4 campaign"],"fullName":" Casimir-DP polarization and congruence Stage-4 campaign rejects source authority identity or tracking drift at schema admission","status":"passed","title":"rejects source authority identity or tracking drift at schema admission","duration":6,"failureMessages":[]},{"ancestorTitles":["","Casimir-DP polarization and congruence Stage-4 campaign"],"fullName":" Casimir-DP polarization and congruence Stage-4 campaign rejects sealed, sentinel-hash, and measured-promotion blinding states at schema admission","status":"passed","title":"rejects sealed, sentinel-hash, and measured-promotion blinding states at schema admission","duration":6,"failureMessages":[]},{"ancestorTitles":["","Casimir-DP polarization and congruence Stage-4 campaign"],"fullName":" Casimir-DP polarization and congruence Stage-4 campaign blocks aggregate software PASS when an admitted config is mutated into a false blinding state","status":"passed","title":"blocks aggregate software PASS when an admitted config is mutated into a false blinding state","duration":774,"failureMessages":[]},{"ancestorTitles":["","Casimir-DP polarization and congruence Stage-4 campaign"],"fullName":" Casimir-DP polarization and congruence Stage-4 campaign uses exclusive immutable output creation","status":"passed","title":"uses exclusive immutable output creation","duration":2416,"failureMessages":[]},{"ancestorTitles":["","Casimir-DP polarization and congruence Stage-4 campaign"],"fullName":" Casimir-DP polarization and congruence Stage-4 campaign leaves a pre-existing partial immutable run directory untouched","status":"passed","title":"leaves a pre-existing partial immutable run directory untouched","duration":1315,"failureMessages":[]}],"startTime":1785004711778,"endTime":1785004721707,"status":"passed","message":"","name":"C:/Users/dan/Desktop/RESEARCH 1,0/research/Alcubierre drive/casimirbot.com/versions/CasimirBot (9-3-25)/CasimirBot (9-3-25)/CasimirBot/tests/casimir-dp-polarization-congruence-stage4.spec.ts"},{"assertionResults":[{"ancestorTitles":["","Casimir-DP Stage-4 polarization-resolved QED control"],"fullName":" Casimir-DP Stage-4 polarization-resolved QED control fixes the circular-polarization convention and is invariant under TE/TM-circular basis changes","status":"passed","title":"fixes the circular-polarization convention and is invariant under TE/TM-circular basis changes","duration":8,"failureMessages":[]},{"ancestorTitles":["","Casimir-DP Stage-4 polarization-resolved QED control"],"fullName":" Casimir-DP Stage-4 polarization-resolved QED control treats equivalent Jones, coherency, and Stokes descriptions as the same physical state","status":"passed","title":"treats equivalent Jones, coherency, and Stokes descriptions as the same physical state","duration":5,"failureMessages":[]},{"ancestorTitles":["","Casimir-DP Stage-4 polarization-resolved QED control"],"fullName":" Casimir-DP Stage-4 polarization-resolved QED control fails physicality for an over-polarized Stokes vector or a non-Hermitian coherency matrix","status":"passed","title":"fails physicality for an over-polarized Stokes vector or a non-Hermitian coherency matrix","duration":4,"failureMessages":[]},{"ancestorTitles":["","Casimir-DP Stage-4 polarization-resolved QED control"],"fullName":" Casimir-DP Stage-4 polarization-resolved QED control checks reciprocal-achiral invariance and registered chiral mirror reversal","status":"passed","title":"checks reciprocal-achiral invariance and registered chiral mirror reversal","duration":7,"failureMessages":[]},{"ancestorTitles":["","Casimir-DP Stage-4 polarization-resolved QED control"],"fullName":" Casimir-DP Stage-4 polarization-resolved QED control requires matched power, absorption, heating, force, torque magnitude, trap, and branch state","status":"passed","title":"requires matched power, absorption, heating, force, torque magnitude, trap, and branch state","duration":4,"failureMessages":[]},{"ancestorTitles":["","Casimir-DP Stage-4 polarization-resolved QED control"],"fullName":" Casimir-DP Stage-4 polarization-resolved QED control forms mirror-odd double contrasts for phase, chi, rate, force, and heating","status":"passed","title":"forms mirror-odd double contrasts for phase, chi, rate, force, and heating","duration":1,"failureMessages":[]},{"ancestorTitles":["","Casimir-DP Stage-4 polarization-resolved QED control"],"fullName":" Casimir-DP Stage-4 polarization-resolved QED control binds every source receipt and runtime component to one model hash","status":"passed","title":"binds every source receipt and runtime component to one model hash","duration":3,"failureMessages":[]},{"ancestorTitles":["","Casimir-DP Stage-4 polarization-resolved QED control"],"fullName":" Casimir-DP Stage-4 polarization-resolved QED control responds to Green, polarizability, and reflection-response changes","status":"passed","title":"responds to Green, polarizability, and reflection-response changes","duration":7,"failureMessages":[]},{"ancestorTitles":["","Casimir-DP Stage-4 polarization-resolved QED control"],"fullName":" Casimir-DP Stage-4 polarization-resolved QED control recovers both zero-coupling and no-boundary interaction limits","status":"passed","title":"recovers both zero-coupling and no-boundary interaction limits","duration":1,"failureMessages":[]},{"ancestorTitles":["","Casimir-DP Stage-4 polarization-resolved QED control"],"fullName":" Casimir-DP Stage-4 polarization-resolved QED control rejects an active reflection response outside the passive bound","status":"passed","title":"rejects an active reflection response outside the passive bound","duration":2,"failureMessages":[]},{"ancestorTitles":["","Casimir-DP Stage-4 polarization-resolved QED control"],"fullName":" Casimir-DP Stage-4 polarization-resolved QED control caps its synthetic output and always blocks collapse and manifold claims","status":"passed","title":"caps its synthetic output and always blocks collapse and manifold claims","duration":2,"failureMessages":[]}],"startTime":1785004743172,"endTime":1785004743216,"status":"passed","message":"","name":"C:/Users/dan/Desktop/RESEARCH 1,0/research/Alcubierre drive/casimirbot.com/versions/CasimirBot (9-3-25)/CasimirBot (9-3-25)/CasimirBot/tests/casimir-dp-polarization-qed-control.spec.ts"},{"assertionResults":[{"ancestorTitles":["","Casimir-DP QED scale-hierarchy calibration"],"fullName":" Casimir-DP QED scale-hierarchy calibration closes the source-backed Compton, atomic, and reduced-mass identities without promoting evidence","status":"passed","title":"closes the source-backed Compton, atomic, and reduced-mass identities without promoting evidence","duration":6,"failureMessages":[]},{"ancestorTitles":["","Casimir-DP QED scale-hierarchy calibration"],"fullName":" Casimir-DP QED scale-hierarchy calibration keeps alpha namespaced and preserves the Stage-4 frequency non-bridge","status":"passed","title":"keeps alpha namespaced and preserves the Stage-4 frequency non-bridge","duration":1,"failureMessages":[]},{"ancestorTitles":["","Casimir-DP QED scale-hierarchy calibration"],"fullName":" Casimir-DP QED scale-hierarchy calibration rejects ambiguous symbols and every excluded physics-domain input","status":"passed","title":"rejects ambiguous symbols and every excluded physics-domain input","duration":8,"failureMessages":[]},{"ancestorTitles":["","Casimir-DP QED scale-hierarchy calibration"],"fullName":" Casimir-DP QED scale-hierarchy calibration distinguishes cyclic/angular frequency and ordinary/reduced wavelength conventions","status":"passed","title":"distinguishes cyclic/angular frequency and ordinary/reduced wavelength conventions","duration":2,"failureMessages":[]},{"ancestorTitles":["","Casimir-DP QED scale-hierarchy calibration"],"fullName":" Casimir-DP QED scale-hierarchy calibration allows internal algebra to follow a perturbed alpha_fs but blocks the unsourced CODATA substitution","status":"passed","title":"allows internal algebra to follow a perturbed alpha_fs but blocks the unsourced CODATA substitution","duration":1,"failureMessages":[]},{"ancestorTitles":["","Casimir-DP QED scale-hierarchy calibration"],"fullName":" Casimir-DP QED scale-hierarchy calibration fails malformed uncertainty metadata and supplied covariance deterministically","status":"passed","title":"fails malformed uncertainty metadata and supplied covariance deterministically","duration":2,"failureMessages":[]},{"ancestorTitles":["","Casimir-DP QED scale-hierarchy calibration"],"fullName":" Casimir-DP QED scale-hierarchy calibration accepts a declared diagonal covariance and propagates p-transpose-C-p","status":"passed","title":"accepts a declared diagonal covariance and propagates p-transpose-C-p","duration":1,"failureMessages":[]},{"ancestorTitles":["","Casimir-DP QED scale-hierarchy calibration"],"fullName":" Casimir-DP QED scale-hierarchy calibration rejects the wrong nuclear-mass semantics and precision promotion at schema admission","status":"passed","title":"rejects the wrong nuclear-mass semantics and precision promotion at schema admission","duration":1,"failureMessages":[]},{"ancestorTitles":["","Casimir-DP QED scale-hierarchy calibration"],"fullName":" Casimir-DP QED scale-hierarchy calibration reports multiple failures in the frozen deterministic order","status":"passed","title":"reports multiple failures in the frozen deterministic order","duration":1,"failureMessages":[]}],"startTime":1785004737659,"endTime":1785004737684,"status":"passed","message":"","name":"C:/Users/dan/Desktop/RESEARCH 1,0/research/Alcubierre drive/casimirbot.com/versions/CasimirBot (9-3-25)/CasimirBot (9-3-25)/CasimirBot/tests/casimir-dp-qed-scale-hierarchy-calibration.spec.ts"},{"assertionResults":[{"ancestorTitles":["","Casimir-DP QED scale-hierarchy Stage-4.1 campaign"],"fullName":" Casimir-DP QED scale-hierarchy Stage-4.1 campaign freezes the exact order, authority tuple, source boundary, and final-status policy","status":"passed","title":"freezes the exact order, authority tuple, source boundary, and final-status policy","duration":8,"failureMessages":[]},{"ancestorTitles":["","Casimir-DP QED scale-hierarchy Stage-4.1 campaign"],"fullName":" Casimir-DP QED scale-hierarchy Stage-4.1 campaign runs the immutable calibration and writes hash-backed diagnostic outputs","status":"passed","title":"runs the immutable calibration and writes hash-backed diagnostic outputs","duration":444,"failureMessages":[]},{"ancestorTitles":["","Casimir-DP QED scale-hierarchy Stage-4.1 campaign"],"fullName":" Casimir-DP QED scale-hierarchy Stage-4.1 campaign renders every outcome, identity convention, and nonclaim","status":"passed","title":"renders every outcome, identity convention, and nonclaim","duration":407,"failureMessages":[]},{"ancestorTitles":["","Casimir-DP QED scale-hierarchy Stage-4.1 campaign"],"fullName":" Casimir-DP QED scale-hierarchy Stage-4.1 campaign fails closed on fixture or immutable Stage-4 hash tampering","status":"passed","title":"fails closed on fixture or immutable Stage-4 hash tampering","duration":824,"failureMessages":[]},{"ancestorTitles":["","Casimir-DP QED scale-hierarchy Stage-4.1 campaign"],"fullName":" Casimir-DP QED scale-hierarchy Stage-4.1 campaign rejects altered run order, source identity, tracking, and evidence promotion","status":"passed","title":"rejects altered run order, source identity, tracking, and evidence promotion","duration":14,"failureMessages":[]},{"ancestorTitles":["","Casimir-DP QED scale-hierarchy Stage-4.1 campaign"],"fullName":" Casimir-DP QED scale-hierarchy Stage-4.1 campaign blocks aggregate campaign PASS for forged or incomplete integrity evidence","status":"passed","title":"blocks aggregate campaign PASS for forged or incomplete integrity evidence","duration":495,"failureMessages":[]},{"ancestorTitles":["","Casimir-DP QED scale-hierarchy Stage-4.1 campaign"],"fullName":" Casimir-DP QED scale-hierarchy Stage-4.1 campaign does not mutate any authoritative Stage-4 artifact","status":"passed","title":"does not mutate any authoritative Stage-4 artifact","duration":450,"failureMessages":[]},{"ancestorTitles":["","Casimir-DP QED scale-hierarchy Stage-4.1 campaign"],"fullName":" Casimir-DP QED scale-hierarchy Stage-4.1 campaign uses exclusive immutable output creation","status":"passed","title":"uses exclusive immutable output creation","duration":599,"failureMessages":[]},{"ancestorTitles":["","Casimir-DP QED scale-hierarchy Stage-4.1 campaign"],"fullName":" Casimir-DP QED scale-hierarchy Stage-4.1 campaign leaves a pre-existing partial immutable run directory untouched","status":"passed","title":"leaves a pre-existing partial immutable run directory untouched","duration":303,"failureMessages":[]}],"startTime":1785004722909,"endTime":1785004726453,"status":"passed","message":"","name":"C:/Users/dan/Desktop/RESEARCH 1,0/research/Alcubierre drive/casimirbot.com/versions/CasimirBot (9-3-25)/CasimirBot (9-3-25)/CasimirBot/tests/casimir-dp-qed-scale-hierarchy-stage4-1.spec.ts"},{"assertionResults":[{"ancestorTitles":["","Casimir-DP Stage-4 thermal-radiative/FDT closure"],"fullName":" Casimir-DP Stage-4 thermal-radiative/FDT closure uses a distinct result schema","status":"passed","title":"uses a distinct result schema","duration":4,"failureMessages":[]},{"ancestorTitles":["","Casimir-DP Stage-4 thermal-radiative/FDT closure"],"fullName":" Casimir-DP Stage-4 thermal-radiative/FDT closure keeps omega canonical while closing nu/omega and h/hbar conversions","status":"passed","title":"keeps omega canonical while closing nu/omega and h/hbar conversions","duration":3,"failureMessages":[]},{"ancestorTitles":["","Casimir-DP Stage-4 thermal-radiative/FDT closure"],"fullName":" Casimir-DP Stage-4 thermal-radiative/FDT closure numerically integrates Planck radiance to sigma T^4 and recovers solar Teff","status":"passed","title":"numerically integrates Planck radiance to sigma T^4 and recovers solar Teff","duration":2,"failureMessages":[]},{"ancestorTitles":["","Casimir-DP Stage-4 thermal-radiative/FDT closure"],"fullName":" Casimir-DP Stage-4 thermal-radiative/FDT closure produces ordinary thermal power, recoil, noise, heating, decoherence, and covariance","status":"passed","title":"produces ordinary thermal power, recoil, noise, heating, decoherence, and covariance","duration":2,"failureMessages":[]},{"ancestorTitles":["","Casimir-DP Stage-4 thermal-radiative/FDT closure"],"fullName":" Casimir-DP Stage-4 thermal-radiative/FDT closure enforces detailed balance at equal temperature","status":"passed","title":"enforces detailed balance at equal temperature","duration":2,"failureMessages":[]},{"ancestorTitles":["","Casimir-DP Stage-4 thermal-radiative/FDT closure"],"fullName":" Casimir-DP Stage-4 thermal-radiative/FDT closure separates zero-point energy and suppresses every thermal output at T -> 0","status":"passed","title":"separates zero-point energy and suppresses every thermal output at T -> 0","duration":1,"failureMessages":[]},{"ancestorTitles":["","Casimir-DP Stage-4 thermal-radiative/FDT closure"],"fullName":" Casimir-DP Stage-4 thermal-radiative/FDT closure recovers transparent and blackbody emissivity limits","status":"passed","title":"recovers transparent and blackbody emissivity limits","duration":3,"failureMessages":[]},{"ancestorTitles":["","Casimir-DP Stage-4 thermal-radiative/FDT closure"],"fullName":" Casimir-DP Stage-4 thermal-radiative/FDT closure fails the far-field gate inside the thermal wavelength and admits only receipted near-field FDT","status":"passed","title":"fails the far-field gate inside the thermal wavelength and admits only receipted near-field FDT","duration":4,"failureMessages":[]},{"ancestorTitles":["","Casimir-DP Stage-4 thermal-radiative/FDT closure"],"fullName":" Casimir-DP Stage-4 thermal-radiative/FDT closure fails closed on a negative near-field covariance diagonal","status":"passed","title":"fails closed on a negative near-field covariance diagonal","duration":1,"failureMessages":[]},{"ancestorTitles":["","Casimir-DP Stage-4 thermal-radiative/FDT closure"],"fullName":" Casimir-DP Stage-4 thermal-radiative/FDT closure fails closed on a symmetric but non-PSD near-field covariance","status":"passed","title":"fails closed on a symmetric but non-PSD near-field covariance","duration":1,"failureMessages":[]},{"ancestorTitles":["","Casimir-DP Stage-4 thermal-radiative/FDT closure"],"fullName":" Casimir-DP Stage-4 thermal-radiative/FDT closure fails closed on an asymmetric near-field covariance","status":"passed","title":"fails closed on an asymmetric near-field covariance","duration":2,"failureMessages":[]},{"ancestorTitles":["","Casimir-DP Stage-4 thermal-radiative/FDT closure"],"fullName":" Casimir-DP Stage-4 thermal-radiative/FDT closure fails closed when near-field gross power is below absolute net power","status":"passed","title":"fails closed when near-field gross power is below absolute net power","duration":1,"failureMessages":[]},{"ancestorTitles":["","Casimir-DP Stage-4 thermal-radiative/FDT closure"],"fullName":" Casimir-DP Stage-4 thermal-radiative/FDT closure fails closed on unit mismatch, provenance damage, and double counting","status":"passed","title":"fails closed on unit mismatch, provenance damage, and double counting","duration":4,"failureMessages":[]},{"ancestorTitles":["","Casimir-DP Stage-4 thermal-radiative/FDT closure"],"fullName":" Casimir-DP Stage-4 thermal-radiative/FDT closure rejects non-finite inputs and closes on finite inputs that overflow derived outputs","status":"passed","title":"rejects non-finite inputs and closes on finite inputs that overflow derived outputs","duration":2,"failureMessages":[]},{"ancestorTitles":["","Casimir-DP Stage-4 thermal-radiative/FDT closure"],"fullName":" Casimir-DP Stage-4 thermal-radiative/FDT closure keeps the synthetic fixture diagnostic and blocks collapse/manifold claims","status":"passed","title":"keeps the synthetic fixture diagnostic and blocks collapse/manifold claims","duration":2,"failureMessages":[]},{"ancestorTitles":["","Casimir-DP Stage-4 thermal-radiative/FDT closure"],"fullName":" Casimir-DP Stage-4 thermal-radiative/FDT closure does not promote a relabeled input while active receipts remain synthetic","status":"passed","title":"does not promote a relabeled input while active receipts remain synthetic","duration":3,"failureMessages":[]}],"startTime":1785004735680,"endTime":1785004735717,"status":"passed","message":"","name":"C:/Users/dan/Desktop/RESEARCH 1,0/research/Alcubierre drive/casimirbot.com/versions/CasimirBot (9-3-25)/CasimirBot (9-3-25)/CasimirBot/tests/casimir-dp-radiative-thermal-closure.spec.ts"},{"assertionResults":[{"ancestorTitles":["","Stage-4 verification training-trace export"],"fullName":" Stage-4 verification training-trace export writes exactly one compact trace object plus newline and rereads it","status":"passed","title":"writes exactly one compact trace object plus newline and rereads it","duration":22,"failureMessages":[]},{"ancestorTitles":["","Stage-4 verification training-trace export"],"fullName":" Stage-4 verification training-trace export fetches only the requested run endpoint and verifies both identities","status":"passed","title":"fetches only the requested run endpoint and verifies both identities","duration":13,"failureMessages":[]},{"ancestorTitles":["","Stage-4 verification training-trace export"],"fullName":" Stage-4 verification training-trace export fails closed on a mismatched 'run id'","status":"passed","title":"fails closed on a mismatched 'run id'","duration":9,"failureMessages":[]},{"ancestorTitles":["","Stage-4 verification training-trace export"],"fullName":" Stage-4 verification training-trace export fails closed on a mismatched 'trace id'","status":"passed","title":"fails closed on a mismatched 'trace id'","duration":5,"failureMessages":[]},{"ancestorTitles":["","Stage-4 verification training-trace export"],"fullName":" Stage-4 verification training-trace export rejects raw and escaped NUL content before creating output","status":"passed","title":"rejects raw and escaped NUL content before creating output","duration":10,"failureMessages":[]},{"ancestorTitles":["","Stage-4 verification training-trace export"],"fullName":" Stage-4 verification training-trace export uses exclusive creation and never overwrites an existing artifact","status":"passed","title":"uses exclusive creation and never overwrites an existing artifact","duration":9,"failureMessages":[]},{"ancestorTitles":["","Stage-4 verification training-trace export"],"fullName":" Stage-4 verification training-trace export rejects 'failed verdict'","status":"passed","title":"rejects 'failed verdict'","duration":6,"failureMessages":[]},{"ancestorTitles":["","Stage-4 verification training-trace export"],"fullName":" Stage-4 verification training-trace export rejects 'first failure on a passing trace'","status":"passed","title":"rejects 'first failure on a passing trace'","duration":7,"failureMessages":[]},{"ancestorTitles":["","Stage-4 verification training-trace export"],"fullName":" Stage-4 verification training-trace export rejects 'missing certificate'","status":"passed","title":"rejects 'missing certificate'","duration":6,"failureMessages":[]},{"ancestorTitles":["","Stage-4 verification training-trace export"],"fullName":" Stage-4 verification training-trace export rejects 'invalid certificate hash'","status":"passed","title":"rejects 'invalid certificate hash'","duration":7,"failureMessages":[]},{"ancestorTitles":["","Stage-4 verification training-trace export"],"fullName":" Stage-4 verification training-trace export rejects 'failed certificate integrity'","status":"passed","title":"rejects 'failed certificate integrity'","duration":6,"failureMessages":[]},{"ancestorTitles":["","Stage-4 verification training-trace export"],"fullName":" Stage-4 verification training-trace export rejects 'non-green certificate'","status":"passed","title":"rejects 'non-green certificate'","duration":6,"failureMessages":[]},{"ancestorTitles":["","Stage-4 verification training-trace export"],"fullName":" Stage-4 verification training-trace export rejects 'wrong constraint-pack source'","status":"passed","title":"rejects 'wrong constraint-pack source'","duration":6,"failureMessages":[]},{"ancestorTitles":["","Stage-4 verification training-trace export"],"fullName":" Stage-4 verification training-trace export rejects 'wrong certification signal'","status":"passed","title":"rejects 'wrong certification signal'","duration":6,"failureMessages":[]},{"ancestorTitles":["","Stage-4 verification training-trace export"],"fullName":" Stage-4 verification training-trace export rejects multi-line, blank-line, non-compact, and unterminated JSONL","status":"passed","title":"rejects multi-line, blank-line, non-compact, and unterminated JSONL","duration":2,"failureMessages":[]},{"ancestorTitles":["","Stage-4 verification training-trace export"],"fullName":" Stage-4 verification training-trace export parses the required CLI identity and output arguments","status":"passed","title":"parses the required CLI identity and output arguments","duration":2,"failureMessages":[]}],"startTime":1785004744508,"endTime":1785004744631,"status":"passed","message":"","name":"C:/Users/dan/Desktop/RESEARCH 1,0/research/Alcubierre drive/casimirbot.com/versions/CasimirBot (9-3-25)/CasimirBot (9-3-25)/CasimirBot/tests/casimir-dp-stage4-verification-trace-export.spec.ts"},{"assertionResults":[{"ancestorTitles":["","Casimir-DP Stage-4 tensor/dimensional/semantic congruence"],"fullName":" Casimir-DP Stage-4 tensor/dimensional/semantic congruence admits both typed chains while retaining diagnostic claim ceilings","status":"passed","title":"admits both typed chains while retaining diagnostic claim ceilings","duration":6,"failureMessages":[]},{"ancestorTitles":["","Casimir-DP Stage-4 tensor/dimensional/semantic congruence"],"fullName":" Casimir-DP Stage-4 tensor/dimensional/semantic congruence fails the h/hbar and nu/omega 2pi identities closed","status":"passed","title":"fails the h/hbar and nu/omega 2pi identities closed","duration":2,"failureMessages":[]},{"ancestorTitles":["","Casimir-DP Stage-4 tensor/dimensional/semantic congruence"],"fullName":" Casimir-DP Stage-4 tensor/dimensional/semantic congruence requires the per-Hz to per-rad/s spectral Jacobian","status":"passed","title":"requires the per-Hz to per-rad/s spectral Jacobian","duration":2,"failureMessages":[]},{"ancestorTitles":["","Casimir-DP Stage-4 tensor/dimensional/semantic congruence"],"fullName":" Casimir-DP Stage-4 tensor/dimensional/semantic congruence does not infer force noise from Green and alpha without coupling/FDT","status":"passed","title":"does not infer force noise from Green and alpha without coupling/FDT","duration":2,"failureMessages":[]},{"ancestorTitles":["","Casimir-DP Stage-4 tensor/dimensional/semantic congruence"],"fullName":" Casimir-DP Stage-4 tensor/dimensional/semantic congruence rejects scalar_pressure as a complete tensor bridge source","status":"passed","title":"rejects scalar_pressure as a complete tensor bridge source","duration":2,"failureMessages":[]},{"ancestorTitles":["","Casimir-DP Stage-4 tensor/dimensional/semantic congruence"],"fullName":" Casimir-DP Stage-4 tensor/dimensional/semantic congruence rejects t00_scalar as a complete tensor bridge source","status":"passed","title":"rejects t00_scalar as a complete tensor bridge source","duration":1,"failureMessages":[]},{"ancestorTitles":["","Casimir-DP Stage-4 tensor/dimensional/semantic congruence"],"fullName":" Casimir-DP Stage-4 tensor/dimensional/semantic congruence keeps equal Compton, DP, and cavity dimensions disconnected","status":"passed","title":"keeps equal Compton, DP, and cavity dimensions disconnected","duration":3,"failureMessages":[]},{"ancestorTitles":["","Casimir-DP Stage-4 tensor/dimensional/semantic congruence"],"fullName":" Casimir-DP Stage-4 tensor/dimensional/semantic congruence checks quantity dimensions, tensor ranks, and edge semantics separately","status":"passed","title":"checks quantity dimensions, tensor ranks, and edge semantics separately","duration":4,"failureMessages":[]},{"ancestorTitles":["","Casimir-DP Stage-4 tensor/dimensional/semantic congruence"],"fullName":" Casimir-DP Stage-4 tensor/dimensional/semantic congruence fails basis and unit round-trip invariance independently","status":"passed","title":"fails basis and unit round-trip invariance independently","duration":2,"failureMessages":[]},{"ancestorTitles":["","Casimir-DP Stage-4 tensor/dimensional/semantic congruence"],"fullName":" Casimir-DP Stage-4 tensor/dimensional/semantic congruence blocks the tensor chain when stress conservation fails","status":"passed","title":"blocks the tensor chain when stress conservation fails","duration":4,"failureMessages":[]},{"ancestorTitles":["","Casimir-DP Stage-4 tensor/dimensional/semantic congruence"],"fullName":" Casimir-DP Stage-4 tensor/dimensional/semantic congruence blocks the tensor chain when tensor symmetry fails","status":"passed","title":"blocks the tensor chain when tensor symmetry fails","duration":2,"failureMessages":[]},{"ancestorTitles":["","Casimir-DP Stage-4 tensor/dimensional/semantic congruence"],"fullName":" Casimir-DP Stage-4 tensor/dimensional/semantic congruence blocks the tensor chain when gauge constraints fails","status":"passed","title":"blocks the tensor chain when gauge constraints fails","duration":1,"failureMessages":[]},{"ancestorTitles":["","Casimir-DP Stage-4 tensor/dimensional/semantic congruence"],"fullName":" Casimir-DP Stage-4 tensor/dimensional/semantic congruence blocks the tensor chain when covariance positivity fails","status":"passed","title":"blocks the tensor chain when covariance positivity fails","duration":1,"failureMessages":[]},{"ancestorTitles":["","Casimir-DP Stage-4 tensor/dimensional/semantic congruence"],"fullName":" Casimir-DP Stage-4 tensor/dimensional/semantic congruence requires every recovery limit and preserves deterministic ordering","status":"passed","title":"requires every recovery limit and preserves deterministic ordering","duration":1,"failureMessages":[]},{"ancestorTitles":["","Casimir-DP Stage-4 tensor/dimensional/semantic congruence"],"fullName":" Casimir-DP Stage-4 tensor/dimensional/semantic congruence requires evidence and transform integrity on every node and edge","status":"passed","title":"requires evidence and transform integrity on every node and edge","duration":4,"failureMessages":[]},{"ancestorTitles":["","Casimir-DP Stage-4 tensor/dimensional/semantic congruence"],"fullName":" Casimir-DP Stage-4 tensor/dimensional/semantic congruence rejects structurally incomplete metadata at schema admission","status":"passed","title":"rejects structurally incomplete metadata at schema admission","duration":6,"failureMessages":[]}],"startTime":1785004742089,"endTime":1785004742133,"status":"passed","message":"","name":"C:/Users/dan/Desktop/RESEARCH 1,0/research/Alcubierre drive/casimirbot.com/versions/CasimirBot (9-3-25)/CasimirBot (9-3-25)/CasimirBot/tests/casimir-dp-tensor-dimensional-congruence.spec.ts"},{"assertionResults":[{"ancestorTitles":["","gr agent loop baseline gate"],"fullName":" gr agent loop baseline gate keeps canonical runs gate-green","status":"passed","title":"keeps canonical runs gate-green","duration":2,"failureMessages":[]}],"startTime":1785004762121,"endTime":1785004762123,"status":"passed","message":"","name":"C:/Users/dan/Desktop/RESEARCH 1,0/research/Alcubierre drive/casimirbot.com/versions/CasimirBot (9-3-25)/CasimirBot (9-3-25)/CasimirBot/tests/gr-agent-loop-baseline.spec.ts"},{"assertionResults":[{"ancestorTitles":["","gr agent loop gate"],"fullName":" gr agent loop gate accepts when evaluation passes and initial is certified","status":"passed","title":"accepts when evaluation passes and initial is certified","duration":7,"failureMessages":[]},{"ancestorTitles":["","gr agent loop gate"],"fullName":" gr agent loop gate keeps invariants enabled in ci fast-path for applicability diagnostics","status":"passed","title":"keeps invariants enabled in ci fast-path for applicability diagnostics","duration":1,"failureMessages":[]},{"ancestorTitles":["","gr agent loop gate"],"fullName":" gr agent loop gate rejects when evaluation fails","status":"passed","title":"rejects when evaluation fails","duration":1,"failureMessages":[]},{"ancestorTitles":["","gr agent loop gate"],"fullName":" gr agent loop gate rejects when initial solve is not certified","status":"passed","title":"rejects when initial solve is not certified","duration":0,"failureMessages":[]}],"startTime":1785004746572,"endTime":1785004746581,"status":"passed","message":"","name":"C:/Users/dan/Desktop/RESEARCH 1,0/research/Alcubierre drive/casimirbot.com/versions/CasimirBot (9-3-25)/CasimirBot (9-3-25)/CasimirBot/tests/gr-agent-loop.spec.ts"},{"assertionResults":[{"ancestorTitles":["","gr constraint gate"],"fullName":" gr constraint gate passes when only soft constraints fail under hard-only mode","status":"passed","title":"passes when only soft constraints fail under hard-only mode","duration":1,"failureMessages":[]},{"ancestorTitles":["","gr constraint gate"],"fullName":" gr constraint gate returns unknown when metrics are missing and unknownAsFail is false","status":"passed","title":"returns unknown when metrics are missing and unknownAsFail is false","duration":0,"failureMessages":[]},{"ancestorTitles":["","gr constraint gate"],"fullName":" gr constraint gate fails closed when hard diagnostics are unknown in strict policy","status":"passed","title":"fails closed when hard diagnostics are unknown in strict policy","duration":0,"failureMessages":[]},{"ancestorTitles":["","gr constraint gate"],"fullName":" gr constraint gate fails when a hard constraint exceeds threshold","status":"passed","title":"fails when a hard constraint exceeds threshold","duration":0,"failureMessages":[]},{"ancestorTitles":["","gr constraint gate"],"fullName":" gr constraint gate captures admissible semiclassical residuals without hard fail","status":"passed","title":"captures admissible semiclassical residuals without hard fail","duration":1,"failureMessages":[]},{"ancestorTitles":["","gr constraint gate"],"fullName":" gr constraint gate emits deterministic first-fail id when semiclassical hard mismatch breaches limit","status":"passed","title":"emits deterministic first-fail id when semiclassical hard mismatch breaches limit","duration":0,"failureMessages":[]}],"startTime":1785004761005,"endTime":1785004761008,"status":"passed","message":"","name":"C:/Users/dan/Desktop/RESEARCH 1,0/research/Alcubierre drive/casimirbot.com/versions/CasimirBot (9-3-25)/CasimirBot (9-3-25)/CasimirBot/tests/gr-constraint-gate.spec.ts"},{"assertionResults":[{"ancestorTitles":["","gr constraint network 4d"],"fullName":" gr constraint network 4d records series and summarizes peak/final metrics","status":"passed","title":"records series and summarizes peak/final metrics","duration":3,"failureMessages":[]},{"ancestorTitles":["","gr constraint network 4d"],"fullName":" gr constraint network 4d can omit the series when includeSeries is false","status":"passed","title":"can omit the series when includeSeries is false","duration":1,"failureMessages":[]},{"ancestorTitles":["","gr constraint network 4d"],"fullName":" gr constraint network 4d fails when initial data is not certified","status":"passed","title":"fails when initial data is not certified","duration":0,"failureMessages":[]}],"startTime":1785004760379,"endTime":1785004760383,"status":"passed","message":"","name":"C:/Users/dan/Desktop/RESEARCH 1,0/research/Alcubierre drive/casimirbot.com/versions/CasimirBot (9-3-25)/CasimirBot (9-3-25)/CasimirBot/tests/gr-constraint-network.spec.ts"},{"assertionResults":[{"ancestorTitles":["","helix ask graph resolver congruence overrides"],"fullName":" helix ask graph resolver congruence overrides uses strict theta-geometry default when no congruence override is provided","status":"passed","title":"uses strict theta-geometry default when no congruence override is provided","duration":448,"failureMessages":[]},{"ancestorTitles":["","helix ask graph resolver congruence overrides"],"fullName":" helix ask graph resolver congruence overrides applies runtime B(r)=1 region override and does not reuse stale filtered trees","status":"passed","title":"applies runtime B(r)=1 region override and does not reuse stale filtered trees","duration":1117,"failureMessages":[]},{"ancestorTitles":["","helix ask graph resolver congruence overrides"],"fullName":" helix ask graph resolver congruence overrides applies runtime QI metric-derived region override and re-filters guardrail edges","status":"passed","title":"applies runtime QI metric-derived region override and re-filters guardrail edges","duration":20,"failureMessages":[]},{"ancestorTitles":["","helix ask graph resolver congruence overrides"],"fullName":" helix ask graph resolver congruence overrides applies runtime VdB two-wall region override for simulation API guardrail edges","status":"passed","title":"applies runtime VdB two-wall region override for simulation API guardrail edges","duration":14,"failureMessages":[]},{"ancestorTitles":["","helix ask graph resolver congruence overrides"],"fullName":" helix ask graph resolver congruence overrides applies runtime theta-geometry region override for simulation API guardrail edges","status":"passed","title":"applies runtime theta-geometry region override for simulation API guardrail edges","duration":9,"failureMessages":[]},{"ancestorTitles":["","helix ask graph resolver congruence overrides"],"fullName":" helix ask graph resolver congruence overrides applies runtime TS metric-derived region override for uncertainty sampling-window edges","status":"passed","title":"applies runtime TS metric-derived region override for uncertainty sampling-window edges","duration":9,"failureMessages":[]},{"ancestorTitles":["","helix ask graph resolver congruence overrides"],"fullName":" helix ask graph resolver congruence overrides applies runtime CL3 metric-source region override for CL3 guardrail edges","status":"passed","title":"applies runtime CL3 metric-source region override for CL3 guardrail edges","duration":10,"failureMessages":[]},{"ancestorTitles":["","helix ask graph resolver congruence overrides"],"fullName":" helix ask graph resolver congruence overrides keeps conceptual traversal behavior intact for non-physics nodes","status":"passed","title":"keeps conceptual traversal behavior intact for non-physics nodes","duration":8,"failureMessages":[]},{"ancestorTitles":["","helix ask graph resolver congruence overrides"],"fullName":" helix ask graph resolver congruence overrides blocks holographic entropy proxy traversal under strict CL walks","status":"passed","title":"blocks holographic entropy proxy traversal under strict CL walks","duration":8,"failureMessages":[]},{"ancestorTitles":["","helix ask graph resolver congruence overrides"],"fullName":" helix ask graph resolver congruence overrides blocks proxy/physics bridge traversal when equation_ref is missing","status":"passed","title":"blocks proxy/physics bridge traversal when equation_ref is missing","duration":8,"failureMessages":[]},{"ancestorTitles":["","helix ask graph resolver congruence overrides"],"fullName":" helix ask graph resolver congruence overrides returns deterministic FAIL_NODE_MISSING_EQUATION_REF fallback reason","status":"passed","title":"returns deterministic FAIL_NODE_MISSING_EQUATION_REF fallback reason","duration":645,"failureMessages":[]},{"ancestorTitles":["","helix ask graph resolver congruence overrides"],"fullName":" helix ask graph resolver congruence overrides resolves cross-tree strict guardrail targets into traversal diagnostics","status":"passed","title":"resolves cross-tree strict guardrail targets into traversal diagnostics","duration":617,"failureMessages":[]},{"ancestorTitles":["","helix ask graph resolver congruence overrides"],"fullName":" helix ask graph resolver congruence overrides builds a strict root_to_leaf chain for ideology when requested","status":"passed","title":"builds a strict root_to_leaf chain for ideology when requested","duration":31,"failureMessages":[]},{"ancestorTitles":["","helix ask graph resolver congruence overrides"],"fullName":" helix ask graph resolver congruence overrides uses tree-level root_to_leaf path mode when no per-call override is set","status":"passed","title":"uses tree-level root_to_leaf path mode when no per-call override is set","duration":22,"failureMessages":[]},{"ancestorTitles":["","helix ask graph resolver congruence overrides"],"fullName":" helix ask graph resolver congruence overrides applies pack-level root_to_leaf path mode for trees without tree overrides","status":"passed","title":"applies pack-level root_to_leaf path mode for trees without tree overrides","duration":39,"failureMessages":[]},{"ancestorTitles":["","helix ask graph resolver congruence overrides"],"fullName":" helix ask graph resolver congruence overrides respects per-call root_to_leaf override over tree configuration","status":"passed","title":"respects per-call root_to_leaf override over tree configuration","duration":31,"failureMessages":[]},{"ancestorTitles":["","helix ask graph resolver congruence overrides"],"fullName":" helix ask graph resolver congruence overrides falls back to root_to_anchor continuity when requested explicitly","status":"passed","title":"falls back to root_to_anchor continuity when requested explicitly","duration":36,"failureMessages":[]},{"ancestorTitles":["","helix ask graph resolver congruence overrides"],"fullName":" helix ask graph resolver congruence overrides normalizes bridge evidence contract metadata fields additively","status":"passed","title":"normalizes bridge evidence contract metadata fields additively","duration":1,"failureMessages":[]},{"ancestorTitles":["","helix ask graph resolver congruence overrides"],"fullName":" helix ask graph resolver congruence overrides enforces deterministic stellar bridge evidence contract fields","status":"passed","title":"enforces deterministic stellar bridge evidence contract fields","duration":1,"failureMessages":[]},{"ancestorTitles":["","helix ask graph resolver congruence overrides"],"fullName":" helix ask graph resolver congruence overrides registers stellar PS1 bridge tree and preserves deterministic traversal order","status":"passed","title":"registers stellar PS1 bridge tree and preserves deterministic traversal order","duration":79,"failureMessages":[]},{"ancestorTitles":["","helix ask graph resolver congruence overrides"],"fullName":" helix ask graph resolver congruence overrides routes 'how does the universe produce life' prompts through deterministic stellar life/cosmology bridge","status":"passed","title":"routes 'how does the universe produce life' prompts through deterministic stellar life/cosmology bridge","duration":36,"failureMessages":[]},{"ancestorTitles":["","helix ask graph resolver congruence overrides"],"fullName":" helix ask graph resolver congruence overrides emits structured missing-evidence path for life/cosmology/consciousness family when bridge anchors are missing","status":"passed","title":"emits structured missing-evidence path for life/cosmology/consciousness family when bridge anchors are missing","duration":1,"failureMessages":[]},{"ancestorTitles":["","helix ask graph resolver congruence overrides"],"fullName":" helix ask graph resolver congruence overrides emits structured missing-evidence path for AI/financial/defense/security family","status":"passed","title":"emits structured missing-evidence path for AI/financial/defense/security family","duration":0,"failureMessages":[]},{"ancestorTitles":["","helix ask graph resolver congruence overrides"],"fullName":" helix ask graph resolver congruence overrides keeps broad life/cosmology/consciousness missing-evidence routing deterministic with explicit fallback reason","status":"passed","title":"keeps broad life/cosmology/consciousness missing-evidence routing deterministic with explicit fallback reason","duration":42,"failureMessages":[]},{"ancestorTitles":["","helix ask graph resolver congruence overrides"],"fullName":" helix ask graph resolver congruence overrides keeps positive broad-family contracted bridge routing intact with no silent fallback","status":"passed","title":"keeps positive broad-family contracted bridge routing intact with no silent fallback","duration":42,"failureMessages":[]},{"ancestorTitles":["","helix ask graph resolver congruence overrides"],"fullName":" helix ask graph resolver congruence overrides registers evidence falsifier ledger lane and routes evidence schema prompts deterministically","status":"passed","title":"registers evidence falsifier ledger lane and routes evidence schema prompts deterministically","duration":74,"failureMessages":[]},{"ancestorTitles":["","helix ask graph resolver congruence overrides"],"fullName":" helix ask graph resolver congruence overrides blocks guarded physics assertion traversal when equation_ref is unknown to canonical backbone","status":"passed","title":"blocks guarded physics assertion traversal when equation_ref is unknown to canonical backbone","duration":9,"failureMessages":[]},{"ancestorTitles":["","helix ask graph resolver congruence overrides"],"fullName":" helix ask graph resolver congruence overrides blocks guarded nodes when claim_ids linkage is missing","status":"passed","title":"blocks guarded nodes when claim_ids linkage is missing","duration":8,"failureMessages":[]},{"ancestorTitles":["","helix ask graph resolver congruence overrides"],"fullName":" helix ask graph resolver congruence overrides blocks physics assertion edges when equation_ref is missing","status":"passed","title":"blocks physics assertion edges when equation_ref is missing","duration":1,"failureMessages":[]},{"ancestorTitles":["","sector-control runtime graph tree routing"],"fullName":" sector-control runtime graph tree routing selects the sector-control-runtime tree for sector-strobe and time-dilation prompts","status":"passed","title":"selects the sector-control-runtime tree for sector-strobe and time-dilation prompts","duration":43,"failureMessages":[]},{"ancestorTitles":["","sector-control runtime graph tree routing"],"fullName":" sector-control runtime graph tree routing includes lane-specific evidence references for sector-control runtime scaffolds","status":"passed","title":"includes lane-specific evidence references for sector-control runtime scaffolds","duration":44,"failureMessages":[]},{"ancestorTitles":["","runtime safety gate validator"],"fullName":" runtime safety gate validator emits deterministic residual summary when runtime gate is referenced","status":"passed","title":"emits deterministic residual summary when runtime gate is referenced","duration":3,"failureMessages":[]},{"ancestorTitles":["","runtime safety gate validator"],"fullName":" runtime safety gate validator fails deterministically for missing runtime manifest data","status":"passed","title":"fails deterministically for missing runtime manifest data","duration":0,"failureMessages":[]},{"ancestorTitles":["","runtime safety gate validator"],"fullName":" runtime safety gate validator fails deterministically for out-of-bounds runtime thresholds","status":"passed","title":"fails deterministically for out-of-bounds runtime thresholds","duration":1,"failureMessages":[]},{"ancestorTitles":["","atomic stress-energy bridge placeholder rail"],"fullName":" atomic stress-energy bridge placeholder rail declares deterministic FAIL_NO_ATOMIC_TO_TMU_NU_MAPPING for unresolved atomic to stress-energy routing","status":"passed","title":"declares deterministic FAIL_NO_ATOMIC_TO_TMU_NU_MAPPING for unresolved atomic to stress-energy routing","duration":1,"failureMessages":[]},{"ancestorTitles":["","atomic stress-energy bridge placeholder rail"],"fullName":" atomic stress-energy bridge placeholder rail keeps atomic proxy bridge equation-bound and claim-linked while unresolved tensor lift remains strict-fail","status":"passed","title":"keeps atomic proxy bridge equation-bound and claim-linked while unresolved tensor lift remains strict-fail","duration":1,"failureMessages":[]}],"startTime":1785004565237,"endTime":1785004568697,"status":"passed","message":"","name":"C:/Users/dan/Desktop/RESEARCH 1,0/research/Alcubierre drive/casimirbot.com/versions/CasimirBot (9-3-25)/CasimirBot (9-3-25)/CasimirBot/tests/helix-ask-graph-resolver.spec.ts"},{"assertionResults":[{"ancestorTitles":["","lattice probe guardrails (strict congruence)"],"fullName":" lattice probe guardrails (strict congruence) fails hard guardrails in strict mode when metric-derived sources are missing","status":"passed","title":"fails hard guardrails in strict mode when metric-derived sources are missing","duration":1207,"failureMessages":[]},{"ancestorTitles":["","lattice probe guardrails (strict congruence)"],"fullName":" lattice probe guardrails (strict congruence) reports proxy guardrails in relaxed mode for non-metric sources","status":"passed","title":"reports proxy guardrails in relaxed mode for non-metric sources","duration":1135,"failureMessages":[]},{"ancestorTitles":["","lattice probe guardrails (strict congruence)"],"fullName":" lattice probe guardrails (strict congruence) passes strict guardrails when metric-derived sources and derivatives are present","status":"passed","title":"passes strict guardrails when metric-derived sources and derivatives are present","duration":1164,"failureMessages":[]},{"ancestorTitles":["","lattice probe guardrails (strict congruence)"],"fullName":" lattice probe guardrails (strict congruence) honors VdB derivative requirement only when gammaVdB exceeds 1","status":"passed","title":"honors VdB derivative requirement only when gammaVdB exceeds 1","duration":1152,"failureMessages":[]},{"ancestorTitles":["","lattice probe guardrails (strict congruence)"],"fullName":" lattice probe guardrails (strict congruence) blocks legacy FordRoman boolean fallback in strict mode","status":"passed","title":"blocks legacy FordRoman boolean fallback in strict mode","duration":1366,"failureMessages":[]}],"startTime":1785004750248,"endTime":1785004756272,"status":"passed","message":"","name":"C:/Users/dan/Desktop/RESEARCH 1,0/research/Alcubierre drive/casimirbot.com/versions/CasimirBot (9-3-25)/CasimirBot (9-3-25)/CasimirBot/tests/lattice-probe-guardrails.spec.ts"},{"assertionResults":[{"ancestorTitles":["","math congruence citation checker bridge claims"],"fullName":" math congruence citation checker bridge claims passes with required atomic-curvature bridge claims present","status":"passed","title":"passes with required atomic-curvature bridge claims present","duration":677,"failureMessages":[]}],"startTime":1785004763238,"endTime":1785004763915,"status":"passed","message":"","name":"C:/Users/dan/Desktop/RESEARCH 1,0/research/Alcubierre drive/casimirbot.com/versions/CasimirBot (9-3-25)/CasimirBot (9-3-25)/CasimirBot/tests/math-congruence-citation-check.spec.ts"},{"assertionResults":[{"ancestorTitles":["","buildMathCongruenceMatrix"],"fullName":" buildMathCongruenceMatrix sorts rows deterministically by root/equation id","status":"passed","title":"sorts rows deterministically by root/equation id","duration":23,"failureMessages":[]},{"ancestorTitles":["","validateMathCongruenceMatrix"],"fullName":" validateMathCongruenceMatrix requires canonical curvature proxy equation bindings in repo matrix","status":"passed","title":"requires canonical curvature proxy equation bindings in repo matrix","duration":2,"failureMessages":[]},{"ancestorTitles":["","validateMathCongruenceMatrix"],"fullName":" validateMathCongruenceMatrix binds atomic energy-density proxy equation with residual, falsifier, and uncertainty model metadata","status":"passed","title":"binds atomic energy-density proxy equation with residual, falsifier, and uncertainty model metadata","duration":0,"failureMessages":[]},{"ancestorTitles":["","validateMathCongruenceMatrix"],"fullName":" validateMathCongruenceMatrix passes for deterministic matrix with full root/equation coverage","status":"passed","title":"passes for deterministic matrix with full root/equation coverage","duration":9,"failureMessages":[]},{"ancestorTitles":["","validateMathCongruenceMatrix"],"fullName":" validateMathCongruenceMatrix fails when a root/equation pair from root manifest is missing","status":"passed","title":"fails when a root/equation pair from root manifest is missing","duration":9,"failureMessages":[]},{"ancestorTitles":["","validateMathCongruenceMatrix"],"fullName":" validateMathCongruenceMatrix fails when binding/residual/falsifier fields are missing","status":"passed","title":"fails when binding/residual/falsifier fields are missing","duration":9,"failureMessages":[]}],"startTime":1785004745429,"endTime":1785004745481,"status":"passed","message":"","name":"C:/Users/dan/Desktop/RESEARCH 1,0/research/Alcubierre drive/casimirbot.com/versions/CasimirBot (9-3-25)/CasimirBot (9-3-25)/CasimirBot/tests/math-congruence-matrix.spec.ts"},{"assertionResults":[{"ancestorTitles":["","natario metric-derived T00"],"fullName":" natario metric-derived T00 uses metric-derived stress for natario","status":"passed","title":"uses metric-derived stress for natario","duration":33,"failureMessages":[]},{"ancestorTitles":["","natario metric-derived T00"],"fullName":" natario metric-derived T00 uses metric-derived stress for natario_sdf","status":"passed","title":"uses metric-derived stress for natario_sdf","duration":33,"failureMessages":[]},{"ancestorTitles":["","natario metric-derived T00"],"fullName":" natario metric-derived T00 emits a distinct metric-derived source and lapse summary for nhm2_shift_lapse","status":"passed","title":"emits a distinct metric-derived source and lapse summary for nhm2_shift_lapse","duration":21,"failureMessages":[]},{"ancestorTitles":["","natario metric-derived T00"],"fullName":" natario metric-derived T00 uses metric-derived stress for irrotational fallback path","status":"passed","title":"uses metric-derived stress for irrotational fallback path","duration":14,"failureMessages":[]},{"ancestorTitles":["","natario metric-derived T00"],"fullName":" natario metric-derived T00 applies epsilon tilt to Natario interior shift field","status":"passed","title":"applies epsilon tilt to Natario interior shift field","duration":13,"failureMessages":[]},{"ancestorTitles":["","natario metric-derived T00"],"fullName":" natario metric-derived T00 applies epsilon tilt to Natario SDF interior shift field","status":"passed","title":"applies epsilon tilt to Natario SDF interior shift field","duration":19,"failureMessages":[]},{"ancestorTitles":["","natario metric-derived T00"],"fullName":" natario metric-derived T00 keeps current Natario unit-lapse semantics even when lapse inputs are present","status":"passed","title":"keeps current Natario unit-lapse semantics even when lapse inputs are present","duration":6,"failureMessages":[]},{"ancestorTitles":["","natario metric-derived T00"],"fullName":" natario metric-derived T00 uses the y-blend weight for trilinear interpolation in sampled shift evaluation","status":"passed","title":"uses the y-blend weight for trilinear interpolation in sampled shift evaluation","duration":0,"failureMessages":[]}],"startTime":1785004757015,"endTime":1785004757154,"status":"passed","message":"","name":"C:/Users/dan/Desktop/RESEARCH 1,0/research/Alcubierre drive/casimirbot.com/versions/CasimirBot (9-3-25)/CasimirBot (9-3-25)/CasimirBot/tests/natario-metric-t00.spec.ts"},{"assertionResults":[{"ancestorTitles":["","physics root-leaf manifest first-class root-lane coverage"],"fullName":" physics root-leaf manifest first-class root-lane coverage ensures every required root lane appears as at least one paths[].root_id","status":"passed","title":"ensures every required root lane appears as at least one paths[].root_id","duration":2,"failureMessages":[]}],"startTime":1785004762671,"endTime":1785004762673,"status":"passed","message":"","name":"C:/Users/dan/Desktop/RESEARCH 1,0/research/Alcubierre drive/casimirbot.com/versions/CasimirBot (9-3-25)/CasimirBot (9-3-25)/CasimirBot/tests/physics-root-leaf-first-class-coverage.spec.ts"},{"assertionResults":[{"ancestorTitles":["","validatePhysicsRootLeafManifest"],"fullName":" validatePhysicsRootLeafManifest passes for a complete root-to-leaf manifest","status":"passed","title":"passes for a complete root-to-leaf manifest","duration":8,"failureMessages":[]},{"ancestorTitles":["","validatePhysicsRootLeafManifest"],"fullName":" validatePhysicsRootLeafManifest fails when dedicated root tree lane metadata is missing","status":"passed","title":"fails when dedicated root tree lane metadata is missing","duration":5,"failureMessages":[]},{"ancestorTitles":["","validatePhysicsRootLeafManifest"],"fullName":" validatePhysicsRootLeafManifest fails when a required root is missing","status":"passed","title":"fails when a required root is missing","duration":4,"failureMessages":[]},{"ancestorTitles":["","validatePhysicsRootLeafManifest"],"fullName":" validatePhysicsRootLeafManifest fails when root/leaf path endpoints are inconsistent","status":"passed","title":"fails when root/leaf path endpoints are inconsistent","duration":4,"failureMessages":[]},{"ancestorTitles":["","validatePhysicsRootLeafManifest"],"fullName":" validatePhysicsRootLeafManifest fails when canonical entropy-first life path is missing","status":"passed","title":"fails when canonical entropy-first life path is missing","duration":4,"failureMessages":[]},{"ancestorTitles":["","validatePhysicsRootLeafManifest"],"fullName":" validatePhysicsRootLeafManifest fails when the flagship curvature-collapse bundle is incomplete","status":"passed","title":"fails when the flagship curvature-collapse bundle is incomplete","duration":4,"failureMessages":[]},{"ancestorTitles":["","validatePhysicsRootLeafManifest"],"fullName":" validatePhysicsRootLeafManifest fails when required root-lane entrypoint coverage is missing","status":"passed","title":"fails when required root-lane entrypoint coverage is missing","duration":3,"failureMessages":[]},{"ancestorTitles":["","validatePhysicsRootLeafManifest"],"fullName":" validatePhysicsRootLeafManifest fails when falsifier and maturity gate are incomplete","status":"passed","title":"fails when falsifier and maturity gate are incomplete","duration":4,"failureMessages":[]},{"ancestorTitles":["","validatePhysicsRootLeafManifest"],"fullName":" validatePhysicsRootLeafManifest fails deterministically when equation-grounded paths omit residual evidence","status":"passed","title":"fails deterministically when equation-grounded paths omit residual evidence","duration":3,"failureMessages":[]},{"ancestorTitles":["","validatePhysicsRootLeafManifest"],"fullName":" validatePhysicsRootLeafManifest fails deterministically on unknown uncertainty models","status":"passed","title":"fails deterministically on unknown uncertainty models","duration":4,"failureMessages":[]},{"ancestorTitles":["","validatePhysicsRootLeafManifest"],"fullName":" validatePhysicsRootLeafManifest fails deterministically on unparameterized uncertainty models","status":"passed","title":"fails deterministically on unparameterized uncertainty models","duration":4,"failureMessages":[]},{"ancestorTitles":["","validatePhysicsRootLeafManifest"],"fullName":" validatePhysicsRootLeafManifest fails deterministically on tier over-claim patterns","status":"passed","title":"fails deterministically on tier over-claim patterns","duration":3,"failureMessages":[]},{"ancestorTitles":["","validatePhysicsRootLeafManifest"],"fullName":" validatePhysicsRootLeafManifest declares deterministic maturity propagation metadata in repo manifest","status":"passed","title":"declares deterministic maturity propagation metadata in repo manifest","duration":1,"failureMessages":[]},{"ancestorTitles":["","validatePhysicsRootLeafManifest"],"fullName":" validatePhysicsRootLeafManifest declares the fail-closed Casimir-DP/OR boundary-coherence bridge","status":"passed","title":"declares the fail-closed Casimir-DP/OR boundary-coherence bridge","duration":2,"failureMessages":[]},{"ancestorTitles":["","validatePhysicsRootLeafManifest"],"fullName":" validatePhysicsRootLeafManifest declares the stellar radiation null-model lane in the repo manifest","status":"passed","title":"declares the stellar radiation null-model lane in the repo manifest","duration":1,"failureMessages":[]},{"ancestorTitles":["","validatePhysicsRootLeafManifest"],"fullName":" validatePhysicsRootLeafManifest declares the stellar chemical-inheritance path to the life/consciousness bridge","status":"passed","title":"declares the stellar chemical-inheritance path to the life/consciousness bridge","duration":0,"failureMessages":[]}],"startTime":1785004564561,"endTime":1785004564615,"status":"passed","message":"","name":"C:/Users/dan/Desktop/RESEARCH 1,0/research/Alcubierre drive/casimirbot.com/versions/CasimirBot (9-3-25)/CasimirBot (9-3-25)/CasimirBot/tests/physics-root-leaf-manifest.spec.ts"},{"assertionResults":[{"ancestorTitles":["","pipeline ts/qi autoscale integration"],"fullName":" pipeline ts/qi autoscale integration keeps QI guard consistent when TS autoscale is active","status":"passed","title":"keeps QI guard consistent when TS autoscale is active","duration":1995,"failureMessages":[]},{"ancestorTitles":["","pipeline ts/qi autoscale integration"],"fullName":" pipeline ts/qi autoscale integration keeps TS timing stable when only QI autoscale is active","status":"passed","title":"keeps TS timing stable when only QI autoscale is active","duration":1752,"failureMessages":[]},{"ancestorTitles":["","pipeline ts/qi autoscale integration"],"fullName":" pipeline ts/qi autoscale integration marks TS as metric-derived when charted metric adapter and derived timing are active","status":"passed","title":"marks TS as metric-derived when charted metric adapter and derived timing are active","duration":937,"failureMessages":[]},{"ancestorTitles":["","pipeline ts/qi autoscale integration"],"fullName":" pipeline ts/qi autoscale integration wires canonical metric T00 refs for non-alcubierre warp families","status":"passed","title":"wires canonical metric T00 refs for non-alcubierre warp families","duration":1929,"failureMessages":[]},{"ancestorTitles":["","pipeline ts/qi autoscale integration"],"fullName":" pipeline ts/qi autoscale integration surfaces Casimir material receipt status in the solve state","status":"passed","title":"surfaces Casimir material receipt status in the solve state","duration":964,"failureMessages":[]},{"ancestorTitles":["","pipeline ts/qi autoscale integration"],"fullName":" pipeline ts/qi autoscale integration marks TS as non-metric when hardware timing telemetry drives clocking","status":"passed","title":"marks TS as non-metric when hardware timing telemetry drives clocking","duration":856,"failureMessages":[]},{"ancestorTitles":["","pipeline ts/qi autoscale integration"],"fullName":" pipeline ts/qi autoscale integration promotes VdB region-II metric adapter fallback when warp module adapter is missing","status":"passed","title":"promotes VdB region-II metric adapter fallback when warp module adapter is missing","duration":191,"failureMessages":[]},{"ancestorTitles":["","pipeline ts/qi autoscale integration"],"fullName":" pipeline ts/qi autoscale integration emits QI applicability and repayment heuristic labels","status":"passed","title":"emits QI applicability and repayment heuristic labels","duration":900,"failureMessages":[]},{"ancestorTitles":["","pipeline ts/qi autoscale integration"],"fullName":" pipeline ts/qi autoscale integration emits NHM2 strict-signal readiness into the pipeline and natario payloads","status":"passed","title":"emits NHM2 strict-signal readiness into the pipeline and natario payloads","duration":21839,"failureMessages":[]},{"ancestorTitles":["","pipeline ts/qi autoscale integration"],"fullName":" pipeline ts/qi autoscale integration labels NHM2 hardware-timed strict signals as proxy instead of metric-derived","status":"passed","title":"labels NHM2 hardware-timed strict signals as proxy instead of metric-derived","duration":26799,"failureMessages":[]},{"ancestorTitles":["","pipeline ts/qi autoscale integration"],"fullName":" pipeline ts/qi autoscale integration emits NHM2 observer audit for both metric-required and tile-effective tensors with explicit limits","status":"passed","title":"emits NHM2 observer audit for both metric-required and tile-effective tensors with explicit limits","duration":28699,"failureMessages":[]},{"ancestorTitles":["","pipeline ts/qi autoscale integration"],"fullName":" pipeline ts/qi autoscale integration applies the selected NHM2 shift-lapse profile on the metric T00 lane and keeps tile observer lanes profile-consistent","status":"passed","title":"applies the selected NHM2 shift-lapse profile on the metric T00 lane and keeps tile observer lanes profile-consistent","duration":48992,"failureMessages":[]},{"ancestorTitles":["","pipeline ts/qi autoscale integration"],"fullName":" pipeline ts/qi autoscale integration preserves configured QI tau/sampler for guard evaluation after telemetry refresh","status":"passed","title":"preserves configured QI tau/sampler for guard evaluation after telemetry refresh","duration":1183,"failureMessages":[]},{"ancestorTitles":[""],"fullName":" emits explicit Natário contract metadata fields in strict mode","status":"passed","title":"emits explicit Natário contract metadata fields in strict mode","duration":1157,"failureMessages":[]},{"ancestorTitles":["","sector-control adapter hooks"],"fullName":" sector-control adapter hooks tracks monotonic QI behavior vs tau","status":"passed","title":"tracks monotonic QI behavior vs tau","duration":1,"failureMessages":[]},{"ancestorTitles":["","sector-control adapter hooks"],"fullName":" sector-control adapter hooks maps scheduler roles and fail-closes planner on hard QI constraints","status":"passed","title":"maps scheduler roles and fail-closes planner on hard QI constraints","duration":35,"failureMessages":[]}],"startTime":1785004572679,"endTime":1785004710908,"status":"passed","message":"","name":"C:/Users/dan/Desktop/RESEARCH 1,0/research/Alcubierre drive/casimirbot.com/versions/CasimirBot (9-3-25)/CasimirBot (9-3-25)/CasimirBot/tests/pipeline-ts-qi-guard.spec.ts"},{"assertionResults":[{"ancestorTitles":["","proof-pack strict parity"],"fullName":" proof-pack strict parity documents strict keys in proof-pack contract","status":"passed","title":"documents strict keys in proof-pack contract","duration":3,"failureMessages":[]},{"ancestorTitles":["","proof-pack strict parity"],"fullName":" proof-pack strict parity emits strict keys in backend proof-pack payload","status":"passed","title":"emits strict keys in backend proof-pack payload","duration":376,"failureMessages":[]},{"ancestorTitles":["","proof-pack strict parity"],"fullName":" proof-pack strict parity surfaces strict keys in WarpProofPanel rows","status":"passed","title":"surfaces strict keys in WarpProofPanel rows","duration":1,"failureMessages":[]},{"ancestorTitles":["","proof-pack strict parity"],"fullName":" proof-pack strict parity surfaces TS strict status in operator-facing panels","status":"passed","title":"surfaces TS strict status in operator-facing panels","duration":5,"failureMessages":[]}],"startTime":1785004759351,"endTime":1785004759736,"status":"passed","message":"","name":"C:/Users/dan/Desktop/RESEARCH 1,0/research/Alcubierre drive/casimirbot.com/versions/CasimirBot (9-3-25)/CasimirBot (9-3-25)/CasimirBot/tests/proof-pack-strict-parity.spec.ts"},{"assertionResults":[{"ancestorTitles":["","proof pack contract"],"fullName":" proof pack contract matches pipeline snapshots and conversions","status":"passed","title":"matches pipeline snapshots and conversions","duration":1866,"failureMessages":[]},{"ancestorTitles":["","proof pack contract"],"fullName":" proof pack contract uses VdB region II metric fallback for CL3 metric source when warp metric is missing","status":"passed","title":"uses VdB region II metric fallback for CL3 metric source when warp metric is missing","duration":191,"failureMessages":[]},{"ancestorTitles":["","proof pack contract"],"fullName":" proof pack contract uses natario metric fallback for CL3 metric source when warp metric is missing","status":"passed","title":"uses natario metric fallback for CL3 metric source when warp metric is missing","duration":130,"failureMessages":[]},{"ancestorTitles":["","proof pack contract"],"fullName":" proof pack contract uses nhm2 shift-lapse metric fallback for CL3 metric source when that family is active","status":"passed","title":"uses nhm2 shift-lapse metric fallback for CL3 metric source when that family is active","duration":134,"failureMessages":[]},{"ancestorTitles":["","proof pack contract"],"fullName":" proof pack contract emits the exploratory quantum semiclassical replay/comparison side by side with proof-pack geometry","status":"passed","title":"emits the exploratory quantum semiclassical replay/comparison side by side with proof-pack geometry","duration":1145,"failureMessages":[]},{"ancestorTitles":["","proof pack contract"],"fullName":" proof pack contract does not treat VdB region II as metric source when derivative evidence is missing","status":"passed","title":"does not treat VdB region II as metric source when derivative evidence is missing","duration":191,"failureMessages":[]},{"ancestorTitles":["","proof pack contract"],"fullName":" proof pack contract propagates warp.metricT00Ref into CL3 gate source","status":"passed","title":"propagates warp.metricT00Ref into CL3 gate source","duration":193,"failureMessages":[]},{"ancestorTitles":["","proof pack contract"],"fullName":" proof pack contract emits CL3 missing-input reason when metric T00 is unavailable","status":"passed","title":"emits CL3 missing-input reason when metric T00 is unavailable","duration":168,"failureMessages":[]},{"ancestorTitles":["","proof pack contract"],"fullName":" proof pack contract emits theta strict congruence status fields","status":"passed","title":"emits theta strict congruence status fields","duration":157,"failureMessages":[]},{"ancestorTitles":["","proof pack contract"],"fullName":" proof pack contract emits authoritative low-expansion gate fields from brick-native div_beta","status":"passed","title":"emits authoritative low-expansion gate fields from brick-native div_beta","duration":174,"failureMessages":[]},{"ancestorTitles":["","proof pack contract"],"fullName":" proof pack contract emits qi strict congruence status fields","status":"passed","title":"emits qi strict congruence status fields","duration":181,"failureMessages":[]},{"ancestorTitles":["","proof pack contract"],"fullName":" proof pack contract emits TS metric-derivation status fields","status":"passed","title":"emits TS metric-derivation status fields","duration":207,"failureMessages":[]}],"startTime":1785004727263,"endTime":1785004732000,"status":"passed","message":"","name":"C:/Users/dan/Desktop/RESEARCH 1,0/research/Alcubierre drive/casimirbot.com/versions/CasimirBot (9-3-25)/CasimirBot (9-3-25)/CasimirBot/tests/proof-pack.spec.ts"},{"assertionResults":[{"ancestorTitles":["","evaluateQiGuardrail"],"fullName":" evaluateQiGuardrail returns lhs ~ effective rho when the mask is fully on","status":"passed","title":"returns lhs ~ effective rho when the mask is fully on","duration":7,"failureMessages":[]},{"ancestorTitles":["","evaluateQiGuardrail"],"fullName":" evaluateQiGuardrail duty-weighted masks still integrate back to effective rho","status":"passed","title":"duty-weighted masks still integrate back to effective rho","duration":1,"failureMessages":[]},{"ancestorTitles":["","evaluateQiGuardrail"],"fullName":" evaluateQiGuardrail scales tile telemetry before integrating the guard window","status":"passed","title":"scales tile telemetry before integrating the guard window","duration":1,"failureMessages":[]},{"ancestorTitles":["","evaluateQiGuardrail"],"fullName":" evaluateQiGuardrail uses VdB region II metric source when warp metric T00 is unavailable","status":"passed","title":"uses VdB region II metric source when warp metric T00 is unavailable","duration":1,"failureMessages":[]},{"ancestorTitles":["","evaluateQiGuardrail"],"fullName":" evaluateQiGuardrail ignores VdB region II fallback when derivative evidence is missing","status":"passed","title":"ignores VdB region II fallback when derivative evidence is missing","duration":1,"failureMessages":[]},{"ancestorTitles":["","evaluateQiGuardrail"],"fullName":" evaluateQiGuardrail prefers warp.metricT00Ref label when metric T00 is present","status":"passed","title":"prefers warp.metricT00Ref label when metric T00 is present","duration":1,"failureMessages":[]},{"ancestorTitles":["","evaluateQiGuardrail"],"fullName":" evaluateQiGuardrail emits deterministic shadow coupling diagnostics without changing gate evaluation path","status":"passed","title":"emits deterministic shadow coupling diagnostics without changing gate evaluation path","duration":2,"failureMessages":[]},{"ancestorTitles":["","evaluateQiGuardrail"],"fullName":" evaluateQiGuardrail promotes coupling semantics to bridge-ready channel when QEI evidence metadata is complete","status":"passed","title":"promotes coupling semantics to bridge-ready channel when QEI evidence metadata is complete","duration":1,"failureMessages":[]},{"ancestorTitles":["","evaluateQiGuardrail"],"fullName":" evaluateQiGuardrail records model-sigma provenance when configured","status":"passed","title":"records model-sigma provenance when configured","duration":1,"failureMessages":[]},{"ancestorTitles":["","evaluateQiGuardrail"],"fullName":" evaluateQiGuardrail fails closed uncertainty when model-sigma provenance is required but missing","status":"passed","title":"fails closed uncertainty when model-sigma provenance is required but missing","duration":1,"failureMessages":[]},{"ancestorTitles":["","evaluateQiGuardrail"],"fullName":" evaluateQiGuardrail supports coupling mode off while preserving comparability diagnostics","status":"passed","title":"supports coupling mode off while preserving comparability diagnostics","duration":1,"failureMessages":[]},{"ancestorTitles":["","evaluateQiGuardrail"],"fullName":" evaluateQiGuardrail enforces metric-only rho source in strict congruence mode","status":"passed","title":"enforces metric-only rho source in strict congruence mode","duration":0,"failureMessages":[]},{"ancestorTitles":["","evaluateQiGuardrail"],"fullName":" evaluateQiGuardrail applies policy floor even when QI bound env floor is non-finite","status":"passed","title":"applies policy floor even when QI bound env floor is non-finite","duration":1,"failureMessages":[]},{"ancestorTitles":["","deriveQiStatus"],"fullName":" deriveQiStatus uses raw zeta for compliance when policy clamp is more lenient","status":"passed","title":"uses raw zeta for compliance when policy clamp is more lenient","duration":1,"failureMessages":[]},{"ancestorTitles":["","deriveQiStatus"],"fullName":" deriveQiStatus falls back to clamped zeta and suppresses power warning in emergency mode","status":"passed","title":"falls back to clamped zeta and suppresses power warning in emergency mode","duration":0,"failureMessages":[]},{"ancestorTitles":["","deriveQiStatus"],"fullName":" deriveQiStatus derives color thresholds from raw zeta without policy clamps","status":"passed","title":"derives color thresholds from raw zeta without policy clamps","duration":1,"failureMessages":[]},{"ancestorTitles":["","deriveQiStatus"],"fullName":" deriveQiStatus reports NOT_APPLICABLE when curvature-window assumptions are violated","status":"passed","title":"reports NOT_APPLICABLE when curvature-window assumptions are violated","duration":0,"failureMessages":[]},{"ancestorTitles":["","deriveQiStatus"],"fullName":" deriveQiStatus reports PASS applicability when curvature-window assumptions are satisfied","status":"passed","title":"reports PASS applicability when curvature-window assumptions are satisfied","duration":1,"failureMessages":[]},{"ancestorTitles":["","deriveQiStatus"],"fullName":" de
[...]
atário chart contract metadata when warp adapter chart metadata is missing","status":"passed","title":"accepts Natário chart contract metadata when warp adapter chart metadata is missing","duration":1,"failureMessages":[]},{"ancestorTitles":["","warp viability congruence wiring"],"fullName":" warp viability congruence wiring emits failing CL3_RhoDelta when metric-derived T00 is missing","status":"passed","title":"emits failing CL3_RhoDelta when metric-derived T00 is missing","duration":2,"failureMessages":[]},{"ancestorTitles":["","warp viability congruence wiring"],"fullName":" warp viability congruence wiring fails ThetaAudit on proxy theta in strict mode and allows it when strict is disabled","status":"passed","title":"fails ThetaAudit on proxy theta in strict mode and allows it when strict is disabled","duration":3,"failureMessages":[]},{"ancestorTitles":["","warp viability congruence wiring"],"fullName":" warp viability congruence wiring fails ThetaAudit in strict mode when chart contract metadata is missing","status":"passed","title":"fails ThetaAudit in strict mode when chart contract metadata is missing","duration":1,"failureMessages":[]},{"ancestorTitles":["","warp viability congruence wiring"],"fullName":" warp viability congruence wiring emits a combined shift-lapse advisory block from GR gauge diagnostics","status":"passed","title":"emits a combined shift-lapse advisory block from GR gauge diagnostics","duration":5,"failureMessages":[]},{"ancestorTitles":["","warp viability congruence wiring"],"fullName":" warp viability congruence wiring surfaces tensor closure separately from CL3 scalar congruence","status":"passed","title":"surfaces tensor closure separately from CL3 scalar congruence","duration":4,"failureMessages":[]},{"ancestorTitles":["","warp viability congruence wiring"],"fullName":" warp viability congruence wiring surfaces Casimir material receipt status in the viability snapshot","status":"passed","title":"surfaces Casimir material receipt status in the viability snapshot","duration":2,"failureMessages":[]},{"ancestorTitles":["","warp viability congruence wiring"],"fullName":" warp viability congruence wiring surfaces the emitted NHM2 observer artifact with dual tensor states and model labels","status":"passed","title":"surfaces the emitted NHM2 observer artifact with dual tensor states and model labels","duration":12,"failureMessages":[]},{"ancestorTitles":["","warp viability congruence wiring"],"fullName":" warp viability congruence wiring surfaces the emitted NHM2 strict-signal artifact without inferring proxy or missing states","status":"passed","title":"surfaces the emitted NHM2 strict-signal artifact without inferring proxy or missing states","duration":3,"failureMessages":[]},{"ancestorTitles":["","warp viability congruence wiring"],"fullName":" warp viability congruence wiring emits a separate NHM2 full-loop audit layer with explicit missing evidence blockers","status":"passed","title":"emits a separate NHM2 full-loop audit layer with explicit missing evidence blockers","duration":16,"failureMessages":[]},{"ancestorTitles":["","warp viability congruence wiring"],"fullName":" warp viability congruence wiring accepts nhm2 source-closure v2 and preserves regional fail semantics","status":"passed","title":"accepts nhm2 source-closure v2 and preserves regional fail semantics","duration":24,"failureMessages":[]},{"ancestorTitles":["","warp viability congruence wiring"],"fullName":" warp viability congruence wiring maps missing source-closure tolerance to a conservative NHM2 blocker","status":"passed","title":"maps missing source-closure tolerance to a conservative NHM2 blocker","duration":9,"failureMessages":[]},{"ancestorTitles":["","warp viability congruence wiring"],"fullName":" warp viability congruence wiring does not emit an NHM2 full-loop policy layer for generic non-NHM2 runs","status":"passed","title":"does not emit an NHM2 full-loop policy layer for generic non-NHM2 runs","duration":1,"failureMessages":[]},{"ancestorTitles":["","warp viability congruence wiring"],"fullName":" warp viability congruence wiring fails FordRomanQI on proxy rho source in strict mode","status":"passed","title":"fails FordRomanQI on proxy rho source in strict mode","duration":1,"failureMessages":[]},{"ancestorTitles":["","warp viability congruence wiring"],"fullName":" warp viability congruence wiring fails FordRomanQI in strict mode when metric source is missing contract metadata","status":"passed","title":"fails FordRomanQI in strict mode when metric source is missing contract metadata","duration":1,"failureMessages":[]},{"ancestorTitles":["","warp viability congruence wiring"],"fullName":" warp viability congruence wiring blocks legacy FordRoman boolean fallback in strict mode","status":"passed","title":"blocks legacy FordRoman boolean fallback in strict mode","duration":0,"failureMessages":[]},{"ancestorTitles":["","warp viability congruence wiring"],"fullName":" warp viability congruence wiring fails TS_ratio_min in strict mode when TS metric provenance is missing","status":"passed","title":"fails TS_ratio_min in strict mode when TS metric provenance is missing","duration":1,"failureMessages":[]},{"ancestorTitles":["","warp viability congruence wiring"],"fullName":" warp viability congruence wiring uses conservative non-certifying defaults when provenance metadata is missing","status":"passed","title":"uses conservative non-certifying defaults when provenance metadata is missing","duration":1,"failureMessages":[]},{"ancestorTitles":["","warp viability congruence wiring"],"fullName":" warp viability congruence wiring fails VdB_band when region-II derivative evidence is missing","status":"passed","title":"fails VdB_band when region-II derivative evidence is missing","duration":0,"failureMessages":[]},{"ancestorTitles":["","warp viability congruence wiring"],"fullName":" warp viability congruence wiring passes VdB_band when region-II and region-IV derivative evidence is present","status":"passed","title":"passes VdB_band when region-II and region-IV derivative evidence is present","duration":1,"failureMessages":[]},{"ancestorTitles":["","warp viability congruence wiring"],"fullName":" warp viability congruence wiring keeps promotion replay deterministic across identical evaluations","status":"passed","title":"keeps promotion replay deterministic across identical evaluations","duration":1,"failureMessages":[]},{"ancestorTitles":["","warp viability congruence wiring"],"fullName":" warp viability congruence wiring fails closed in strict mode when Natário contract metadata is incomplete","status":"passed","title":"fails closed in strict mode when Natário contract metadata is incomplete","duration":1,"failureMessages":[]},{"ancestorTitles":["","warp viability congruence wiring"],"fullName":" warp viability congruence wiring keeps non-finite QI snapshot numerics undefined (no null placeholders)","status":"passed","title":"keeps non-finite QI snapshot numerics undefined (no null placeholders)","duration":3,"failureMessages":[]},{"ancestorTitles":["","warp viability congruence wiring"],"fullName":" warp viability congruence wiring prevents certified promotion when QI applicability is not PASS","status":"passed","title":"prevents certified promotion when QI applicability is not PASS","duration":1,"failureMessages":[]},{"ancestorTitles":["","warp viability congruence wiring"],"fullName":" warp viability congruence wiring uses provided snapshot gr invariants to resolve QI applicability","status":"passed","title":"uses provided snapshot gr invariants to resolve QI applicability","duration":1,"failureMessages":[]}],"startTime":1785004563351,"endTime":1785004563464,"status":"passed","message":"","name":"C:/Users/dan/Desktop/RESEARCH 1,0/research/Alcubierre drive/casimirbot.com/versions/CasimirBot (9-3-25)/CasimirBot (9-3-25)/CasimirBot/tests/warp-viability.spec.ts"},{"assertionResults":[{"ancestorTitles":["","computeSurfaceDivergenceBeta"],"fullName":" computeSurfaceDivergenceBeta returns small divergence for constant tangential fields","status":"passed","title":"returns small divergence for constant tangential fields","duration":4,"failureMessages":[]},{"ancestorTitles":["","computeSurfaceDivergenceBeta"],"fullName":" computeSurfaceDivergenceBeta detects positive divergence when the field varies across the shell","status":"passed","title":"detects positive divergence when the field varies across the shell","duration":4,"failureMessages":[]},{"ancestorTitles":["","computeSurfaceDivergenceBeta"],"fullName":" computeSurfaceDivergenceBeta keeps curl-like tangential fields near divergence-free","status":"passed","title":"keeps curl-like tangential fields near divergence-free","duration":8,"failureMessages":[]},{"ancestorTitles":["","Alcubierre theta sign convention"],"fullName":" Alcubierre theta sign convention maps theta to -K and preserves front/back sign flip","status":"passed","title":"maps theta to -K and preserves front/back sign flip","duration":6,"failureMessages":[]}],"startTime":1785004758758,"endTime":1785004758780,"status":"passed","message":"","name":"C:/Users/dan/Desktop/RESEARCH 1,0/research/Alcubierre drive/casimirbot.com/versions/CasimirBot (9-3-25)/CasimirBot (9-3-25)/CasimirBot/tests/york-time.spec.ts"},{"assertionResults":[{"ancestorTitles":["","Casimir / DP quantum-foam study badges"],"fullName":" Casimir / DP quantum-foam study badges registers the separated study lane in the canonical graph","status":"passed","title":"registers the separated study lane in the canonical graph","duration":42,"failureMessages":[]},{"ancestorTitles":["","Casimir / DP quantum-foam study badges"],"fullName":" Casimir / DP quantum-foam study badges connects Stage-4 polarization, thermal, and congruence controls without inventing a bridge","status":"passed","title":"connects Stage-4 polarization, thermal, and congruence controls without inventing a bridge","duration":2,"failureMessages":[]},{"ancestorTitles":["","Casimir / DP quantum-foam study badges"],"fullName":" Casimir / DP quantum-foam study badges registers Stage-4.1 as a source-backed QED identity calibration and semantic non-bridge","status":"passed","title":"registers Stage-4.1 as a source-backed QED identity calibration and semantic non-bridge","duration":2,"failureMessages":[]},{"ancestorTitles":["","Casimir / DP quantum-foam study badges"],"fullName":" Casimir / DP quantum-foam study badges exposes the Stage-3 evidence map without promoting synthetic or blocked lanes","status":"passed","title":"exposes the Stage-3 evidence map without promoting synthetic or blocked lanes","duration":0,"failureMessages":[]},{"ancestorTitles":["","Casimir / DP quantum-foam study badges"],"fullName":" Casimir / DP quantum-foam study badges registers proposal completeness separately from commissioning and evidence","status":"passed","title":"registers proposal completeness separately from commissioning and evidence","duration":1,"failureMessages":[]},{"ancestorTitles":["","Casimir / DP quantum-foam study badges"],"fullName":" Casimir / DP quantum-foam study badges registers data-readiness numerics without promoting synthetic fixtures","status":"passed","title":"registers data-readiness numerics without promoting synthetic fixtures","duration":0,"failureMessages":[]},{"ancestorTitles":["","Casimir / DP quantum-foam study badges"],"fullName":" Casimir / DP quantum-foam study badges exposes the role-separated campaign as diagnostic design evidence only","status":"passed","title":"exposes the role-separated campaign as diagnostic design evidence only","duration":1,"failureMessages":[]},{"ancestorTitles":["","Casimir / DP quantum-foam study badges"],"fullName":" Casimir / DP quantum-foam study badges registers Stage-1 numerical progress without closing physical evidence gates","status":"passed","title":"registers Stage-1 numerical progress without closing physical evidence gates","duration":0,"failureMessages":[]},{"ancestorTitles":["","Casimir / DP quantum-foam study badges"],"fullName":" Casimir / DP quantum-foam study badges keeps manifold response at Stage 0 and decoherence distinct from objective collapse","status":"passed","title":"keeps manifold response at Stage 0 and decoherence distinct from objective collapse","duration":1,"failureMessages":[]},{"ancestorTitles":["","Casimir / DP quantum-foam study badges"],"fullName":" Casimir / DP quantum-foam study badges records Penrose OR as context without importing Orch OR or phase-of-matter dynamics","status":"passed","title":"records Penrose OR as context without importing Orch OR or phase-of-matter dynamics","duration":1,"failureMessages":[]},{"ancestorTitles":["","Casimir / DP quantum-foam study badges"],"fullName":" Casimir / DP quantum-foam study badges fails closed instead of inventing a Casimir-to-DP observable bridge","status":"passed","title":"fails closed instead of inventing a Casimir-to-DP observable bridge","duration":0,"failureMessages":[]},{"ancestorTitles":["","Casimir / DP quantum-foam study badges"],"fullName":" Casimir / DP quantum-foam study badges keeps Compton, DP, and cavity frequencies separate until a transfer kernel exists","status":"passed","title":"keeps Compton, DP, and cavity frequencies separate until a transfer kernel exists","duration":0,"failureMessages":[]},{"ancestorTitles":["","Casimir / DP quantum-foam study badges"],"fullName":" Casimir / DP quantum-foam study badges is locatable for study, Casimir, DP, and quantum-foam prompts","status":"passed","title":"is locatable for study, Casimir, DP, and quantum-foam prompts","duration":118,"failureMessages":[]}],"startTime":1785004736475,"endTime":1785004736643,"status":"passed","message":"","name":"C:/Users/dan/Desktop/RESEARCH 1,0/research/Alcubierre drive/casimirbot.com/versions/CasimirBot (9-3-25)/CasimirBot (9-3-25)/CasimirBot/shared/theory/__tests__/casimir-dp-study-theory-badges.spec.ts"},{"assertionResults":[{"ancestorTitles":["","TS strict proof-pack rendering"],"fullName":" TS strict proof-pack rendering shows ts strict row in FrontProofsLedger","status":"passed","title":"shows ts strict row in FrontProofsLedger","duration":52,"failureMessages":[]},{"ancestorTitles":["","TS strict proof-pack rendering"],"fullName":" TS strict proof-pack rendering shows ts strict fields in WarpProofPanel CL3 section","status":"passed","title":"shows ts strict fields in WarpProofPanel CL3 section","duration":79,"failureMessages":[]},{"ancestorTitles":["","TS strict proof-pack rendering"],"fullName":" TS strict proof-pack rendering shows NHM2 closure stack rows with diagnostic claim-boundary copy","status":"passed","title":"shows NHM2 closure stack rows with diagnostic claim-boundary copy","duration":227,"failureMessages":[]},{"ancestorTitles":["","TS strict proof-pack rendering"],"fullName":" TS strict proof-pack rendering shows ts strict row in NeedleCavityBubblePanel","status":"passed","title":"shows ts strict row in NeedleCavityBubblePanel","duration":29,"failureMessages":[]}],"startTime":1785004766477,"endTime":1785004766865,"status":"passed","message":"","name":"C:/Users/dan/Desktop/RESEARCH 1,0/research/Alcubierre drive/casimirbot.com/versions/CasimirBot (9-3-25)/CasimirBot (9-3-25)/CasimirBot/client/src/components/__tests__/warp-proof-ts-strict.spec.tsx"},{"assertionResults":[{"ancestorTitles":["","doc equation actions"],"fullName":" doc equation actions normalizes equivalent LaTeX action keys","status":"passed","title":"normalizes equivalent LaTeX action keys","duration":2,"failureMessages":[]},{"ancestorTitles":["","doc equation actions"],"fullName":" doc equation actions keeps NHM2 whitepaper equation-action markers registered in source and generated sidecars","status":"passed","title":"keeps NHM2 whitepaper equation-action markers registered in source and generated sidecars","duration":7,"failureMessages":[]},{"ancestorTitles":["","doc equation actions"],"fullName":" doc equation actions locates NHM2 whitepaper runtime-backed equation entries","status":"passed","title":"locates NHM2 whitepaper runtime-backed equation entries","duration":0,"failureMessages":[]},{"ancestorTitles":["","doc equation actions"],"fullName":" doc equation actions keeps the Casimir-DP study equation markers synchronized with both sidecars","status":"passed","title":"keeps the Casimir-DP study equation markers synchronized with both sidecars","duration":3,"failureMessages":[]},{"ancestorTitles":["","doc equation actions"],"fullName":" doc equation actions opens the Casimir-DP observable-separation theory path from the study","status":"passed","title":"opens the Casimir-DP observable-separation theory path from the study","duration":961,"failureMessages":[]},{"ancestorTitles":["","doc equation actions"],"fullName":" doc equation actions locates the manifold-response and decoherence/collapse gates from their study equations","status":"passed","title":"locates the manifold-response and decoherence/collapse gates from their study equations","duration":2,"failureMessages":[]},{"ancestorTitles":["","doc equation actions"],"fullName":" doc equation actions opens the Compton/DP/cavity separation badge from both frequency equations","status":"passed","title":"opens the Compton/DP/cavity separation badge from both frequency equations","duration":1,"failureMessages":[]},{"ancestorTitles":["","doc equation actions"],"fullName":" doc equation actions opens the Stage-4 polarization, thermal, congruence, and campaign paths","status":"passed","title":"opens the Stage-4 polarization, thermal, congruence, and campaign paths","duration":3,"failureMessages":[]},{"ancestorTitles":["","doc equation actions"],"fullName":" doc equation actions opens the experiment-design badge from the accessible-rate equation","status":"passed","title":"opens the experiment-design badge from the accessible-rate equation","duration":1,"failureMessages":[]},{"ancestorTitles":["","doc equation actions"],"fullName":" doc equation actions opens the Stage-1 gated-computations badge from the Lifshitz integral","status":"passed","title":"opens the Stage-1 gated-computations badge from the Lifshitz integral","duration":0,"failureMessages":[]},{"ancestorTitles":["","doc equation actions"],"fullName":" doc equation actions opens an artifact-backed theory orientation from a whitepaper equation action","status":"passed","title":"opens an artifact-backed theory orientation from a whitepaper equation action","duration":12,"failureMessages":[]},{"ancestorTitles":["","doc equation actions"],"fullName":" doc equation actions emits same-chart full tensor as runtime artifact context without calculator payload overreach","status":"passed","title":"emits same-chart full tensor as runtime artifact context without calculator payload overreach","duration":7,"failureMessages":[]},{"ancestorTitles":["","doc equation actions"],"fullName":" doc equation actions emits wall residual calculator action as scalar replay context","status":"passed","title":"emits wall residual calculator action as scalar replay context","duration":1,"failureMessages":[]},{"ancestorTitles":["","doc equation actions"],"fullName":" doc equation actions emits frozen 447-layer material gate as bounded runtime context without scalar replay","status":"passed","title":"emits frozen 447-layer material gate as bounded runtime context without scalar replay","duration":6,"failureMessages":[]},{"ancestorTitles":["","doc equation actions"],"fullName":" doc equation actions emits 0p7000 campaign frontier as runtime evidence context with claim locks closed","status":"passed","title":"emits 0p7000 campaign frontier as runtime evidence context with claim locks closed","duration":5,"failureMessages":[]}],"startTime":1785004734042,"endTime":1785004735054,"status":"passed","message":"","name":"C:/Users/dan/Desktop/RESEARCH 1,0/research/Alcubierre drive/casimirbot.com/versions/CasimirBot (9-3-25)/CasimirBot (9-3-25)/CasimirBot/client/src/lib/docs/__tests__/docEquationActions.spec.ts"}]}