{"numTotalTestSuites":110,"numPassedTestSuites":110,"numFailedTestSuites":0,"numPendingTestSuites":0,"numTotalTests":509,"numPassedTests":509,"numFailedTests":0,"numPendingTests":0,"numTodoTests":0,"startTime":1785070626303,"success":true,"testResults":[{"assertionResults":[{"ancestorTitles":["","Casimir-DP Stage-4.2B complex residual comparator"],"fullName":" Casimir-DP Stage-4.2B complex residual comparator scores frozen ordinary and DP predictions in one full-covariance space","status":"passed","title":"scores frozen ordinary and DP predictions in one full-covariance space","duration":5,"failureMessages":[]},{"ancestorTitles":["","Casimir-DP Stage-4.2B complex residual comparator"],"fullName":" Casimir-DP Stage-4.2B complex residual comparator fails closed on confirmatory-data leakage","status":"passed","title":"fails closed on confirmatory-data leakage","duration":1,"failureMessages":[]},{"ancestorTitles":["","Casimir-DP Stage-4.2B complex residual comparator"],"fullName":" Casimir-DP Stage-4.2B complex residual comparator requires an explicit pilot partition before held-out scoring","status":"passed","title":"requires an explicit pilot partition before held-out scoring","duration":1,"failureMessages":[]},{"ancestorTitles":["","Casimir-DP Stage-4.2B complex residual comparator"],"fullName":" Casimir-DP Stage-4.2B complex residual comparator returns not_identifiable for singular covariance","status":"passed","title":"returns not_identifiable for singular covariance","duration":0,"failureMessages":[]},{"ancestorTitles":["","Casimir-DP Stage-4.2B complex residual comparator"],"fullName":" Casimir-DP Stage-4.2B complex residual comparator blocks an uncovered low-visibility Gaussian score","status":"passed","title":"blocks an uncovered low-visibility Gaussian score","duration":1,"failureMessages":[]},{"ancestorTitles":["","Casimir-DP Stage-4.2B complex residual comparator"],"fullName":" Casimir-DP Stage-4.2B complex residual comparator enforces the registered conditional DP boundary identity","status":"passed","title":"enforces the registered conditional DP boundary identity","duration":1,"failureMessages":[]},{"ancestorTitles":["","Casimir-DP Stage-4.2B complex residual comparator"],"fullName":" Casimir-DP Stage-4.2B complex residual comparator uses an actual raw-complex likelihood when selected","status":"passed","title":"uses an actual raw-complex likelihood when selected","duration":1,"failureMessages":[]},{"ancestorTitles":["","Casimir-DP Stage-4.2B complex residual comparator"],"fullName":" Casimir-DP Stage-4.2B complex residual comparator keeps scale-relative covariance checks valid for very small variances","status":"passed","title":"keeps scale-relative covariance checks valid for very small variances","duration":0,"failureMessages":[]},{"ancestorTitles":["","Casimir-DP Stage-4.2B complex residual comparator"],"fullName":" Casimir-DP Stage-4.2B complex residual comparator rejects boundary rows that do not share the same frozen state receipt","status":"passed","title":"rejects boundary rows that do not share the same frozen state receipt","duration":1,"failureMessages":[]}],"startTime":1785070826745,"endTime":1785070826756,"status":"passed","message":"","name":"C:/Users/dan/Desktop/RESEARCH 1,0/research/Alcubierre drive/casimirbot.com/versions/CasimirBot (9-3-25)/CasimirBot (9-3-25)/CasimirBot/tests/casimir-dp-apparatus-coherence-residual-stage4-2b.spec.ts"},{"assertionResults":[{"ancestorTitles":["","Casimir-DP Stage-4.2B signature identifiability and power"],"fullName":" Casimir-DP Stage-4.2B signature identifiability and power returns a fail-closed current-apparatus no-go without conflating it with DP exclusion","status":"passed","title":"returns a fail-closed current-apparatus no-go without conflating it with DP exclusion","duration":6,"failureMessages":[]},{"ancestorTitles":["","Casimir-DP Stage-4.2B signature identifiability and power"],"fullName":" Casimir-DP Stage-4.2B signature identifiability and power fails identifiability when two signatures are collinear","status":"passed","title":"fails identifiability when two signatures are collinear","duration":1,"failureMessages":[]},{"ancestorTitles":["","Casimir-DP Stage-4.2B signature identifiability and power"],"fullName":" Casimir-DP Stage-4.2B signature identifiability and power keeps a powered forecast distinct from named-DP support prerequisites","status":"passed","title":"keeps a powered forecast distinct from named-DP support prerequisites","duration":1,"failureMessages":[]},{"ancestorTitles":["","Casimir-DP Stage-4.2B signature identifiability and power"],"fullName":" Casimir-DP Stage-4.2B signature identifiability and power profiles the DP signature against all nuisance columns","status":"passed","title":"profiles the DP signature against all nuisance columns","duration":1,"failureMessages":[]},{"ancestorTitles":["","Casimir-DP Stage-4.2B signature identifiability and power"],"fullName":" Casimir-DP Stage-4.2B signature identifiability and power requires coverage simulation when the asymptotic power model is invalid","status":"passed","title":"requires coverage simulation when the asymptotic power model is invalid","duration":1,"failureMessages":[]},{"ancestorTitles":["","Casimir-DP Stage-4.2B signature identifiability and power"],"fullName":" Casimir-DP Stage-4.2B signature identifiability and power never calls an externally disfavored region powered or null-excludable","status":"passed","title":"never calls an externally disfavored region powered or null-excludable","duration":0,"failureMessages":[]},{"ancestorTitles":["","Casimir-DP Stage-4.2B signature identifiability and power"],"fullName":" Casimir-DP Stage-4.2B signature identifiability and power fails dimension mismatches without emitting non-finite report values","status":"passed","title":"fails dimension mismatches without emitting non-finite report values","duration":1,"failureMessages":[]}],"startTime":1785070828273,"endTime":1785070828284,"status":"passed","message":"","name":"C:/Users/dan/Desktop/RESEARCH 1,0/research/Alcubierre drive/casimirbot.com/versions/CasimirBot (9-3-25)/CasimirBot (9-3-25)/CasimirBot/tests/casimir-dp-apparatus-identifiability-stage4-2b.spec.ts"},{"assertionResults":[{"ancestorTitles":["","Casimir-DP Stage-4.2B Runtime C"],"fullName":" Casimir-DP Stage-4.2B Runtime C separates sensor self-noise and propagates the full residual covariance","status":"passed","title":"separates sensor self-noise and propagates the full residual covariance","duration":7,"failureMessages":[]},{"ancestorTitles":["","Casimir-DP Stage-4.2B Runtime C"],"fullName":" Casimir-DP Stage-4.2B Runtime C fails closed when a non-Hermitian observed spectrum cannot be physical","status":"passed","title":"fails closed when a non-Hermitian observed spectrum cannot be physical","duration":2,"failureMessages":[]},{"ancestorTitles":["","Casimir-DP Stage-4.2B Runtime C"],"fullName":" Casimir-DP Stage-4.2B Runtime C rejects a Hermitian but non-PSD sensor self-noise spectrum","status":"passed","title":"rejects a Hermitian but non-PSD sensor self-noise spectrum","duration":1,"failureMessages":[]},{"ancestorTitles":["","Casimir-DP Stage-4.2B Runtime C"],"fullName":" Casimir-DP Stage-4.2B Runtime C preserves spectral row identity when a middle response is singular","status":"passed","title":"preserves spectral row identity when a middle response is singular","duration":2,"failureMessages":[]},{"ancestorTitles":["","Casimir-DP Stage-4.2B Runtime C"],"fullName":" Casimir-DP Stage-4.2B Runtime C rejects mean Casimir pressure as a noise spectrum","status":"passed","title":"rejects mean Casimir pressure as a noise spectrum","duration":2,"failureMessages":[]},{"ancestorTitles":["","Casimir-DP Stage-4.2B Runtime C"],"fullName":" Casimir-DP Stage-4.2B Runtime C returns not_identifiable for a singular scored covariance","status":"passed","title":"returns not_identifiable for a singular scored covariance","duration":1,"failureMessages":[]},{"ancestorTitles":["","Casimir-DP Stage-4.2B Runtime C"],"fullName":" Casimir-DP Stage-4.2B Runtime C does not allow confirmatory-trained jitter to rescue singular covariance","status":"passed","title":"does not allow confirmatory-trained jitter to rescue singular covariance","duration":1,"failureMessages":[]},{"ancestorTitles":["","Casimir-DP Stage-4.2B Runtime C"],"fullName":" Casimir-DP Stage-4.2B Runtime C requires Sigma_xy and Sigma_yx to be explicit transpose pairs","status":"passed","title":"requires Sigma_xy and Sigma_yx to be explicit transpose pairs","duration":1,"failureMessages":[]}],"startTime":1785070821860,"endTime":1785070821877,"status":"passed","message":"","name":"C:/Users/dan/Desktop/RESEARCH 1,0/research/Alcubierre drive/casimirbot.com/versions/CasimirBot (9-3-25)/CasimirBot (9-3-25)/CasimirBot/tests/casimir-dp-apparatus-response-covariance-stage4-2b.spec.ts"},{"assertionResults":[{"ancestorTitles":["","Casimir-DP Stage-4.2B apparatus scale transport"],"fullName":" Casimir-DP Stage-4.2B apparatus scale transport passes a composition-aware synthetic ledger without promoting evidence","status":"passed","title":"passes a composition-aware synthetic ledger without promoting evidence","duration":6,"failureMessages":[]},{"ancestorTitles":["","Casimir-DP Stage-4.2B apparatus scale transport"],"fullName":" Casimir-DP Stage-4.2B apparatus scale transport separates exact identity, numerical recovery, and experimental mismatch","status":"passed","title":"separates exact identity, numerical recovery, and experimental mismatch","duration":1,"failureMessages":[]},{"ancestorTitles":["","Casimir-DP Stage-4.2B apparatus scale transport"],"fullName":" Casimir-DP Stage-4.2B apparatus scale transport rejects electron-only and selected-QCD-term bulk-mass reconstruction","status":"passed","title":"rejects electron-only and selected-QCD-term bulk-mass reconstruction","duration":2,"failureMessages":[]},{"ancestorTitles":["","Casimir-DP Stage-4.2B apparatus scale transport"],"fullName":" Casimir-DP Stage-4.2B apparatus scale transport fails closed on authority and artifact hash mismatches","status":"passed","title":"fails closed on authority and artifact hash mismatches","duration":1,"failureMessages":[]},{"ancestorTitles":["","Casimir-DP Stage-4.2B apparatus scale transport"],"fullName":" Casimir-DP Stage-4.2B apparatus scale transport rejects simulation-only density while keeping preparation class explicit","status":"passed","title":"rejects simulation-only density while keeping preparation class explicit","duration":0,"failureMessages":[]},{"ancestorTitles":["","Casimir-DP Stage-4.2B apparatus scale transport"],"fullName":" Casimir-DP Stage-4.2B apparatus scale transport checks composition closure, branch mass, swap, and hidden object mutation independently","status":"passed","title":"checks composition closure, branch mass, swap, and hidden object mutation independently","duration":1,"failureMessages":[]},{"ancestorTitles":["","Casimir-DP Stage-4.2B apparatus scale transport"],"fullName":" Casimir-DP Stage-4.2B apparatus scale transport uses an absolute-plus-relative null tolerance derived from convergence error","status":"passed","title":"uses an absolute-plus-relative null tolerance derived from convergence error","duration":1,"failureMessages":[]},{"ancestorTitles":["","Casimir-DP Stage-4.2B apparatus scale transport"],"fullName":" Casimir-DP Stage-4.2B apparatus scale transport fails the sensitivity allocation even when numerical equivalence tolerance passes","status":"passed","title":"fails the sensitivity allocation even when numerical equivalence tolerance passes","duration":0,"failureMessages":[]},{"ancestorTitles":["","Casimir-DP Stage-4.2B apparatus scale transport"],"fullName":" Casimir-DP Stage-4.2B apparatus scale transport fails incorrect unit constants and shared ancestry treated as independent","status":"passed","title":"fails incorrect unit constants and shared ancestry treated as independent","duration":1,"failureMessages":[]},{"ancestorTitles":["","Casimir-DP Stage-4.2B apparatus scale transport"],"fullName":" Casimir-DP Stage-4.2B apparatus scale transport keeps failure ordering stable and report values JSON-safe on incomparable grids","status":"passed","title":"keeps failure ordering stable and report values JSON-safe on incomparable grids","duration":0,"failureMessages":[]},{"ancestorTitles":["","Casimir-DP Stage-4.2B apparatus scale transport"],"fullName":" Casimir-DP Stage-4.2B apparatus scale transport uses strict schemas for unregistered shortcuts","status":"passed","title":"uses strict schemas for unregistered shortcuts","duration":1,"failureMessages":[]}],"startTime":1785070815184,"endTime":1785070815198,"status":"passed","message":"","name":"C:/Users/dan/Desktop/RESEARCH 1,0/research/Alcubierre drive/casimirbot.com/versions/CasimirBot (9-3-25)/CasimirBot (9-3-25)/CasimirBot/tests/casimir-dp-apparatus-scale-transport-stage4-2b.spec.ts"},{"assertionResults":[{"ancestorTitles":["","Casimir-DP Stage-4.2B spectral thermometry"],"fullName":" Casimir-DP Stage-4.2B spectral thermometry recovers response-corrected particle and boundary temperatures","status":"passed","title":"recovers response-corrected particle and boundary temperatures","duration":10,"failureMessages":[]},{"ancestorTitles":["","Casimir-DP Stage-4.2B spectral thermometry"],"fullName":" Casimir-DP Stage-4.2B spectral thermometry retains forecast-only scientific claim boundaries after a synthetic pass","status":"passed","title":"retains forecast-only scientific claim boundaries after a synthetic pass","duration":4,"failureMessages":[]},{"ancestorTitles":["","Casimir-DP Stage-4.2B spectral thermometry"],"fullName":" Casimir-DP Stage-4.2B spectral thermometry rejects any solar-temperature shortcut before schema parsing","status":"passed","title":"rejects any solar-temperature shortcut before schema parsing","duration":1,"failureMessages":[]},{"ancestorTitles":["","Casimir-DP Stage-4.2B spectral thermometry"],"fullName":" Casimir-DP Stage-4.2B spectral thermometry forbids confirmatory fitting and incomplete spectral freeze","status":"passed","title":"forbids confirmatory fitting and incomplete spectral freeze","duration":3,"failureMessages":[]},{"ancestorTitles":["","Casimir-DP Stage-4.2B spectral thermometry"],"fullName":" Casimir-DP Stage-4.2B spectral thermometry fails hash integrity and non-PSD covariance without rescuing the fit","status":"passed","title":"fails hash integrity and non-PSD covariance without rescuing the fit","duration":2,"failureMessages":[]},{"ancestorTitles":["","Casimir-DP Stage-4.2B spectral thermometry"],"fullName":" Casimir-DP Stage-4.2B spectral thermometry accepts PSD covariance structurally but returns temperature_not_identifiable when singular","status":"passed","title":"accepts PSD covariance structurally but returns temperature_not_identifiable when singular","duration":1,"failureMessages":[]},{"ancestorTitles":["","Casimir-DP Stage-4.2B spectral thermometry"],"fullName":" Casimir-DP Stage-4.2B spectral thermometry requires a spectrally resolved non-blackbody nanoparticle response","status":"passed","title":"requires a spectrally resolved non-blackbody nanoparticle response","duration":2,"failureMessages":[]},{"ancestorTitles":["","Casimir-DP Stage-4.2B spectral thermometry"],"fullName":" Casimir-DP Stage-4.2B spectral thermometry requires LTE validity or a registered non-equilibrium model","status":"passed","title":"requires LTE validity or a registered non-equilibrium model","duration":3,"failureMessages":[]},{"ancestorTitles":["","Casimir-DP Stage-4.2B spectral thermometry"],"fullName":" Casimir-DP Stage-4.2B spectral thermometry gates temperature-sensitive coverage, signal background, and Fisher information independently","status":"passed","title":"gates temperature-sensitive coverage, signal background, and Fisher information independently","duration":1,"failureMessages":[]},{"ancestorTitles":["","Casimir-DP Stage-4.2B spectral thermometry"],"fullName":" Casimir-DP Stage-4.2B spectral thermometry requires boundary-inclusive response or a demonstrated free-space recovery","status":"passed","title":"requires boundary-inclusive response or a demonstrated free-space recovery","duration":1,"failureMessages":[]},{"ancestorTitles":["","Casimir-DP Stage-4.2B spectral thermometry"],"fullName":" Casimir-DP Stage-4.2B spectral thermometry rejects far/near double counting while retaining both physical lanes","status":"passed","title":"rejects far/near double counting while retaining both physical lanes","duration":2,"failureMessages":[]},{"ancestorTitles":["","Casimir-DP Stage-4.2B spectral thermometry"],"fullName":" Casimir-DP Stage-4.2B spectral thermometry keeps photon processes in jump kernels unless a pilot diffusion limit is validated","status":"passed","title":"keeps photon processes in jump kernels unless a pilot diffusion limit is validated","duration":1,"failureMessages":[]},{"ancestorTitles":["","Casimir-DP Stage-4.2B spectral thermometry"],"fullName":" Casimir-DP Stage-4.2B spectral thermometry propagates correlated full covariance in detector-bin order","status":"passed","title":"propagates correlated full covariance in detector-bin order","duration":2,"failureMessages":[]},{"ancestorTitles":["","Casimir-DP Stage-4.2B spectral thermometry"],"fullName":" Casimir-DP Stage-4.2B spectral thermometry excludes a frozen masked source bin from both thermometry and thermal rates","status":"passed","title":"excludes a frozen masked source bin from both thermometry and thermal rates","duration":2,"failureMessages":[]},{"ancestorTitles":["","Casimir-DP Stage-4.2B spectral thermometry"],"fullName":" Casimir-DP Stage-4.2B spectral thermometry uses stable failure ordering and a strict top-level schema","status":"passed","title":"uses stable failure ordering and a strict top-level schema","duration":2,"failureMessages":[]},{"ancestorTitles":["","Casimir-DP Stage-4.2B spectral thermometry"],"fullName":" Casimir-DP Stage-4.2B spectral thermometry fails closed when the ideal Planck-moment recovery tolerance is not met","status":"passed","title":"fails closed when the ideal Planck-moment recovery tolerance is not met","duration":1,"failureMessages":[]}],"startTime":1785070806481,"endTime":1785070806520,"status":"passed","message":"","name":"C:/Users/dan/Desktop/RESEARCH 1,0/research/Alcubierre drive/casimirbot.com/versions/CasimirBot (9-3-25)/CasimirBot (9-3-25)/CasimirBot/tests/casimir-dp-apparatus-spectral-thermometry-stage4-2b.spec.ts"},{"assertionResults":[{"ancestorTitles":["","Casimir-DP Stage-3 complex-coherence runtime"],"fullName":" Casimir-DP Stage-3 complex-coherence runtime recovers injected visibility, phase, and covariance from four quadratures","status":"passed","title":"recovers injected visibility, phase, and covariance from four quadratures","duration":4,"failureMessages":[]},{"ancestorTitles":["","Casimir-DP Stage-3 complex-coherence runtime"],"fullName":" Casimir-DP Stage-3 complex-coherence runtime shows phase drift lowering raw visibility and independent conditioning restoring it","status":"passed","title":"shows phase drift lowering raw visibility and independent conditioning restoring it","duration":2,"failureMessages":[]},{"ancestorTitles":["","Casimir-DP Stage-3 complex-coherence runtime"],"fullName":" Casimir-DP Stage-3 complex-coherence runtime uses path swap as a phase-sign discriminator without inventing visibility loss","status":"passed","title":"uses path swap as a phase-sign discriminator without inventing visibility loss","duration":3,"failureMessages":[]},{"ancestorTitles":["","Casimir-DP Stage-3 complex-coherence runtime"],"fullName":" Casimir-DP Stage-3 complex-coherence runtime separates echo-recoverable quasistatic loss from unrecovered loss","status":"passed","title":"separates echo-recoverable quasistatic loss from unrecovered loss","duration":2,"failureMessages":[]},{"ancestorTitles":["","Casimir-DP Stage-3 complex-coherence runtime"],"fullName":" Casimir-DP Stage-3 complex-coherence runtime distinguishes exponential and Gaussian decay only on an identifiable time grid","status":"passed","title":"distinguishes exponential and Gaussian decay only on an identifiable time grid","duration":1,"failureMessages":[]},{"ancestorTitles":["","Casimir-DP Stage-3 complex-coherence runtime"],"fullName":" Casimir-DP Stage-3 complex-coherence runtime fits decay models without using the registered held-out cell","status":"passed","title":"fits decay models without using the registered held-out cell","duration":2,"failureMessages":[]},{"ancestorTitles":["","Casimir-DP Stage-3 complex-coherence runtime"],"fullName":" Casimir-DP Stage-3 complex-coherence runtime fails closed on incomplete quadratures and one-time-point data","status":"passed","title":"fails closed on incomplete quadratures and one-time-point data","duration":0,"failureMessages":[]},{"ancestorTitles":["","Casimir-DP Stage-3 complex-coherence runtime"],"fullName":" Casimir-DP Stage-3 complex-coherence runtime never promotes its structurally valid synthetic fixture to measured evidence","status":"passed","title":"never promotes its structurally valid synthetic fixture to measured evidence","duration":1,"failureMessages":[]},{"ancestorTitles":["","Casimir-DP Stage-3 complex-coherence runtime"],"fullName":" Casimir-DP Stage-3 complex-coherence runtime rejects held-out phase-correction leakage","status":"passed","title":"rejects held-out phase-correction leakage","duration":0,"failureMessages":[]}],"startTime":1785070823004,"endTime":1785070823019,"status":"passed","message":"","name":"C:/Users/dan/Desktop/RESEARCH 1,0/research/Alcubierre drive/casimirbot.com/versions/CasimirBot (9-3-25)/CasimirBot (9-3-25)/CasimirBot/tests/casimir-dp-complex-coherence.spec.ts"},{"assertionResults":[{"ancestorTitles":["","Casimir-DP data-readiness campaign"],"fullName":" Casimir-DP data-readiness campaign keeps the preregistered order and claim gates fail-closed","status":"passed","title":"keeps the preregistered order and claim gates fail-closed","duration":53,"failureMessages":[]},{"ancestorTitles":["","Casimir-DP data-readiness campaign"],"fullName":" Casimir-DP data-readiness campaign rejects a non-positive-semidefinite covariance matrix","status":"passed","title":"rejects a non-positive-semidefinite covariance matrix","duration":0,"failureMessages":[]},{"ancestorTitles":["","Casimir-DP data-readiness campaign"],"fullName":" Casimir-DP data-readiness campaign requires more paired windows for a smaller correlation","status":"passed","title":"requires more paired windows for a smaller correlation","duration":1,"failureMessages":[]}],"startTime":1785070842791,"endTime":1785070842845,"status":"passed","message":"","name":"C:/Users/dan/Desktop/RESEARCH 1,0/research/Alcubierre drive/casimirbot.com/versions/CasimirBot (9-3-25)/CasimirBot (9-3-25)/CasimirBot/tests/casimir-dp-data-readiness.spec.ts"},{"assertionResults":[{"ancestorTitles":["","Casimir-DP Stage-3 regularized dynamical-DP companion runtime"],"fullName":" Casimir-DP Stage-3 regularized dynamical-DP companion runtime replays the frozen named model and independently cross-checks E_G","status":"passed","title":"replays the frozen named model and independently cross-checks E_G","duration":6,"failureMessages":[]},{"ancestorTitles":["","Casimir-DP Stage-3 regularized dynamical-DP companion runtime"],"fullName":" Casimir-DP Stage-3 regularized dynamical-DP companion runtime has the required zero-mass and zero-separation limits","status":"passed","title":"has the required zero-mass and zero-separation limits","duration":1,"failureMessages":[]},{"ancestorTitles":["","Casimir-DP Stage-3 regularized dynamical-DP companion runtime"],"fullName":" Casimir-DP Stage-3 regularized dynamical-DP companion runtime approaches the registered Gaussian large-separation saturation","status":"passed","title":"approaches the registered Gaussian large-separation saturation","duration":1,"failureMessages":[]},{"ancestorTitles":["","Casimir-DP Stage-3 regularized dynamical-DP companion runtime"],"fullName":" Casimir-DP Stage-3 regularized dynamical-DP companion runtime keeps numerical softening separate from the physical DP cutoff","status":"passed","title":"keeps numerical softening separate from the physical DP cutoff","duration":3,"failureMessages":[]},{"ancestorTitles":["","Casimir-DP Stage-3 regularized dynamical-DP companion runtime"],"fullName":" Casimir-DP Stage-3 regularized dynamical-DP companion runtime uses the same immutable parameter hash for every companion channel","status":"passed","title":"uses the same immutable parameter hash for every companion channel","duration":2,"failureMessages":[]},{"ancestorTitles":["","Casimir-DP Stage-3 regularized dynamical-DP companion runtime"],"fullName":" Casimir-DP Stage-3 regularized dynamical-DP companion runtime enforces the fixed-delta-rho boundary null without inventing a bridge","status":"passed","title":"enforces the fixed-delta-rho boundary null without inventing a bridge","duration":2,"failureMessages":[]},{"ancestorTitles":["","Casimir-DP Stage-3 regularized dynamical-DP companion runtime"],"fullName":" Casimir-DP Stage-3 regularized dynamical-DP companion runtime exercises a companion-bound exclusion without promoting synthetic evidence","status":"passed","title":"exercises a companion-bound exclusion without promoting synthetic evidence","duration":1,"failureMessages":[]},{"ancestorTitles":["","Casimir-DP Stage-3 regularized dynamical-DP companion runtime"],"fullName":" Casimir-DP Stage-3 regularized dynamical-DP companion runtime blocks radiation when the apparatus mapping is absent","status":"passed","title":"blocks radiation when the apparatus mapping is absent","duration":1,"failureMessages":[]},{"ancestorTitles":["","Casimir-DP Stage-3 regularized dynamical-DP companion runtime"],"fullName":" Casimir-DP Stage-3 regularized dynamical-DP companion runtime preserves source-backed mass scaling and nonnegative diffusion","status":"passed","title":"preserves source-backed mass scaling and nonnegative diffusion","duration":1,"failureMessages":[]},{"ancestorTitles":["","Casimir-DP Stage-3 regularized dynamical-DP companion runtime"],"fullName":" Casimir-DP Stage-3 regularized dynamical-DP companion runtime evaluates an off-grid campaign point without mutating the frozen manifest","status":"passed","title":"evaluates an off-grid campaign point without mutating the frozen manifest","duration":1,"failureMessages":[]},{"ancestorTitles":["","Casimir-DP Stage-3 regularized dynamical-DP companion runtime"],"fullName":" Casimir-DP Stage-3 regularized dynamical-DP companion runtime rejects non-finite physical and scan parameters before evaluation","status":"passed","title":"rejects non-finite physical and scan parameters before evaluation","duration":1,"failureMessages":[]}],"startTime":1785070826244,"endTime":1785070826264,"status":"passed","message":"","name":"C:/Users/dan/Desktop/RESEARCH 1,0/research/Alcubierre drive/casimirbot.com/versions/CasimirBot (9-3-25)/CasimirBot (9-3-25)/CasimirBot/tests/casimir-dp-dp-companion.spec.ts"},{"assertionResults":[{"ancestorTitles":["","Casimir-DP Stage-4.2B Runtime D"],"fullName":" Casimir-DP Stage-4.2B Runtime D builds a frozen named-DP forecast while keeping Plummer diagnostics separate","status":"passed","title":"builds a frozen named-DP forecast while keeping Plummer diagnostics separate","duration":138,"failureMessages":[]},{"ancestorTitles":["","Casimir-DP Stage-4.2B Runtime D"],"fullName":" Casimir-DP Stage-4.2B Runtime D evaluates branch-ledger campaign coordinates beyond the frozen scan grid","status":"passed","title":"evaluates branch-ledger campaign coordinates beyond the frozen scan grid","duration":44,"failureMessages":[]},{"ancestorTitles":["","Casimir-DP Stage-4.2B Runtime D"],"fullName":" Casimir-DP Stage-4.2B Runtime D blocks post-hoc cutoff or amplitude retuning","status":"passed","title":"blocks post-hoc cutoff or amplitude retuning","duration":40,"failureMessages":[]},{"ancestorTitles":["","Casimir-DP Stage-4.2B Runtime D"],"fullName":" Casimir-DP Stage-4.2B Runtime D keeps experimental equivalence uncertainty separate from the analytic identity","status":"passed","title":"keeps experimental equivalence uncertainty separate from the analytic identity","duration":40,"failureMessages":[]},{"ancestorTitles":["","Casimir-DP Stage-4.2B Runtime D"],"fullName":" Casimir-DP Stage-4.2B Runtime D does not apply the numerical boundary null when delta-rho receipts differ","status":"passed","title":"does not apply the numerical boundary null when delta-rho receipts differ","duration":41,"failureMessages":[]},{"ancestorTitles":["","Casimir-DP Stage-4.2B Runtime D"],"fullName":" Casimir-DP Stage-4.2B Runtime D does not promote assumed or simulated preparation to experimental equivalence","status":"passed","title":"does not promote assumed or simulated preparation to experimental equivalence","duration":42,"failureMessages":[]},{"ancestorTitles":["","Casimir-DP Stage-4.2B Runtime D"],"fullName":" Casimir-DP Stage-4.2B Runtime D keeps an incompletely mapped external bound contextual","status":"passed","title":"keeps an incompletely mapped external bound contextual","duration":40,"failureMessages":[]},{"ancestorTitles":["","Casimir-DP Stage-4.2B Runtime D"],"fullName":" Casimir-DP Stage-4.2B Runtime D limits an unpowered companion to compatibility or exclusion","status":"passed","title":"limits an unpowered companion to compatibility or exclusion","duration":42,"failureMessages":[]}],"startTime":1785070818495,"endTime":1785070818923,"status":"passed","message":"","name":"C:/Users/dan/Desktop/RESEARCH 1,0/research/Alcubierre drive/casimirbot.com/versions/CasimirBot (9-3-25)/CasimirBot (9-3-25)/CasimirBot/tests/casimir-dp-dp-scaling-forecast-stage4-2b.spec.ts"},{"assertionResults":[{"ancestorTitles":["","Casimir-DP electron-mass/Higgs anchor Stage-4.2A"],"fullName":" Casimir-DP electron-mass/Higgs anchor Stage-4.2A replays the corrected Penning result with its explicit observational equation","status":"passed","title":"replays the corrected Penning result with its explicit observational equation","duration":9,"failureMessages":[]},{"ancestorTitles":["","Casimir-DP electron-mass/Higgs anchor Stage-4.2A"],"fullName":" Casimir-DP electron-mass/Higgs anchor Stage-4.2A keeps the CODATA unit views correlated and the Higgs map tree-level only","status":"passed","title":"keeps the CODATA unit views correlated and the Higgs map tree-level only","duration":3,"failureMessages":[]},{"ancestorTitles":["","Casimir-DP electron-mass/Higgs anchor Stage-4.2A"],"fullName":" Casimir-DP electron-mass/Higgs anchor Stage-4.2A keeps CMS upper-bound-only and exits the theory domain at formal zero v_F","status":"passed","title":"keeps CMS upper-bound-only and exits the theory domain at formal zero v_F","duration":2,"failureMessages":[]},{"ancestorTitles":["","Casimir-DP electron-mass/Higgs anchor Stage-4.2A"],"fullName":" Casimir-DP electron-mass/Higgs anchor Stage-4.2A passes diagnostic closures while leaving scientific identification unpromoted","status":"passed","title":"passes diagnostic closures while leaving scientific identification unpromoted","duration":2,"failureMessages":[]},{"ancestorTitles":["","Casimir-DP electron-mass/Higgs anchor Stage-4.2A"],"fullName":" Casimir-DP electron-mass/Higgs anchor Stage-4.2A fails in a stable order when multiple source-backed semantics are altered","status":"passed","title":"fails in a stable order when multiple source-backed semantics are altered","duration":1,"failureMessages":[]},{"ancestorTitles":["","Casimir-DP electron-mass/Higgs anchor Stage-4.2A"],"fullName":" Casimir-DP electron-mass/Higgs anchor Stage-4.2A blocks a running Yukawa claim when precision matching is incomplete","status":"passed","title":"blocks a running Yukawa claim when precision matching is incomplete","duration":1,"failureMessages":[]},{"ancestorTitles":["","Casimir-DP electron-mass/Higgs anchor Stage-4.2A"],"fullName":" Casimir-DP electron-mass/Higgs anchor Stage-4.2A rejects forbidden cross-mechanism input key casimir_gap_m before parsing","status":"passed","title":"rejects forbidden cross-mechanism input key casimir_gap_m before parsing","duration":1,"failureMessages":[]},{"ancestorTitles":["","Casimir-DP electron-mass/Higgs anchor Stage-4.2A"],"fullName":" Casimir-DP electron-mass/Higgs anchor Stage-4.2A rejects forbidden cross-mechanism input key dp_rate_s before parsing","status":"passed","title":"rejects forbidden cross-mechanism input key dp_rate_s before parsing","duration":1,"failureMessages":[]},{"ancestorTitles":["","Casimir-DP electron-mass/Higgs anchor Stage-4.2A"],"fullName":" Casimir-DP electron-mass/Higgs anchor Stage-4.2A rejects forbidden cross-mechanism input key manifold_metric before parsing","status":"passed","title":"rejects forbidden cross-mechanism input key manifold_metric before parsing","duration":1,"failureMessages":[]},{"ancestorTitles":["","Casimir-DP electron-mass/Higgs anchor Stage-4.2A"],"fullName":" Casimir-DP electron-mass/Higgs anchor Stage-4.2A rejects forbidden cross-mechanism input key collapse_clock_s before parsing","status":"passed","title":"rejects forbidden cross-mechanism input key collapse_clock_s before parsing","duration":1,"failureMessages":[]},{"ancestorTitles":["","Casimir-DP electron-mass/Higgs anchor Stage-4.2A"],"fullName":" Casimir-DP electron-mass/Higgs anchor Stage-4.2A rejects forbidden cross-mechanism input key transfer_kernel_id before parsing","status":"passed","title":"rejects forbidden cross-mechanism input key transfer_kernel_id before parsing","duration":0,"failureMessages":[]},{"ancestorTitles":["","Casimir-DP electron-mass/Higgs anchor Stage-4.2A"],"fullName":" Casimir-DP electron-mass/Higgs anchor Stage-4.2A rejects forbidden cross-mechanism input key polarization_state before parsing","status":"passed","title":"rejects forbidden cross-mechanism input key polarization_state before parsing","duration":1,"failureMessages":[]},{"ancestorTitles":["","Casimir-DP electron-mass/Higgs anchor Stage-4.2A"],"fullName":" Casimir-DP electron-mass/Higgs anchor Stage-4.2A rejects forbidden cross-mechanism input key resonance_frequency_Hz before parsing","status":"passed","title":"rejects forbidden cross-mechanism input key resonance_frequency_Hz before parsing","duration":1,"failureMessages":[]},{"ancestorTitles":["","Casimir-DP electron-mass/Higgs anchor Stage-4.2A"],"fullName":" Casimir-DP electron-mass/Higgs anchor Stage-4.2A uses a strict schema for nonregistered fields as well","status":"passed","title":"uses a strict schema for nonregistered fields as well","duration":1,"failureMessages":[]}],"startTime":1785070820027,"endTime":1785070820052,"status":"passed","message":"","name":"C:/Users/dan/Desktop/RESEARCH 1,0/research/Alcubierre drive/casimirbot.com/versions/CasimirBot (9-3-25)/CasimirBot (9-3-25)/CasimirBot/tests/casimir-dp-electron-mass-higgs-anchor-stage4-2a.spec.ts"},{"assertionResults":[{"ancestorTitles":["","Casimir-DP Stage-3 evidence-map campaign"],"fullName":" Casimir-DP Stage-3 evidence-map campaign freezes the composite null, nested hypotheses, and revised order","status":"passed","title":"freezes the composite null, nested hypotheses, and revised order","duration":7,"failureMessages":[]},{"ancestorTitles":["","Casimir-DP Stage-3 evidence-map campaign"],"fullName":" Casimir-DP Stage-3 evidence-map campaign runs all six synthetic lanes without promoting measured physics","status":"passed","title":"runs all six synthetic lanes without promoting measured physics","duration":27,"failureMessages":[]},{"ancestorTitles":["","Casimir-DP Stage-3 evidence-map campaign"],"fullName":" Casimir-DP Stage-3 evidence-map campaign registers the bridge schema without pretending it was compared or validated","status":"passed","title":"registers the bridge schema without pretending it was compared or validated","duration":13,"failureMessages":[]},{"ancestorTitles":["","Casimir-DP Stage-3 evidence-map campaign"],"fullName":" Casimir-DP Stage-3 evidence-map campaign keeps outcome-map claims and rendered wording synchronized","status":"passed","title":"keeps outcome-map claims and rendered wording synchronized","duration":10,"failureMessages":[]},{"ancestorTitles":["","Casimir-DP Stage-3 evidence-map campaign"],"fullName":" Casimir-DP Stage-3 evidence-map campaign fails closed before computation when a fixture hash is altered","status":"passed","title":"fails closed before computation when a fixture hash is altered","duration":6,"failureMessages":[]}],"startTime":1785070829333,"endTime":1785070829396,"status":"passed","message":"","name":"C:/Users/dan/Desktop/RESEARCH 1,0/research/Alcubierre drive/casimirbot.com/versions/CasimirBot (9-3-25)/CasimirBot (9-3-25)/CasimirBot/tests/casimir-dp-evidence-map-stage3.spec.ts"},{"assertionResults":[{"ancestorTitles":["","Casimir-DP experiment design campaign"],"fullName":" Casimir-DP experiment design campaign freezes the evidence-gated run order and candidate set","status":"passed","title":"freezes the evidence-gated run order and candidate set","duration":3,"failureMessages":[]},{"ancestorTitles":["","Casimir-DP experiment design campaign"],"fullName":" Casimir-DP experiment design campaign computes reference, coherence, and DP diagnostics without promoting a candidate","status":"passed","title":"computes reference, coherence, and DP diagnostics without promoting a candidate","duration":69,"failureMessages":[]},{"ancestorTitles":["","Casimir-DP experiment design campaign"],"fullName":" Casimir-DP experiment design campaign renders claim boundaries and open campaign gates into the report","status":"passed","title":"renders claim boundaries and open campaign gates into the report","duration":40,"failureMessages":[]}],"startTime":1785070844131,"endTime":1785070844243,"status":"passed","message":"","name":"C:/Users/dan/Desktop/RESEARCH 1,0/research/Alcubierre drive/casimirbot.com/versions/CasimirBot (9-3-25)/CasimirBot (9-3-25)/CasimirBot/tests/casimir-dp-experiment-design.spec.ts"},{"assertionResults":[{"ancestorTitles":["","Casimir-DP Stage-3 complete-apparatus gravity upper bound"],"fullName":" Casimir-DP Stage-3 complete-apparatus gravity upper bound preserves signed energy, mass, and weight while reporting magnitudes","status":"passed","title":"preserves signed energy, mass, and weight while reporting magnitudes","duration":9,"failureMessages":[]},{"ancestorTitles":["","Casimir-DP Stage-3 complete-apparatus gravity upper bound"],"fullName":" Casimir-DP Stage-3 complete-apparatus gravity upper bound requires supports and boundary terms and audits closed internal transfers","status":"passed","title":"requires supports and boundary terms and audits closed internal transfers","duration":5,"failureMessages":[]},{"ancestorTitles":["","Casimir-DP Stage-3 complete-apparatus gravity upper bound"],"fullName":" Casimir-DP Stage-3 complete-apparatus gravity upper bound fails the ledger when an internal transfer does not cancel","status":"passed","title":"fails the ledger when an internal transfer does not cancel","duration":1,"failureMessages":[]},{"ancestorTitles":["","Casimir-DP Stage-3 complete-apparatus gravity upper bound"],"fullName":" Casimir-DP Stage-3 complete-apparatus gravity upper bound rejects pressure or force substitution at the strict input boundary","status":"passed","title":"rejects pressure or force substitution at the strict input boundary","duration":2,"failureMessages":[]},{"ancestorTitles":["","Casimir-DP Stage-3 complete-apparatus gravity upper bound"],"fullName":" Casimir-DP Stage-3 complete-apparatus gravity upper bound has an exact zero state-difference limit","status":"passed","title":"has an exact zero state-difference limit","duration":1,"failureMessages":[]},{"ancestorTitles":["","Casimir-DP Stage-3 complete-apparatus gravity upper bound"],"fullName":" Casimir-DP Stage-3 complete-apparatus gravity upper bound preserves the inverse-distance far-field sensitivity scaling","status":"passed","title":"preserves the inverse-distance far-field sensitivity scaling","duration":1,"failureMessages":[]},{"ancestorTitles":["","Casimir-DP Stage-3 complete-apparatus gravity upper bound"],"fullName":" Casimir-DP Stage-3 complete-apparatus gravity upper bound keeps the tensor and ordinary-phase lane blocked without a conserved source","status":"passed","title":"keeps the tensor and ordinary-phase lane blocked without a conserved source","duration":1,"failureMessages":[]},{"ancestorTitles":["","Casimir-DP Stage-3 complete-apparatus gravity upper bound"],"fullName":" Casimir-DP Stage-3 complete-apparatus gravity upper bound admits only a complete conserved tensor receipt to the phase diagnostic","status":"passed","title":"admits only a complete conserved tensor receipt to the phase diagnostic","duration":2,"failureMessages":[]},{"ancestorTitles":["","Casimir-DP Stage-3 complete-apparatus gravity upper bound"],"fullName":" Casimir-DP Stage-3 complete-apparatus gravity upper bound reverses signed quantities under contrast reversal without changing magnitudes","status":"passed","title":"reverses signed quantities under contrast reversal without changing magnitudes","duration":1,"failureMessages":[]},{"ancestorTitles":["","Casimir-DP Stage-3 complete-apparatus gravity upper bound"],"fullName":" Casimir-DP Stage-3 complete-apparatus gravity upper bound never promotes the synthetic ledger to measured gravity or collapse","status":"passed","title":"never promotes the synthetic ledger to measured gravity or collapse","duration":1,"failureMessages":[]},{"ancestorTitles":["","Casimir-DP Stage-3 complete-apparatus gravity upper bound"],"fullName":" Casimir-DP Stage-3 complete-apparatus gravity upper bound rejects covariance defects relative to the physical covariance scale","status":"passed","title":"rejects covariance defects relative to the physical covariance scale","duration":0,"failureMessages":[]},{"ancestorTitles":["","Casimir-DP Stage-3 complete-apparatus gravity upper bound"],"fullName":" Casimir-DP Stage-3 complete-apparatus gravity upper bound rejects non-finite scalar and tensor inputs before bookkeeping","status":"passed","title":"rejects non-finite scalar and tensor inputs before bookkeeping","duration":1,"failureMessages":[]}],"startTime":1785070820673,"endTime":1785070820698,"status":"passed","message":"","name":"C:/Users/dan/Desktop/RESEARCH 1,0/research/Alcubierre drive/casimirbot.com/versions/CasimirBot (9-3-25)/CasimirBot (9-3-25)/CasimirBot/tests/casimir-dp-gravity-upper-bound.spec.ts"},{"assertionResults":[{"ancestorTitles":["","Casimir-DP Stage-3 manifold-kernel registry"],"fullName":" Casimir-DP Stage-3 manifold-kernel registry registers a complete signed-tensor schema without calling it validated","status":"passed","title":"registers a complete signed-tensor schema without calling it validated","duration":2,"failureMessages":[]},{"ancestorTitles":["","Casimir-DP Stage-3 manifold-kernel registry"],"fullName":" Casimir-DP Stage-3 manifold-kernel registry uses a stable first-missing-field order and preserves blocked scope","status":"passed","title":"uses a stable first-missing-field order and preserves blocked scope","duration":0,"failureMessages":[]},{"ancestorTitles":["","Casimir-DP Stage-3 manifold-kernel registry"],"fullName":" Casimir-DP Stage-3 manifold-kernel registry fails closed when scalar pressure is invalid","status":"passed","title":"fails closed when scalar pressure is invalid","duration":1,"failureMessages":[]},{"ancestorTitles":["","Casimir-DP Stage-3 manifold-kernel registry"],"fullName":" Casimir-DP Stage-3 manifold-kernel registry fails closed when renormalization is invalid","status":"passed","title":"fails closed when renormalization is invalid","duration":0,"failureMessages":[]},{"ancestorTitles":["","Casimir-DP Stage-3 manifold-kernel registry"],"fullName":" Casimir-DP Stage-3 manifold-kernel registry fails closed when causal response is invalid","status":"passed","title":"fails closed when causal response is invalid","duration":0,"failureMessages":[]},{"ancestorTitles":["","Casimir-DP Stage-3 manifold-kernel registry"],"fullName":" Casimir-DP Stage-3 manifold-kernel registry fails closed when gauge contract is invalid","status":"passed","title":"fails closed when gauge contract is invalid","duration":0,"failureMessages":[]},{"ancestorTitles":["","Casimir-DP Stage-3 manifold-kernel registry"],"fullName":" Casimir-DP Stage-3 manifold-kernel registry fails closed when dimensional closure is invalid","status":"passed","title":"fails closed when dimensional closure is invalid","duration":0,"failureMessages":[]},{"ancestorTitles":["","Casimir-DP Stage-3 manifold-kernel registry"],"fullName":" Casimir-DP Stage-3 manifold-kernel registry fails closed when stress-energy conservation is invalid","status":"passed","title":"fails closed when stress-energy conservation is invalid","duration":1,"failureMessages":[]},{"ancestorTitles":["","Casimir-DP Stage-3 manifold-kernel registry"],"fullName":" Casimir-DP Stage-3 manifold-kernel registry fails closed when positive-semidefinite covariance is invalid","status":"passed","title":"fails closed when positive-semidefinite covariance is invalid","duration":0,"failureMessages":[]},{"ancestorTitles":["","Casimir-DP Stage-3 manifold-kernel registry"],"fullName":" Casimir-DP Stage-3 manifold-kernel registry fails closed when recovery limits is invalid","status":"passed","title":"fails closed when recovery limits is invalid","duration":0,"failureMessages":[]},{"ancestorTitles":["","Casimir-DP Stage-3 manifold-kernel registry"],"fullName":" Casimir-DP Stage-3 manifold-kernel registry fails closed when internal falsifier is invalid","status":"passed","title":"fails closed when internal falsifier is invalid","duration":0,"failureMessages":[]},{"ancestorTitles":["","Casimir-DP Stage-3 manifold-kernel registry"],"fullName":" Casimir-DP Stage-3 manifold-kernel registry fails closed when independent falsifier is invalid","status":"passed","title":"fails closed when independent falsifier is invalid","duration":0,"failureMessages":[]},{"ancestorTitles":["","Casimir-DP Stage-3 manifold-kernel registry"],"fullName":" Casimir-DP Stage-3 manifold-kernel registry rejects nonphysical Markovian dynamics and negative produced rates","status":"passed","title":"rejects nonphysical Markovian dynamics and negative produced rates","duration":0,"failureMessages":[]},{"ancestorTitles":["","Casimir-DP Stage-3 manifold-kernel registry"],"fullName":" Casimir-DP Stage-3 manifold-kernel registry requires preregistration before custodian unblinding","status":"passed","title":"requires preregistration before custodian unblinding","duration":1,"failureMessages":[]},{"ancestorTitles":["","Casimir-DP Stage-3 manifold-kernel registry"],"fullName":" Casimir-DP Stage-3 manifold-kernel registry fails closed on invalid registry authority before inspecting a model","status":"passed","title":"fails closed on invalid registry authority before inspecting a model","duration":0,"failureMessages":[]},{"ancestorTitles":["","Casimir-DP Stage-3 manifold-kernel registry"],"fullName":" Casimir-DP Stage-3 manifold-kernel registry preserves immutable rejection and blocks same-id re-entry","status":"passed","title":"preserves immutable rejection and blocks same-id re-entry","duration":0,"failureMessages":[]},{"ancestorTitles":["","Casimir-DP Stage-3 manifold-kernel registry"],"fullName":" Casimir-DP Stage-3 manifold-kernel registry does not let an empirical-validation claim pass schema registration","status":"passed","title":"does not let an empirical-validation claim pass schema registration","duration":0,"failureMessages":[]}],"startTime":1785070827237,"endTime":1785070827242,"status":"passed","message":"","name":"C:/Users/dan/Desktop/RESEARCH 1,0/research/Alcubierre drive/casimirbot.com/versions/CasimirBot (9-3-25)/CasimirBot (9-3-25)/CasimirBot/tests/casimir-dp-manifold-kernel-registry.spec.ts"},{"assertionResults":[{"ancestorTitles":["","Casimir-DP Stage-3 blinded joint model comparison"],"fullName":" Casimir-DP Stage-3 blinded joint model comparison compares a named DP model only as an extension of the complete M0","status":"passed","title":"compares a named DP model only as an extension of the complete M0","duration":3,"failureMessages":[]},{"ancestorTitles":["","Casimir-DP Stage-3 blinded joint model comparison"],"fullName":" Casimir-DP Stage-3 blinded joint model comparison fails before scoring when the composite ordinary-physics null is incomplete","status":"passed","title":"fails before scoring when the composite ordinary-physics null is incomplete","duration":1,"failureMessages":[]},{"ancestorTitles":["","Casimir-DP Stage-3 blinded joint model comparison"],"fullName":" Casimir-DP Stage-3 blinded joint model comparison keeps boundary labels sealed and nuisance training out of held-out cells","status":"passed","title":"keeps boundary labels sealed and nuisance training out of held-out cells","duration":1,"failureMessages":[]},{"ancestorTitles":["","Casimir-DP Stage-3 blinded joint model comparison"],"fullName":" Casimir-DP Stage-3 blinded joint model comparison requires model and nuisance freezes to precede explicit custodian unblinding","status":"passed","title":"requires model and nuisance freezes to precede explicit custodian unblinding","duration":0,"failureMessages":[]},{"ancestorTitles":["","Casimir-DP Stage-3 blinded joint model comparison"],"fullName":" Casimir-DP Stage-3 blinded joint model comparison blocks prior-free Bayes factors and admits them only with proper-prior receipts","status":"passed","title":"blocks prior-free Bayes factors and admits them only with proper-prior receipts","duration":1,"failureMessages":[]},{"ancestorTitles":["","Casimir-DP Stage-3 blinded joint model comparison"],"fullName":" Casimir-DP Stage-3 blinded joint model comparison returns not_identifiable for collinear held-out signatures","status":"passed","title":"returns not_identifiable for collinear held-out signatures","duration":8,"failureMessages":[]},{"ancestorTitles":["","Casimir-DP Stage-3 blinded joint model comparison"],"fullName":" Casimir-DP Stage-3 blinded joint model comparison excludes only powered parameter regions and leaves underpowered regions untouched","status":"passed","title":"excludes only powered parameter regions and leaves underpowered regions untouched","duration":2,"failureMessages":[]},{"ancestorTitles":["","Casimir-DP Stage-3 blinded joint model comparison"],"fullName":" Casimir-DP Stage-3 blinded joint model comparison runs registry preflight before constructing or scoring a bridge prediction","status":"passed","title":"runs registry preflight before constructing or scoring a bridge prediction","duration":1,"failureMessages":[]},{"ancestorTitles":["","Casimir-DP Stage-3 blinded joint model comparison"],"fullName":" Casimir-DP Stage-3 blinded joint model comparison scores only a registered bridge and keeps registration distinct from validation","status":"passed","title":"scores only a registered bridge and keeps registration distinct from validation","duration":1,"failureMessages":[]},{"ancestorTitles":["","Casimir-DP Stage-3 blinded joint model comparison"],"fullName":" Casimir-DP Stage-3 blinded joint model comparison rejects generic collapse alternatives and model-kind claim elevation","status":"passed","title":"rejects generic collapse alternatives and model-kind claim elevation","duration":0,"failureMessages":[]}],"startTime":1785070819437,"endTime":1785070819455,"status":"passed","message":"","name":"C:/Users/dan/Desktop/RESEARCH 1,0/research/Alcubierre drive/casimirbot.com/versions/CasimirBot (9-3-25)/CasimirBot (9-3-25)/CasimirBot/tests/casimir-dp-model-comparison.spec.ts"},{"assertionResults":[{"ancestorTitles":["","Casimir-DP gated computations Stage-1 campaign"],"fullName":" Casimir-DP gated computations Stage-1 campaign keeps the dependency order and manifold registration fail-closed","status":"passed","title":"keeps the dependency order and manifold registration fail-closed","duration":2,"failureMessages":[]},{"ancestorTitles":["","Casimir-DP gated computations Stage-1 campaign"],"fullName":" Casimir-DP gated computations Stage-1 campaign produces numerical progress without promoting evidence gates","status":"passed","title":"produces numerical progress without promoting evidence gates","duration":41,"failureMessages":[]},{"ancestorTitles":["","Casimir-DP gated computations Stage-1 campaign"],"fullName":" Casimir-DP gated computations Stage-1 campaign shows that a smaller rate target requires more fringe samples","status":"passed","title":"shows that a smaller rate target requires more fringe samples","duration":0,"failureMessages":[]}],"startTime":1785070845801,"endTime":1785070845844,"status":"passed","message":"","name":"C:/Users/dan/Desktop/RESEARCH 1,0/research/Alcubierre drive/casimirbot.com/versions/CasimirBot (9-3-25)/CasimirBot (9-3-25)/CasimirBot/tests/casimir-dp-next-computations.spec.ts"},{"assertionResults":[{"ancestorTitles":["","Casimir-DP paper provenance parity"],"fullName":" Casimir-DP paper provenance parity keeps paper markers and both equation-action sidecars in exact parity","status":"passed","title":"keeps paper markers and both equation-action sidecars in exact parity","duration":2,"failureMessages":[]},{"ancestorTitles":["","Casimir-DP paper provenance parity"],"fullName":" Casimir-DP paper provenance parity maps every equation into the paper's artifact-and-claim appendix","status":"passed","title":"maps every equation into the paper's artifact-and-claim appendix","duration":1,"failureMessages":[]},{"ancestorTitles":["","Casimir-DP paper provenance parity"],"fullName":" Casimir-DP paper provenance parity documents the cross-runtime rail, frozen inputs, receipts, and current ledgers","status":"passed","title":"documents the cross-runtime rail, frozen inputs, receipts, and current ledgers","duration":0,"failureMessages":[]},{"ancestorTitles":["","Casimir-DP paper provenance parity"],"fullName":" Casimir-DP paper provenance parity registers the scientific-standing baseline and fails closed on a frequency-to-cavity bridge","status":"passed","title":"registers the scientific-standing baseline and fails closed on a frequency-to-cavity bridge","duration":1,"failureMessages":[]},{"ancestorTitles":["","Casimir-DP paper provenance parity"],"fullName":" Casimir-DP paper provenance parity prints the current byte hashes for every frozen runtime config","status":"passed","title":"prints the current byte hashes for every frozen runtime config","duration":2,"failureMessages":[]},{"ancestorTitles":["","Casimir-DP paper provenance parity"],"fullName":" Casimir-DP paper provenance parity keeps the paper canonical, sidecar-bundled, and badge-count synchronized","status":"passed","title":"keeps the paper canonical, sidecar-bundled, and badge-count synchronized","duration":1,"failureMessages":[]}],"startTime":1785070828755,"endTime":1785070828762,"status":"passed","message":"","name":"C:/Users/dan/Desktop/RESEARCH 1,0/research/Alcubierre drive/casimirbot.com/versions/CasimirBot (9-3-25)/CasimirBot (9-3-25)/CasimirBot/tests/casimir-dp-paper-provenance.spec.ts"},{"assertionResults":[{"ancestorTitles":["","Casimir-DP phase and coherence diagnostics"],"fullName":" Casimir-DP phase and coherence diagnostics integrates a constant branch-energy difference with the registered sign","status":"passed","title":"integrates a constant branch-energy difference with the registered sign","duration":3,"failureMessages":[]},{"ancestorTitles":["","Casimir-DP phase and coherence diagnostics"],"fullName":" Casimir-DP phase and coherence diagnostics cancels common-mode branch energy and exactly integrates a linear ramp","status":"passed","title":"cancels common-mode branch energy and exactly integrates a linear ramp","duration":1,"failureMessages":[]},{"ancestorTitles":["","Casimir-DP phase and coherence diagnostics"],"fullName":" Casimir-DP phase and coherence diagnostics requires an uncertainty receipt before measured phase evidence can pass","status":"passed","title":"requires an uncertainty receipt before measured phase evidence can pass","duration":0,"failureMessages":[]},{"ancestorTitles":["","Casimir-DP phase and coherence diagnostics"],"fullName":" Casimir-DP phase and coherence diagnostics makes constructive, destructive, and zero-visibility readout operational","status":"passed","title":"makes constructive, destructive, and zero-visibility readout operational","duration":1,"failureMessages":[]},{"ancestorTitles":["","Casimir-DP phase and coherence diagnostics"],"fullName":" Casimir-DP phase and coherence diagnostics reconstructs injected phase and visibility from four quadratures","status":"passed","title":"reconstructs injected phase and visibility from four quadratures","duration":0,"failureMessages":[]},{"ancestorTitles":["","Casimir-DP phase and coherence diagnostics"],"fullName":" Casimir-DP phase and coherence diagnostics round-trips exponential coherence visibility and rate","status":"passed","title":"round-trips exponential coherence visibility and rate","duration":0,"failureMessages":[]},{"ancestorTitles":["","Casimir-DP phase and coherence diagnostics"],"fullName":" Casimir-DP phase and coherence diagnostics computes projected-force and ambient-gravity phase controls without calling either collapse","status":"passed","title":"computes projected-force and ambient-gravity phase controls without calling either collapse","duration":0,"failureMessages":[]}],"startTime":1785070829972,"endTime":1785070829977,"status":"passed","message":"","name":"C:/Users/dan/Desktop/RESEARCH 1,0/research/Alcubierre drive/casimirbot.com/versions/CasimirBot (9-3-25)/CasimirBot (9-3-25)/CasimirBot/tests/casimir-dp-phase-coherence.spec.ts"},{"assertionResults":[{"ancestorTitles":["","Casimir-DP Planck/solar calibration Stage-4.2A"],"fullName":" Casimir-DP Planck/solar calibration Stage-4.2A closes the Planck spectral Jacobians and Stefan-Boltzmann identity","status":"passed","title":"closes the Planck spectral Jacobians and Stefan-Boltzmann identity","duration":6,"failureMessages":[]},{"ancestorTitles":["","Casimir-DP Planck/solar calibration Stage-4.2A"],"fullName":" Casimir-DP Planck/solar calibration Stage-4.2A recovers distinct spectrum-derived color and bolometric effective temperatures","status":"passed","title":"recovers distinct spectrum-derived color and bolometric effective temperatures","duration":2,"failureMessages":[]},{"ancestorTitles":["","Casimir-DP Planck/solar calibration Stage-4.2A"],"fullName":" Casimir-DP Planck/solar calibration Stage-4.2A keeps calibration closure separate from DP, manifold, and cosmological claims","status":"passed","title":"keeps calibration closure separate from DP, manifold, and cosmological claims","duration":1,"failureMessages":[]},{"ancestorTitles":["","Casimir-DP Planck/solar calibration Stage-4.2A"],"fullName":" Casimir-DP Planck/solar calibration Stage-4.2A fails closed when the frozen TSIS snapshot hash is altered","status":"passed","title":"fails closed when the frozen TSIS snapshot hash is altered","duration":1,"failureMessages":[]},{"ancestorTitles":["","Casimir-DP Planck/solar calibration Stage-4.2A"],"fullName":" Casimir-DP Planck/solar calibration Stage-4.2A rejects a rewritten exact hbar literal before evaluation","status":"passed","title":"rejects a rewritten exact hbar literal before evaluation","duration":2,"failureMessages":[]},{"ancestorTitles":["","Casimir-DP Planck/solar calibration Stage-4.2A"],"fullName":" Casimir-DP Planck/solar calibration Stage-4.2A rejects coordinated rewrites of frozen Wien and IAU source literals","status":"passed","title":"rejects coordinated rewrites of frozen Wien and IAU source literals","duration":2,"failureMessages":[]},{"ancestorTitles":["","Casimir-DP Planck/solar calibration Stage-4.2A"],"fullName":" Casimir-DP Planck/solar calibration Stage-4.2A fails color-temperature recovery when the frozen maximum is a window boundary","status":"passed","title":"fails color-temperature recovery when the frozen maximum is a window boundary","duration":3,"failureMessages":[]},{"ancestorTitles":["","Casimir-DP Planck/solar calibration Stage-4.2A"],"fullName":" Casimir-DP Planck/solar calibration Stage-4.2A rejects odd Simpson grids, unknown mechanism fields, and conflated semantics","status":"passed","title":"rejects odd Simpson grids, unknown mechanism fields, and conflated semantics","duration":2,"failureMessages":[]},{"ancestorTitles":["","Casimir-DP Planck/solar calibration Stage-4.2A"],"fullName":" Casimir-DP Planck/solar calibration Stage-4.2A uses a stable deterministic failure order","status":"passed","title":"uses a stable deterministic failure order","duration":1,"failureMessages":[]}],"startTime":1785070821293,"endTime":1785070821314,"status":"passed","message":"","name":"C:/Users/dan/Desktop/RESEARCH 1,0/research/Alcubierre drive/casimirbot.com/versions/CasimirBot (9-3-25)/CasimirBot (9-3-25)/CasimirBot/tests/casimir-dp-planck-solar-calibration-stage4-2a.spec.ts"},{"assertionResults":[{"ancestorTitles":["","Casimir-DP polarization and congruence Stage-4 campaign"],"fullName":" Casimir-DP polarization and congruence Stage-4 campaign freezes the expanded null, unchanged named DP manifest, and run order","status":"passed","title":"freezes the expanded null, unchanged named DP manifest, and run order","duration":5,"failureMessages":[]},{"ancestorTitles":["","Casimir-DP polarization and congruence Stage-4 campaign"],"fullName":" Casimir-DP polarization and congruence Stage-4 campaign runs three synthetic lanes while leaving scientific identification blocked","status":"passed","title":"runs three synthetic lanes while leaving scientific identification blocked","duration":291,"failureMessages":[]},{"ancestorTitles":["","Casimir-DP polarization and congruence Stage-4 campaign"],"fullName":" Casimir-DP polarization and congruence Stage-4 campaign does not mutate DP or admit a schema-only bridge","status":"passed","title":"does not mutate DP or admit a schema-only bridge","duration":248,"failureMessages":[]},{"ancestorTitles":["","Casimir-DP polarization and congruence Stage-4 campaign"],"fullName":" Casimir-DP polarization and congruence Stage-4 campaign renders every outcome and the synthetic playground boundary","status":"passed","title":"renders every outcome and the synthetic playground boundary","duration":246,"failureMessages":[]},{"ancestorTitles":["","Casimir-DP polarization and congruence Stage-4 campaign"],"fullName":" Casimir-DP polarization and congruence Stage-4 campaign fails closed before prediction when a fixture hash is altered","status":"passed","title":"fails closed before prediction when a fixture hash is altered","duration":226,"failureMessages":[]},{"ancestorTitles":["","Casimir-DP polarization and congruence Stage-4 campaign"],"fullName":" Casimir-DP polarization and congruence Stage-4 campaign recomputes every runtime closure instead of trusting passing summaries","status":"passed","title":"recomputes every runtime closure instead of trusting passing summaries","duration":238,"failureMessages":[]},{"ancestorTitles":["","Casimir-DP polarization and congruence Stage-4 campaign"],"fullName":" Casimir-DP polarization and congruence Stage-4 campaign fails synthetic promotion when a provenance evidence class is relabeled","status":"passed","title":"fails synthetic promotion when a provenance evidence class is relabeled","duration":254,"failureMessages":[]},{"ancestorTitles":["","Casimir-DP polarization and congruence Stage-4 campaign"],"fullName":" Casimir-DP polarization and congruence Stage-4 campaign requires exact, complete authority, source, and fixture integrity rows","status":"passed","title":"requires exact, complete authority, source, and fixture integrity rows","duration":223,"failureMessages":[]},{"ancestorTitles":["","Casimir-DP polarization and congruence Stage-4 campaign"],"fullName":" Casimir-DP polarization and congruence Stage-4 campaign rejects a hash-updated fixture relabeled as measured","status":"passed","title":"rejects a hash-updated fixture relabeled as measured","duration":248,"failureMessages":[]},{"ancestorTitles":["","Casimir-DP polarization and congruence Stage-4 campaign"],"fullName":" Casimir-DP polarization and congruence Stage-4 campaign rejects source authority identity or tracking drift at schema admission","status":"passed","title":"rejects source authority identity or tracking drift at schema admission","duration":2,"failureMessages":[]},{"ancestorTitles":["","Casimir-DP polarization and congruence Stage-4 campaign"],"fullName":" Casimir-DP polarization and congruence Stage-4 campaign rejects sealed, sentinel-hash, and measured-promotion blinding states at schema admission","status":"passed","title":"rejects sealed, sentinel-hash, and measured-promotion blinding states at schema admission","duration":2,"failureMessages":[]},{"ancestorTitles":["","Casimir-DP polarization and congruence Stage-4 campaign"],"fullName":" Casimir-DP polarization and congruence Stage-4 campaign blocks aggregate software PASS when an admitted config is mutated into a false blinding state","status":"passed","title":"blocks aggregate software PASS when an admitted config is mutated into a false blinding state","duration":233,"failureMessages":[]},{"ancestorTitles":["","Casimir-DP polarization and congruence Stage-4 campaign"],"fullName":" Casimir-DP polarization and congruence Stage-4 campaign uses exclusive immutable output creation","status":"passed","title":"uses exclusive immutable output creation","duration":468,"failureMessages":[]},{"ancestorTitles":["","Casimir-DP polarization and congruence Stage-4 campaign"],"fullName":" Casimir-DP polarization and congruence Stage-4 campaign leaves a pre-existing partial immutable run directory untouched","status":"passed","title":"leaves a pre-existing partial immutable run directory untouched","duration":262,"failureMessages":[]}],"startTime":1785070803041,"endTime":1785070805988,"status":"passed","message":"","name":"C:/Users/dan/Desktop/RESEARCH 1,0/research/Alcubierre drive/casimirbot.com/versions/CasimirBot (9-3-25)/CasimirBot (9-3-25)/CasimirBot/tests/casimir-dp-polarization-congruence-stage4.spec.ts"},{"assertionResults":[{"ancestorTitles":["","Casimir-DP Stage-4 polarization-resolved QED control"],"fullName":" Casimir-DP Stage-4 polarization-resolved QED control fixes the circular-polarization convention and is invariant under TE/TM-circular basis changes","status":"passed","title":"fixes the circular-polarization convention and is invariant under TE/TM-circular basis changes","duration":5,"failureMessages":[]},{"ancestorTitles":["","Casimir-DP Stage-4 polarization-resolved QED control"],"fullName":" Casimir-DP Stage-4 polarization-resolved QED control treats equivalent Jones, coherency, and Stokes descriptions as the same physical state","status":"passed","title":"treats equivalent Jones, coherency, and Stokes descriptions as the same physical state","duration":3,"failureMessages":[]},{"ancestorTitles":["","Casimir-DP Stage-4 polarization-resolved QED control"],"fullName":" Casimir-DP Stage-4 polarization-resolved QED control fails physicality for an over-polarized Stokes vector or a non-Hermitian coherency matrix","status":"passed","title":"fails physicality for an over-polarized Stokes vector or a non-Hermitian coherency matrix","duration":2,"failureMessages":[]},{"ancestorTitles":["","Casimir-DP Stage-4 polarization-resolved QED control"],"fullName":" Casimir-DP Stage-4 polarization-resolved QED control checks reciprocal-achiral invariance and registered chiral mirror reversal","status":"passed","title":"checks reciprocal-achiral invariance and registered chiral mirror reversal","duration":4,"failureMessages":[]},{"ancestorTitles":["","Casimir-DP Stage-4 polarization-resolved QED control"],"fullName":" Casimir-DP Stage-4 polarization-resolved QED control requires matched power, absorption, heating, force, torque magnitude, trap, and branch state","status":"passed","title":"requires matched power, absorption, heating, force, torque magnitude, trap, and branch state","duration":2,"failureMessages":[]},{"ancestorTitles":["","Casimir-DP Stage-4 polarization-resolved QED control"],"fullName":" Casimir-DP Stage-4 polarization-resolved QED control forms mirror-odd double contrasts for phase, chi, rate, force, and heating","status":"passed","title":"forms mirror-odd double contrasts for phase, chi, rate, force, and heating","duration":1,"failureMessages":[]},{"ancestorTitles":["","Casimir-DP Stage-4 polarization-resolved QED control"],"fullName":" Casimir-DP Stage-4 polarization-resolved QED control binds every source receipt and runtime component to one model hash","status":"passed","title":"binds every source receipt and runtime component to one model hash","duration":1,"failureMessages":[]},{"ancestorTitles":["","Casimir-DP Stage-4 polarization-resolved QED control"],"fullName":" Casimir-DP Stage-4 polarization-resolved QED control responds to Green, polarizability, and reflection-response changes","status":"passed","title":"responds to Green, polarizability, and reflection-response changes","duration":3,"failureMessages":[]},{"ancestorTitles":["","Casimir-DP Stage-4 polarization-resolved QED control"],"fullName":" Casimir-DP Stage-4 polarization-resolved QED control recovers both zero-coupling and no-boundary interaction limits","status":"passed","title":"recovers both zero-coupling and no-boundary interaction limits","duration":1,"failureMessages":[]},{"ancestorTitles":["","Casimir-DP Stage-4 polarization-resolved QED control"],"fullName":" Casimir-DP Stage-4 polarization-resolved QED control rejects an active reflection response outside the passive bound","status":"passed","title":"rejects an active reflection response outside the passive bound","duration":1,"failureMessages":[]},{"ancestorTitles":["","Casimir-DP Stage-4 polarization-resolved QED control"],"fullName":" Casimir-DP Stage-4 polarization-resolved QED control caps its synthetic output and always blocks collapse and manifold claims","status":"passed","title":"caps its synthetic output and always blocks collapse and manifold claims","duration":1,"failureMessages":[]}],"startTime":1785070825726,"endTime":1785070825750,"status":"passed","message":"","name":"C:/Users/dan/Desktop/RESEARCH 1,0/research/Alcubierre drive/casimirbot.com/versions/CasimirBot (9-3-25)/CasimirBot (9-3-25)/CasimirBot/tests/casimir-dp-polarization-qed-control.spec.ts"},{"assertionResults":[{"ancestorTitles":["","Casimir-DP proposal closure"],"fullName":" Casimir-DP proposal closure freezes a transverse, sample-and-hold architecture in dependency order","status":"passed","title":"freezes a transverse, sample-and-hold architecture in dependency order","duration":1,"failureMessages":[]},{"ancestorTitles":["","Casimir-DP proposal closure"],"fullName":" Casimir-DP proposal closure passes proposal completeness without promoting hardware or mechanism evidence","status":"passed","title":"passes proposal completeness without promoting hardware or mechanism evidence","duration":1,"failureMessages":[]},{"ancestorTitles":["","Casimir-DP proposal closure"],"fullName":" Casimir-DP proposal closure enforces cross-field preregistration invariants","status":"passed","title":"enforces cross-field preregistration invariants","duration":1,"failureMessages":[]},{"ancestorTitles":["","Casimir-DP proposal closure"],"fullName":" Casimir-DP proposal closure computes the reference force and exposes the phase-stability risk","status":"passed","title":"computes the reference force and exposes the phase-stability risk","duration":1,"failureMessages":[]},{"ancestorTitles":["","Casimir-DP proposal closure"],"fullName":" Casimir-DP proposal closure fails proposal completeness when a systematic family is duplicated","status":"passed","title":"fails proposal completeness when a systematic family is duplicated","duration":1,"failureMessages":[]},{"ancestorTitles":["","Casimir-DP proposal closure"],"fullName":" Casimir-DP proposal closure renders a hashed report with explicit claim ceilings","status":"passed","title":"renders a hashed report with explicit claim ceilings","duration":3,"failureMessages":[]}],"startTime":1785070842219,"endTime":1785070842227,"status":"passed","message":"","name":"C:/Users/dan/Desktop/RESEARCH 1,0/research/Alcubierre drive/casimirbot.com/versions/CasimirBot (9-3-25)/CasimirBot (9-3-25)/CasimirBot/tests/casimir-dp-proposal-closure.spec.ts"},{"assertionResults":[{"ancestorTitles":["","Casimir-DP Stage-3 measurement-constrained QED runtime"],"fullName":" Casimir-DP Stage-3 measurement-constrained QED runtime checks dimensions, convention, reciprocity, and nonnegative noise covariance","status":"passed","title":"checks dimensions, convention, reciprocity, and nonnegative noise covariance","duration":4,"failureMessages":[]},{"ancestorTitles":["","Casimir-DP Stage-3 measurement-constrained QED runtime"],"fullName":" Casimir-DP Stage-3 measurement-constrained QED runtime fails reciprocity and PSD gates on nonphysical tables","status":"passed","title":"fails reciprocity and PSD gates on nonphysical tables","duration":2,"failureMessages":[]},{"ancestorTitles":["","Casimir-DP Stage-3 measurement-constrained QED runtime"],"fullName":" Casimir-DP Stage-3 measurement-constrained QED runtime fails closed when a declared two-sided spectrum is not mirror symmetric","status":"passed","title":"fails closed when a declared two-sided spectrum is not mirror symmetric","duration":1,"failureMessages":[]},{"ancestorTitles":["","Casimir-DP Stage-3 measurement-constrained QED runtime"],"fullName":" Casimir-DP Stage-3 measurement-constrained QED runtime recovers the zero-coupling and infinite-distance limits","status":"passed","title":"recovers the zero-coupling and infinite-distance limits","duration":1,"failureMessages":[]},{"ancestorTitles":["","Casimir-DP Stage-3 measurement-constrained QED runtime"],"fullName":" Casimir-DP Stage-3 measurement-constrained QED runtime propagates source-backed material-loss and temperature noise changes","status":"passed","title":"propagates source-backed material-loss and temperature noise changes","duration":1,"failureMessages":[]},{"ancestorTitles":["","Casimir-DP Stage-3 measurement-constrained QED runtime"],"fullName":" Casimir-DP Stage-3 measurement-constrained QED runtime propagates Kramers-Kronig and input uncertainties into the output","status":"passed","title":"propagates Kramers-Kronig and input uncertainties into the output","duration":0,"failureMessages":[]},{"ancestorTitles":["","Casimir-DP Stage-3 measurement-constrained QED runtime"],"fullName":" Casimir-DP Stage-3 measurement-constrained QED runtime reverses ordinary QED phase under an explicit path swap","status":"passed","title":"reverses ordinary QED phase under an explicit path swap","duration":1,"failureMessages":[]},{"ancestorTitles":["","Casimir-DP Stage-3 measurement-constrained QED runtime"],"fullName":" Casimir-DP Stage-3 measurement-constrained QED runtime shows registered echo-filter suppression without assigning collapse","status":"passed","title":"shows registered echo-filter suppression without assigning collapse","duration":1,"failureMessages":[]},{"ancestorTitles":["","Casimir-DP Stage-3 measurement-constrained QED runtime"],"fullName":" Casimir-DP Stage-3 measurement-constrained QED runtime rejects mean pressure used as a noise spectrum","status":"passed","title":"rejects mean pressure used as a noise spectrum","duration":0,"failureMessages":[]},{"ancestorTitles":["","Casimir-DP Stage-3 measurement-constrained QED runtime"],"fullName":" Casimir-DP Stage-3 measurement-constrained QED runtime keeps the valid synthetic planar fixture diagnostic and not ready","status":"passed","title":"keeps the valid synthetic planar fixture diagnostic and not ready","duration":1,"failureMessages":[]}],"startTime":1785070827771,"endTime":1785070827783,"status":"passed","message":"","name":"C:/Users/dan/Desktop/RESEARCH 1,0/research/Alcubierre drive/casimirbot.com/versions/CasimirBot (9-3-25)/CasimirBot (9-3-25)/CasimirBot/tests/casimir-dp-qed-green-noise.spec.ts"},{"assertionResults":[{"ancestorTitles":["","Casimir-DP QED scale-hierarchy Stage-4.1 campaign"],"fullName":" Casimir-DP QED scale-hierarchy Stage-4.1 campaign freezes the exact order, authority tuple, source boundary, and final-status policy","status":"passed","title":"freezes the exact order, authority tuple, source boundary, and final-status policy","duration":8,"failureMessages":[]},{"ancestorTitles":["","Casimir-DP QED scale-hierarchy Stage-4.1 campaign"],"fullName":" Casimir-DP QED scale-hierarchy Stage-4.1 campaign runs the immutable calibration and writes hash-backed diagnostic outputs","status":"passed","title":"runs the immutable calibration and writes hash-backed diagnostic outputs","duration":330,"failureMessages":[]},{"ancestorTitles":["","Casimir-DP QED scale-hierarchy Stage-4.1 campaign"],"fullName":" Casimir-DP QED scale-hierarchy Stage-4.1 campaign renders every outcome, identity convention, and nonclaim","status":"passed","title":"renders every outcome, identity convention, and nonclaim","duration":216,"failureMessages":[]},{"ancestorTitles":["","Casimir-DP QED scale-hierarchy Stage-4.1 campaign"],"fullName":" Casimir-DP QED scale-hierarchy Stage-4.1 campaign fails closed on fixture or immutable Stage-4 hash tampering","status":"passed","title":"fails closed on fixture or immutable Stage-4 hash tampering","duration":453,"failureMessages":[]},{"ancestorTitles":["","Casimir-DP QED scale-hierarchy Stage-4.1 campaign"],"fullName":" Casimir-DP QED scale-hierarchy Stage-4.1 campaign rejects altered run order, source identity, tracking, and evidence promotion","status":"passed","title":"rejects altered run order, source identity, tracking, and evidence promotion","duration":8,"failureMessages":[]},{"ancestorTitles":["","Casimir-DP QED scale-hierarchy Stage-4.1 campaign"],"fullName":" Casimir-DP QED scale-hierarchy Stage-4.1 campaign blocks aggregate campaign PASS for forged or incomplete integrity evidence","status":"passed","title":"blocks aggregate campaign PASS for forged or incomplete integrity evidence","duration":254,"failureMessages":[]},{"ancestorTitles":["","Casimir-DP QED scale-hierarchy Stage-4.1 campaign"],"fullName":" Casimir-DP QED scale-hierarchy Stage-4.1 campaign does not mutate any authoritative Stage-4 artifact","status":"passed","title":"does not mutate any authoritative Stage-4 artifact","duration":243,"failureMessages":[]},{"ancestorTitles":["","Casimir-DP QED scale-hierarchy Stage-4.1 campaign"],"fullName":" Casimir-DP QED scale-hierarchy Stage-4.1 campaign uses exclusive immutable output creation","status":"passed","title":"uses exclusive immutable output creation","duration":496,"failureMessages":[]},{"ancestorTitles":["","Casimir-DP QED scale-hierarchy Stage-4.1 campaign"],"fullName":" Casimir-DP QED scale-hierarchy Stage-4.1 campaign leaves a pre-existing partial immutable run directory untouched","status":"passed","title":"leaves a pre-existing partial immutable run directory untouched","duration":273,"failureMessages":[]}],"startTime":1785070808376,"endTime":1785070810657,"status":"passed","message":"","name":"C:/Users/dan/Desktop/RESEARCH 1,0/research/Alcubierre drive/casimirbot.com/versions/CasimirBot (9-3-25)/CasimirBot (9-3-25)/CasimirBot/tests/casimir-dp-qed-scale-hierarchy-stage4-1.spec.ts"},{"assertionResults":[{"ancestorTitles":["","Casimir-DP Stage-4 thermal-radiative/FDT closure"],"fullName":" Casimir-DP Stage-4 thermal-radiative/FDT closure uses a distinct result schema","status":"passed","title":"uses a distinct result schema","duration":5,"failureMessages":[]},{"ancestorTitles":["","Casimir-DP Stage-4 thermal-radiative/FDT c
[...]
ct mode when chart contract metadata is missing","status":"passed","title":"fails ThetaAudit in strict mode when chart contract metadata is missing","duration":1,"failureMessages":[]},{"ancestorTitles":["","warp viability congruence wiring"],"fullName":" warp viability congruence wiring emits a combined shift-lapse advisory block from GR gauge diagnostics","status":"passed","title":"emits a combined shift-lapse advisory block from GR gauge diagnostics","duration":3,"failureMessages":[]},{"ancestorTitles":["","warp viability congruence wiring"],"fullName":" warp viability congruence wiring surfaces tensor closure separately from CL3 scalar congruence","status":"passed","title":"surfaces tensor closure separately from CL3 scalar congruence","duration":2,"failureMessages":[]},{"ancestorTitles":["","warp viability congruence wiring"],"fullName":" warp viability congruence wiring surfaces Casimir material receipt status in the viability snapshot","status":"passed","title":"surfaces Casimir material receipt status in the viability snapshot","duration":1,"failureMessages":[]},{"ancestorTitles":["","warp viability congruence wiring"],"fullName":" warp viability congruence wiring surfaces the emitted NHM2 observer artifact with dual tensor states and model labels","status":"passed","title":"surfaces the emitted NHM2 observer artifact with dual tensor states and model labels","duration":7,"failureMessages":[]},{"ancestorTitles":["","warp viability congruence wiring"],"fullName":" warp viability congruence wiring surfaces the emitted NHM2 strict-signal artifact without inferring proxy or missing states","status":"passed","title":"surfaces the emitted NHM2 strict-signal artifact without inferring proxy or missing states","duration":1,"failureMessages":[]},{"ancestorTitles":["","warp viability congruence wiring"],"fullName":" warp viability congruence wiring emits a separate NHM2 full-loop audit layer with explicit missing evidence blockers","status":"passed","title":"emits a separate NHM2 full-loop audit layer with explicit missing evidence blockers","duration":8,"failureMessages":[]},{"ancestorTitles":["","warp viability congruence wiring"],"fullName":" warp viability congruence wiring accepts nhm2 source-closure v2 and preserves regional fail semantics","status":"passed","title":"accepts nhm2 source-closure v2 and preserves regional fail semantics","duration":6,"failureMessages":[]},{"ancestorTitles":["","warp viability congruence wiring"],"fullName":" warp viability congruence wiring maps missing source-closure tolerance to a conservative NHM2 blocker","status":"passed","title":"maps missing source-closure tolerance to a conservative NHM2 blocker","duration":3,"failureMessages":[]},{"ancestorTitles":["","warp viability congruence wiring"],"fullName":" warp viability congruence wiring does not emit an NHM2 full-loop policy layer for generic non-NHM2 runs","status":"passed","title":"does not emit an NHM2 full-loop policy layer for generic non-NHM2 runs","duration":0,"failureMessages":[]},{"ancestorTitles":["","warp viability congruence wiring"],"fullName":" warp viability congruence wiring fails FordRomanQI on proxy rho source in strict mode","status":"passed","title":"fails FordRomanQI on proxy rho source in strict mode","duration":1,"failureMessages":[]},{"ancestorTitles":["","warp viability congruence wiring"],"fullName":" warp viability congruence wiring fails FordRomanQI in strict mode when metric source is missing contract metadata","status":"passed","title":"fails FordRomanQI in strict mode when metric source is missing contract metadata","duration":0,"failureMessages":[]},{"ancestorTitles":["","warp viability congruence wiring"],"fullName":" warp viability congruence wiring blocks legacy FordRoman boolean fallback in strict mode","status":"passed","title":"blocks legacy FordRoman boolean fallback in strict mode","duration":1,"failureMessages":[]},{"ancestorTitles":["","warp viability congruence wiring"],"fullName":" warp viability congruence wiring fails TS_ratio_min in strict mode when TS metric provenance is missing","status":"passed","title":"fails TS_ratio_min in strict mode when TS metric provenance is missing","duration":0,"failureMessages":[]},{"ancestorTitles":["","warp viability congruence wiring"],"fullName":" warp viability congruence wiring uses conservative non-certifying defaults when provenance metadata is missing","status":"passed","title":"uses conservative non-certifying defaults when provenance metadata is missing","duration":1,"failureMessages":[]},{"ancestorTitles":["","warp viability congruence wiring"],"fullName":" warp viability congruence wiring fails VdB_band when region-II derivative evidence is missing","status":"passed","title":"fails VdB_band when region-II derivative evidence is missing","duration":1,"failureMessages":[]},{"ancestorTitles":["","warp viability congruence wiring"],"fullName":" warp viability congruence wiring passes VdB_band when region-II and region-IV derivative evidence is present","status":"passed","title":"passes VdB_band when region-II and region-IV derivative evidence is present","duration":0,"failureMessages":[]},{"ancestorTitles":["","warp viability congruence wiring"],"fullName":" warp viability congruence wiring keeps promotion replay deterministic across identical evaluations","status":"passed","title":"keeps promotion replay deterministic across identical evaluations","duration":0,"failureMessages":[]},{"ancestorTitles":["","warp viability congruence wiring"],"fullName":" warp viability congruence wiring fails closed in strict mode when Natário contract metadata is incomplete","status":"passed","title":"fails closed in strict mode when Natário contract metadata is incomplete","duration":1,"failureMessages":[]},{"ancestorTitles":["","warp viability congruence wiring"],"fullName":" warp viability congruence wiring keeps non-finite QI snapshot numerics undefined (no null placeholders)","status":"passed","title":"keeps non-finite QI snapshot numerics undefined (no null placeholders)","duration":1,"failureMessages":[]},{"ancestorTitles":["","warp viability congruence wiring"],"fullName":" warp viability congruence wiring prevents certified promotion when QI applicability is not PASS","status":"passed","title":"prevents certified promotion when QI applicability is not PASS","duration":0,"failureMessages":[]},{"ancestorTitles":["","warp viability congruence wiring"],"fullName":" warp viability congruence wiring uses provided snapshot gr invariants to resolve QI applicability","status":"passed","title":"uses provided snapshot gr invariants to resolve QI applicability","duration":0,"failureMessages":[]}],"startTime":1785070629099,"endTime":1785070629149,"status":"passed","message":"","name":"C:/Users/dan/Desktop/RESEARCH 1,0/research/Alcubierre drive/casimirbot.com/versions/CasimirBot (9-3-25)/CasimirBot (9-3-25)/CasimirBot/tests/warp-viability.spec.ts"},{"assertionResults":[{"ancestorTitles":["","computeSurfaceDivergenceBeta"],"fullName":" computeSurfaceDivergenceBeta returns small divergence for constant tangential fields","status":"passed","title":"returns small divergence for constant tangential fields","duration":3,"failureMessages":[]},{"ancestorTitles":["","computeSurfaceDivergenceBeta"],"fullName":" computeSurfaceDivergenceBeta detects positive divergence when the field varies across the shell","status":"passed","title":"detects positive divergence when the field varies across the shell","duration":9,"failureMessages":[]},{"ancestorTitles":["","computeSurfaceDivergenceBeta"],"fullName":" computeSurfaceDivergenceBeta keeps curl-like tangential fields near divergence-free","status":"passed","title":"keeps curl-like tangential fields near divergence-free","duration":1,"failureMessages":[]},{"ancestorTitles":["","Alcubierre theta sign convention"],"fullName":" Alcubierre theta sign convention maps theta to -K and preserves front/back sign flip","status":"passed","title":"maps theta to -K and preserves front/back sign flip","duration":4,"failureMessages":[]}],"startTime":1785070841700,"endTime":1785070841718,"status":"passed","message":"","name":"C:/Users/dan/Desktop/RESEARCH 1,0/research/Alcubierre drive/casimirbot.com/versions/CasimirBot (9-3-25)/CasimirBot (9-3-25)/CasimirBot/tests/york-time.spec.ts"},{"assertionResults":[{"ancestorTitles":["","Casimir / DP quantum-foam study badges"],"fullName":" Casimir / DP quantum-foam study badges registers the separated study lane in the canonical graph","status":"passed","title":"registers the separated study lane in the canonical graph","duration":30,"failureMessages":[]},{"ancestorTitles":["","Casimir / DP quantum-foam study badges"],"fullName":" Casimir / DP quantum-foam study badges connects Stage-4 polarization, thermal, and congruence controls without inventing a bridge","status":"passed","title":"connects Stage-4 polarization, thermal, and congruence controls without inventing a bridge","duration":1,"failureMessages":[]},{"ancestorTitles":["","Casimir / DP quantum-foam study badges"],"fullName":" Casimir / DP quantum-foam study badges registers Stage-4.1 as a source-backed QED identity calibration and semantic non-bridge","status":"passed","title":"registers Stage-4.1 as a source-backed QED identity calibration and semantic non-bridge","duration":1,"failureMessages":[]},{"ancestorTitles":["","Casimir / DP quantum-foam study badges"],"fullName":" Casimir / DP quantum-foam study badges registers Stage-4.2A mass and radiometric calibrations as a zero-bridge dependency ladder","status":"passed","title":"registers Stage-4.2A mass and radiometric calibrations as a zero-bridge dependency ladder","duration":1,"failureMessages":[]},{"ancestorTitles":["","Casimir / DP quantum-foam study badges"],"fullName":" Casimir / DP quantum-foam study badges exposes the Stage-3 evidence map without promoting synthetic or blocked lanes","status":"passed","title":"exposes the Stage-3 evidence map without promoting synthetic or blocked lanes","duration":1,"failureMessages":[]},{"ancestorTitles":["","Casimir / DP quantum-foam study badges"],"fullName":" Casimir / DP quantum-foam study badges registers proposal completeness separately from commissioning and evidence","status":"passed","title":"registers proposal completeness separately from commissioning and evidence","duration":0,"failureMessages":[]},{"ancestorTitles":["","Casimir / DP quantum-foam study badges"],"fullName":" Casimir / DP quantum-foam study badges registers data-readiness numerics without promoting synthetic fixtures","status":"passed","title":"registers data-readiness numerics without promoting synthetic fixtures","duration":0,"failureMessages":[]},{"ancestorTitles":["","Casimir / DP quantum-foam study badges"],"fullName":" Casimir / DP quantum-foam study badges exposes the role-separated campaign as diagnostic design evidence only","status":"passed","title":"exposes the role-separated campaign as diagnostic design evidence only","duration":0,"failureMessages":[]},{"ancestorTitles":["","Casimir / DP quantum-foam study badges"],"fullName":" Casimir / DP quantum-foam study badges registers Stage-1 numerical progress without closing physical evidence gates","status":"passed","title":"registers Stage-1 numerical progress without closing physical evidence gates","duration":0,"failureMessages":[]},{"ancestorTitles":["","Casimir / DP quantum-foam study badges"],"fullName":" Casimir / DP quantum-foam study badges keeps manifold response at Stage 0 and decoherence distinct from objective collapse","status":"passed","title":"keeps manifold response at Stage 0 and decoherence distinct from objective collapse","duration":1,"failureMessages":[]},{"ancestorTitles":["","Casimir / DP quantum-foam study badges"],"fullName":" Casimir / DP quantum-foam study badges records Penrose OR as context without importing Orch OR or phase-of-matter dynamics","status":"passed","title":"records Penrose OR as context without importing Orch OR or phase-of-matter dynamics","duration":0,"failureMessages":[]},{"ancestorTitles":["","Casimir / DP quantum-foam study badges"],"fullName":" Casimir / DP quantum-foam study badges fails closed instead of inventing a Casimir-to-DP observable bridge","status":"passed","title":"fails closed instead of inventing a Casimir-to-DP observable bridge","duration":0,"failureMessages":[]},{"ancestorTitles":["","Casimir / DP quantum-foam study badges"],"fullName":" Casimir / DP quantum-foam study badges registers Stage-4.2B as a synthetic-only zero-bridge apparatus forecast","status":"passed","title":"registers Stage-4.2B as a synthetic-only zero-bridge apparatus forecast","duration":1,"failureMessages":[]},{"ancestorTitles":["","Casimir / DP quantum-foam study badges"],"fullName":" Casimir / DP quantum-foam study badges keeps Compton, DP, and cavity frequencies separate until a transfer kernel exists","status":"passed","title":"keeps Compton, DP, and cavity frequencies separate until a transfer kernel exists","duration":0,"failureMessages":[]},{"ancestorTitles":["","Casimir / DP quantum-foam study badges"],"fullName":" Casimir / DP quantum-foam study badges is locatable for study, Casimir, DP, and quantum-foam prompts","status":"passed","title":"is locatable for study, Casimir, DP, and quantum-foam prompts","duration":69,"failureMessages":[]}],"startTime":1785070635636,"endTime":1785070635741,"status":"passed","message":"","name":"C:/Users/dan/Desktop/RESEARCH 1,0/research/Alcubierre drive/casimirbot.com/versions/CasimirBot (9-3-25)/CasimirBot (9-3-25)/CasimirBot/shared/theory/__tests__/casimir-dp-study-theory-badges.spec.ts"},{"assertionResults":[{"ancestorTitles":["","TS strict proof-pack rendering"],"fullName":" TS strict proof-pack rendering shows ts strict row in FrontProofsLedger","status":"passed","title":"shows ts strict row in FrontProofsLedger","duration":38,"failureMessages":[]},{"ancestorTitles":["","TS strict proof-pack rendering"],"fullName":" TS strict proof-pack rendering shows ts strict fields in WarpProofPanel CL3 section","status":"passed","title":"shows ts strict fields in WarpProofPanel CL3 section","duration":62,"failureMessages":[]},{"ancestorTitles":["","TS strict proof-pack rendering"],"fullName":" TS strict proof-pack rendering shows NHM2 closure stack rows with diagnostic claim-boundary copy","status":"passed","title":"shows NHM2 closure stack rows with diagnostic claim-boundary copy","duration":132,"failureMessages":[]},{"ancestorTitles":["","TS strict proof-pack rendering"],"fullName":" TS strict proof-pack rendering shows ts strict row in NeedleCavityBubblePanel","status":"passed","title":"shows ts strict row in NeedleCavityBubblePanel","duration":21,"failureMessages":[]}],"startTime":1785070848963,"endTime":1785070849216,"status":"passed","message":"","name":"C:/Users/dan/Desktop/RESEARCH 1,0/research/Alcubierre drive/casimirbot.com/versions/CasimirBot (9-3-25)/CasimirBot (9-3-25)/CasimirBot/client/src/components/__tests__/warp-proof-ts-strict.spec.tsx"},{"assertionResults":[{"ancestorTitles":["","doc equation actions"],"fullName":" doc equation actions normalizes equivalent LaTeX action keys","status":"passed","title":"normalizes equivalent LaTeX action keys","duration":1,"failureMessages":[]},{"ancestorTitles":["","doc equation actions"],"fullName":" doc equation actions keeps NHM2 whitepaper equation-action markers registered in source and generated sidecars","status":"passed","title":"keeps NHM2 whitepaper equation-action markers registered in source and generated sidecars","duration":3,"failureMessages":[]},{"ancestorTitles":["","doc equation actions"],"fullName":" doc equation actions locates NHM2 whitepaper runtime-backed equation entries","status":"passed","title":"locates NHM2 whitepaper runtime-backed equation entries","duration":1,"failureMessages":[]},{"ancestorTitles":["","doc equation actions"],"fullName":" doc equation actions keeps the Casimir-DP study equation markers synchronized with both sidecars","status":"passed","title":"keeps the Casimir-DP study equation markers synchronized with both sidecars","duration":2,"failureMessages":[]},{"ancestorTitles":["","doc equation actions"],"fullName":" doc equation actions opens the Casimir-DP observable-separation theory path from the study","status":"passed","title":"opens the Casimir-DP observable-separation theory path from the study","duration":135,"failureMessages":[]},{"ancestorTitles":["","doc equation actions"],"fullName":" doc equation actions locates the manifold-response and decoherence/collapse gates from their study equations","status":"passed","title":"locates the manifold-response and decoherence/collapse gates from their study equations","duration":2,"failureMessages":[]},{"ancestorTitles":["","doc equation actions"],"fullName":" doc equation actions opens the Compton/DP/cavity separation badge from both frequency equations","status":"passed","title":"opens the Compton/DP/cavity separation badge from both frequency equations","duration":1,"failureMessages":[]},{"ancestorTitles":["","doc equation actions"],"fullName":" doc equation actions opens the Stage-4 polarization, thermal, congruence, and campaign paths","status":"passed","title":"opens the Stage-4 polarization, thermal, congruence, and campaign paths","duration":2,"failureMessages":[]},{"ancestorTitles":["","doc equation actions"],"fullName":" doc equation actions opens the Stage-4.2B apparatus-residual badge from all seven coupled equations","status":"passed","title":"opens the Stage-4.2B apparatus-residual badge from all seven coupled equations","duration":3,"failureMessages":[]},{"ancestorTitles":["","doc equation actions"],"fullName":" doc equation actions opens the experiment-design badge from the accessible-rate equation","status":"passed","title":"opens the experiment-design badge from the accessible-rate equation","duration":1,"failureMessages":[]},{"ancestorTitles":["","doc equation actions"],"fullName":" doc equation actions opens the Stage-1 gated-computations badge from the Lifshitz integral","status":"passed","title":"opens the Stage-1 gated-computations badge from the Lifshitz integral","duration":0,"failureMessages":[]},{"ancestorTitles":["","doc equation actions"],"fullName":" doc equation actions opens an artifact-backed theory orientation from a whitepaper equation action","status":"passed","title":"opens an artifact-backed theory orientation from a whitepaper equation action","duration":9,"failureMessages":[]},{"ancestorTitles":["","doc equation actions"],"fullName":" doc equation actions emits same-chart full tensor as runtime artifact context without calculator payload overreach","status":"passed","title":"emits same-chart full tensor as runtime artifact context without calculator payload overreach","duration":6,"failureMessages":[]},{"ancestorTitles":["","doc equation actions"],"fullName":" doc equation actions emits wall residual calculator action as scalar replay context","status":"passed","title":"emits wall residual calculator action as scalar replay context","duration":0,"failureMessages":[]},{"ancestorTitles":["","doc equation actions"],"fullName":" doc equation actions emits frozen 447-layer material gate as bounded runtime context without scalar replay","status":"passed","title":"emits frozen 447-layer material gate as bounded runtime context without scalar replay","duration":4,"failureMessages":[]},{"ancestorTitles":["","doc equation actions"],"fullName":" doc equation actions emits 0p7000 campaign frontier as runtime evidence context with claim locks closed","status":"passed","title":"emits 0p7000 campaign frontier as runtime evidence context with claim locks closed","duration":4,"failureMessages":[]}],"startTime":1785070807554,"endTime":1785070807728,"status":"passed","message":"","name":"C:/Users/dan/Desktop/RESEARCH 1,0/research/Alcubierre drive/casimirbot.com/versions/CasimirBot (9-3-25)/CasimirBot (9-3-25)/CasimirBot/client/src/lib/docs/__tests__/docEquationActions.spec.ts"}]}