{"numTotalTestSuites":70,"numPassedTestSuites":70,"numFailedTestSuites":0,"numPendingTestSuites":0,"numTotalTests":312,"numPassedTests":312,"numFailedTests":0,"numPendingTests":0,"numTodoTests":0,"startTime":1784987701248,"success":true,"testResults":[{"assertionResults":[{"ancestorTitles":["","Casimir-DP Stage-3 complex-coherence runtime"],"fullName":" Casimir-DP Stage-3 complex-coherence runtime recovers injected visibility, phase, and covariance from four quadratures","status":"passed","title":"recovers injected visibility, phase, and covariance from four quadratures","duration":4,"failureMessages":[]},{"ancestorTitles":["","Casimir-DP Stage-3 complex-coherence runtime"],"fullName":" Casimir-DP Stage-3 complex-coherence runtime shows phase drift lowering raw visibility and independent conditioning restoring it","status":"passed","title":"shows phase drift lowering raw visibility and independent conditioning restoring it","duration":3,"failureMessages":[]},{"ancestorTitles":["","Casimir-DP Stage-3 complex-coherence runtime"],"fullName":" Casimir-DP Stage-3 complex-coherence runtime uses path swap as a phase-sign discriminator without inventing visibility loss","status":"passed","title":"uses path swap as a phase-sign discriminator without inventing visibility loss","duration":3,"failureMessages":[]},{"ancestorTitles":["","Casimir-DP Stage-3 complex-coherence runtime"],"fullName":" Casimir-DP Stage-3 complex-coherence runtime separates echo-recoverable quasistatic loss from unrecovered loss","status":"passed","title":"separates echo-recoverable quasistatic loss from unrecovered loss","duration":2,"failureMessages":[]},{"ancestorTitles":["","Casimir-DP Stage-3 complex-coherence runtime"],"fullName":" Casimir-DP Stage-3 complex-coherence runtime distinguishes exponential and Gaussian decay only on an identifiable time grid","status":"passed","title":"distinguishes exponential and Gaussian decay only on an identifiable time grid","duration":2,"failureMessages":[]},{"ancestorTitles":["","Casimir-DP Stage-3 complex-coherence runtime"],"fullName":" Casimir-DP Stage-3 complex-coherence runtime fits decay models without using the registered held-out cell","status":"passed","title":"fits decay models without using the registered held-out cell","duration":1,"failureMessages":[]},{"ancestorTitles":["","Casimir-DP Stage-3 complex-coherence runtime"],"fullName":" Casimir-DP Stage-3 complex-coherence runtime fails closed on incomplete quadratures and one-time-point data","status":"passed","title":"fails closed on incomplete quadratures and one-time-point data","duration":1,"failureMessages":[]},{"ancestorTitles":["","Casimir-DP Stage-3 complex-coherence runtime"],"fullName":" Casimir-DP Stage-3 complex-coherence runtime never promotes its structurally valid synthetic fixture to measured evidence","status":"passed","title":"never promotes its structurally valid synthetic fixture to measured evidence","duration":0,"failureMessages":[]},{"ancestorTitles":["","Casimir-DP Stage-3 complex-coherence runtime"],"fullName":" Casimir-DP Stage-3 complex-coherence runtime rejects held-out phase-correction leakage","status":"passed","title":"rejects held-out phase-correction leakage","duration":1,"failureMessages":[]}],"startTime":1784987829046,"endTime":1784987829063,"status":"passed","message":"","name":"C:/Users/dan/Desktop/RESEARCH 1,0/research/Alcubierre drive/casimirbot.com/versions/CasimirBot (9-3-25)/CasimirBot (9-3-25)/CasimirBot/tests/casimir-dp-complex-coherence.spec.ts"},{"assertionResults":[{"ancestorTitles":["","Casimir-DP Stage-3 regularized dynamical-DP companion runtime"],"fullName":" Casimir-DP Stage-3 regularized dynamical-DP companion runtime replays the frozen named model and independently cross-checks E_G","status":"passed","title":"replays the frozen named model and independently cross-checks E_G","duration":6,"failureMessages":[]},{"ancestorTitles":["","Casimir-DP Stage-3 regularized dynamical-DP companion runtime"],"fullName":" Casimir-DP Stage-3 regularized dynamical-DP companion runtime has the required zero-mass and zero-separation limits","status":"passed","title":"has the required zero-mass and zero-separation limits","duration":1,"failureMessages":[]},{"ancestorTitles":["","Casimir-DP Stage-3 regularized dynamical-DP companion runtime"],"fullName":" Casimir-DP Stage-3 regularized dynamical-DP companion runtime approaches the registered Gaussian large-separation saturation","status":"passed","title":"approaches the registered Gaussian large-separation saturation","duration":1,"failureMessages":[]},{"ancestorTitles":["","Casimir-DP Stage-3 regularized dynamical-DP companion runtime"],"fullName":" Casimir-DP Stage-3 regularized dynamical-DP companion runtime keeps numerical softening separate from the physical DP cutoff","status":"passed","title":"keeps numerical softening separate from the physical DP cutoff","duration":3,"failureMessages":[]},{"ancestorTitles":["","Casimir-DP Stage-3 regularized dynamical-DP companion runtime"],"fullName":" Casimir-DP Stage-3 regularized dynamical-DP companion runtime uses the same immutable parameter hash for every companion channel","status":"passed","title":"uses the same immutable parameter hash for every companion channel","duration":2,"failureMessages":[]},{"ancestorTitles":["","Casimir-DP Stage-3 regularized dynamical-DP companion runtime"],"fullName":" Casimir-DP Stage-3 regularized dynamical-DP companion runtime enforces the fixed-delta-rho boundary null without inventing a bridge","status":"passed","title":"enforces the fixed-delta-rho boundary null without inventing a bridge","duration":2,"failureMessages":[]},{"ancestorTitles":["","Casimir-DP Stage-3 regularized dynamical-DP companion runtime"],"fullName":" Casimir-DP Stage-3 regularized dynamical-DP companion runtime exercises a companion-bound exclusion without promoting synthetic evidence","status":"passed","title":"exercises a companion-bound exclusion without promoting synthetic evidence","duration":1,"failureMessages":[]},{"ancestorTitles":["","Casimir-DP Stage-3 regularized dynamical-DP companion runtime"],"fullName":" Casimir-DP Stage-3 regularized dynamical-DP companion runtime blocks radiation when the apparatus mapping is absent","status":"passed","title":"blocks radiation when the apparatus mapping is absent","duration":1,"failureMessages":[]},{"ancestorTitles":["","Casimir-DP Stage-3 regularized dynamical-DP companion runtime"],"fullName":" Casimir-DP Stage-3 regularized dynamical-DP companion runtime preserves source-backed mass scaling and nonnegative diffusion","status":"passed","title":"preserves source-backed mass scaling and nonnegative diffusion","duration":1,"failureMessages":[]},{"ancestorTitles":["","Casimir-DP Stage-3 regularized dynamical-DP companion runtime"],"fullName":" Casimir-DP Stage-3 regularized dynamical-DP companion runtime rejects non-finite physical and scan parameters before evaluation","status":"passed","title":"rejects non-finite physical and scan parameters before evaluation","duration":1,"failureMessages":[]}],"startTime":1784987833635,"endTime":1784987833654,"status":"passed","message":"","name":"C:/Users/dan/Desktop/RESEARCH 1,0/research/Alcubierre drive/casimirbot.com/versions/CasimirBot (9-3-25)/CasimirBot (9-3-25)/CasimirBot/tests/casimir-dp-dp-companion.spec.ts"},{"assertionResults":[{"ancestorTitles":["","Casimir-DP Stage-3 evidence-map campaign"],"fullName":" Casimir-DP Stage-3 evidence-map campaign freezes the composite null, nested hypotheses, and revised order","status":"passed","title":"freezes the composite null, nested hypotheses, and revised order","duration":7,"failureMessages":[]},{"ancestorTitles":["","Casimir-DP Stage-3 evidence-map campaign"],"fullName":" Casimir-DP Stage-3 evidence-map campaign runs all six synthetic lanes without promoting measured physics","status":"passed","title":"runs all six synthetic lanes without promoting measured physics","duration":30,"failureMessages":[]},{"ancestorTitles":["","Casimir-DP Stage-3 evidence-map campaign"],"fullName":" Casimir-DP Stage-3 evidence-map campaign registers the bridge schema without pretending it was compared or validated","status":"passed","title":"registers the bridge schema without pretending it was compared or validated","duration":13,"failureMessages":[]},{"ancestorTitles":["","Casimir-DP Stage-3 evidence-map campaign"],"fullName":" Casimir-DP Stage-3 evidence-map campaign keeps outcome-map claims and rendered wording synchronized","status":"passed","title":"keeps outcome-map claims and rendered wording synchronized","duration":11,"failureMessages":[]},{"ancestorTitles":["","Casimir-DP Stage-3 evidence-map campaign"],"fullName":" Casimir-DP Stage-3 evidence-map campaign fails closed before computation when a fixture hash is altered","status":"passed","title":"fails closed before computation when a fixture hash is altered","duration":6,"failureMessages":[]}],"startTime":1784987834222,"endTime":1784987834289,"status":"passed","message":"","name":"C:/Users/dan/Desktop/RESEARCH 1,0/research/Alcubierre drive/casimirbot.com/versions/CasimirBot (9-3-25)/CasimirBot (9-3-25)/CasimirBot/tests/casimir-dp-evidence-map-stage3.spec.ts"},{"assertionResults":[{"ancestorTitles":["","Casimir-DP Stage-3 complete-apparatus gravity upper bound"],"fullName":" Casimir-DP Stage-3 complete-apparatus gravity upper bound preserves signed energy, mass, and weight while reporting magnitudes","status":"passed","title":"preserves signed energy, mass, and weight while reporting magnitudes","duration":6,"failureMessages":[]},{"ancestorTitles":["","Casimir-DP Stage-3 complete-apparatus gravity upper bound"],"fullName":" Casimir-DP Stage-3 complete-apparatus gravity upper bound requires supports and boundary terms and audits closed internal transfers","status":"passed","title":"requires supports and boundary terms and audits closed internal transfers","duration":4,"failureMessages":[]},{"ancestorTitles":["","Casimir-DP Stage-3 complete-apparatus gravity upper bound"],"fullName":" Casimir-DP Stage-3 complete-apparatus gravity upper bound fails the ledger when an internal transfer does not cancel","status":"passed","title":"fails the ledger when an internal transfer does not cancel","duration":1,"failureMessages":[]},{"ancestorTitles":["","Casimir-DP Stage-3 complete-apparatus gravity upper bound"],"fullName":" Casimir-DP Stage-3 complete-apparatus gravity upper bound rejects pressure or force substitution at the strict input boundary","status":"passed","title":"rejects pressure or force substitution at the strict input boundary","duration":2,"failureMessages":[]},{"ancestorTitles":["","Casimir-DP Stage-3 complete-apparatus gravity upper bound"],"fullName":" Casimir-DP Stage-3 complete-apparatus gravity upper bound has an exact zero state-difference limit","status":"passed","title":"has an exact zero state-difference limit","duration":1,"failureMessages":[]},{"ancestorTitles":["","Casimir-DP Stage-3 complete-apparatus gravity upper bound"],"fullName":" Casimir-DP Stage-3 complete-apparatus gravity upper bound preserves the inverse-distance far-field sensitivity scaling","status":"passed","title":"preserves the inverse-distance far-field sensitivity scaling","duration":1,"failureMessages":[]},{"ancestorTitles":["","Casimir-DP Stage-3 complete-apparatus gravity upper bound"],"fullName":" Casimir-DP Stage-3 complete-apparatus gravity upper bound keeps the tensor and ordinary-phase lane blocked without a conserved source","status":"passed","title":"keeps the tensor and ordinary-phase lane blocked without a conserved source","duration":1,"failureMessages":[]},{"ancestorTitles":["","Casimir-DP Stage-3 complete-apparatus gravity upper bound"],"fullName":" Casimir-DP Stage-3 complete-apparatus gravity upper bound admits only a complete conserved tensor receipt to the phase diagnostic","status":"passed","title":"admits only a complete conserved tensor receipt to the phase diagnostic","duration":3,"failureMessages":[]},{"ancestorTitles":["","Casimir-DP Stage-3 complete-apparatus gravity upper bound"],"fullName":" Casimir-DP Stage-3 complete-apparatus gravity upper bound reverses signed quantities under contrast reversal without changing magnitudes","status":"passed","title":"reverses signed quantities under contrast reversal without changing magnitudes","duration":1,"failureMessages":[]},{"ancestorTitles":["","Casimir-DP Stage-3 complete-apparatus gravity upper bound"],"fullName":" Casimir-DP Stage-3 complete-apparatus gravity upper bound never promotes the synthetic ledger to measured gravity or collapse","status":"passed","title":"never promotes the synthetic ledger to measured gravity or collapse","duration":1,"failureMessages":[]},{"ancestorTitles":["","Casimir-DP Stage-3 complete-apparatus gravity upper bound"],"fullName":" Casimir-DP Stage-3 complete-apparatus gravity upper bound rejects covariance defects relative to the physical covariance scale","status":"passed","title":"rejects covariance defects relative to the physical covariance scale","duration":0,"failureMessages":[]},{"ancestorTitles":["","Casimir-DP Stage-3 complete-apparatus gravity upper bound"],"fullName":" Casimir-DP Stage-3 complete-apparatus gravity upper bound rejects non-finite scalar and tensor inputs before bookkeeping","status":"passed","title":"rejects non-finite scalar and tensor inputs before bookkeeping","duration":1,"failureMessages":[]}],"startTime":1784987827729,"endTime":1784987827751,"status":"passed","message":"","name":"C:/Users/dan/Desktop/RESEARCH 1,0/research/Alcubierre drive/casimirbot.com/versions/CasimirBot (9-3-25)/CasimirBot (9-3-25)/CasimirBot/tests/casimir-dp-gravity-upper-bound.spec.ts"},{"assertionResults":[{"ancestorTitles":["","Casimir-DP Stage-3 manifold-kernel registry"],"fullName":" Casimir-DP Stage-3 manifold-kernel registry registers a complete signed-tensor schema without calling it validated","status":"passed","title":"registers a complete signed-tensor schema without calling it validated","duration":2,"failureMessages":[]},{"ancestorTitles":["","Casimir-DP Stage-3 manifold-kernel registry"],"fullName":" Casimir-DP Stage-3 manifold-kernel registry uses a stable first-missing-field order and preserves blocked scope","status":"passed","title":"uses a stable first-missing-field order and preserves blocked scope","duration":0,"failureMessages":[]},{"ancestorTitles":["","Casimir-DP Stage-3 manifold-kernel registry"],"fullName":" Casimir-DP Stage-3 manifold-kernel registry fails closed when scalar pressure is invalid","status":"passed","title":"fails closed when scalar pressure is invalid","duration":1,"failureMessages":[]},{"ancestorTitles":["","Casimir-DP Stage-3 manifold-kernel registry"],"fullName":" Casimir-DP Stage-3 manifold-kernel registry fails closed when renormalization is invalid","status":"passed","title":"fails closed when renormalization is invalid","duration":0,"failureMessages":[]},{"ancestorTitles":["","Casimir-DP Stage-3 manifold-kernel registry"],"fullName":" Casimir-DP Stage-3 manifold-kernel registry fails closed when causal response is invalid","status":"passed","title":"fails closed when causal response is invalid","duration":0,"failureMessages":[]},{"ancestorTitles":["","Casimir-DP Stage-3 manifold-kernel registry"],"fullName":" Casimir-DP Stage-3 manifold-kernel registry fails closed when gauge contract is invalid","status":"passed","title":"fails closed when gauge contract is invalid","duration":0,"failureMessages":[]},{"ancestorTitles":["","Casimir-DP Stage-3 manifold-kernel registry"],"fullName":" Casimir-DP Stage-3 manifold-kernel registry fails closed when dimensional closure is invalid","status":"passed","title":"fails closed when dimensional closure is invalid","duration":0,"failureMessages":[]},{"ancestorTitles":["","Casimir-DP Stage-3 manifold-kernel registry"],"fullName":" Casimir-DP Stage-3 manifold-kernel registry fails closed when stress-energy conservation is invalid","status":"passed","title":"fails closed when stress-energy conservation is invalid","duration":1,"failureMessages":[]},{"ancestorTitles":["","Casimir-DP Stage-3 manifold-kernel registry"],"fullName":" Casimir-DP Stage-3 manifold-kernel registry fails closed when positive-semidefinite covariance is invalid","status":"passed","title":"fails closed when positive-semidefinite covariance is invalid","duration":0,"failureMessages":[]},{"ancestorTitles":["","Casimir-DP Stage-3 manifold-kernel registry"],"fullName":" Casimir-DP Stage-3 manifold-kernel registry fails closed when recovery limits is invalid","status":"passed","title":"fails closed when recovery limits is invalid","duration":0,"failureMessages":[]},{"ancestorTitles":["","Casimir-DP Stage-3 manifold-kernel registry"],"fullName":" Casimir-DP Stage-3 manifold-kernel registry fails closed when internal falsifier is invalid","status":"passed","title":"fails closed when internal falsifier is invalid","duration":0,"failureMessages":[]},{"ancestorTitles":["","Casimir-DP Stage-3 manifold-kernel registry"],"fullName":" Casimir-DP Stage-3 manifold-kernel registry fails closed when independent falsifier is invalid","status":"passed","title":"fails closed when independent falsifier is invalid","duration":0,"failureMessages":[]},{"ancestorTitles":["","Casimir-DP Stage-3 manifold-kernel registry"],"fullName":" Casimir-DP Stage-3 manifold-kernel registry rejects nonphysical Markovian dynamics and negative produced rates","status":"passed","title":"rejects nonphysical Markovian dynamics and negative produced rates","duration":0,"failureMessages":[]},{"ancestorTitles":["","Casimir-DP Stage-3 manifold-kernel registry"],"fullName":" Casimir-DP Stage-3 manifold-kernel registry requires preregistration before custodian unblinding","status":"passed","title":"requires preregistration before custodian unblinding","duration":0,"failureMessages":[]},{"ancestorTitles":["","Casimir-DP Stage-3 manifold-kernel registry"],"fullName":" Casimir-DP Stage-3 manifold-kernel registry fails closed on invalid registry authority before inspecting a model","status":"passed","title":"fails closed on invalid registry authority before inspecting a model","duration":0,"failureMessages":[]},{"ancestorTitles":["","Casimir-DP Stage-3 manifold-kernel registry"],"fullName":" Casimir-DP Stage-3 manifold-kernel registry preserves immutable rejection and blocks same-id re-entry","status":"passed","title":"preserves immutable rejection and blocks same-id re-entry","duration":0,"failureMessages":[]},{"ancestorTitles":["","Casimir-DP Stage-3 manifold-kernel registry"],"fullName":" Casimir-DP Stage-3 manifold-kernel registry does not let an empirical-validation claim pass schema registration","status":"passed","title":"does not let an empirical-validation claim pass schema registration","duration":0,"failureMessages":[]}],"startTime":1784987832507,"endTime":1784987832512,"status":"passed","message":"","name":"C:/Users/dan/Desktop/RESEARCH 1,0/research/Alcubierre drive/casimirbot.com/versions/CasimirBot (9-3-25)/CasimirBot (9-3-25)/CasimirBot/tests/casimir-dp-manifold-kernel-registry.spec.ts"},{"assertionResults":[{"ancestorTitles":["","Casimir-DP Stage-3 blinded joint model comparison"],"fullName":" Casimir-DP Stage-3 blinded joint model comparison compares a named DP model only as an extension of the complete M0","status":"passed","title":"compares a named DP model only as an extension of the complete M0","duration":3,"failureMessages":[]},{"ancestorTitles":["","Casimir-DP Stage-3 blinded joint model comparison"],"fullName":" Casimir-DP Stage-3 blinded joint model comparison fails before scoring when the composite ordinary-physics null is incomplete","status":"passed","title":"fails before scoring when the composite ordinary-physics null is incomplete","duration":1,"failureMessages":[]},{"ancestorTitles":["","Casimir-DP Stage-3 blinded joint model comparison"],"fullName":" Casimir-DP Stage-3 blinded joint model comparison keeps boundary labels sealed and nuisance training out of held-out cells","status":"passed","title":"keeps boundary labels sealed and nuisance training out of held-out cells","duration":0,"failureMessages":[]},{"ancestorTitles":["","Casimir-DP Stage-3 blinded joint model comparison"],"fullName":" Casimir-DP Stage-3 blinded joint model comparison requires model and nuisance freezes to precede explicit custodian unblinding","status":"passed","title":"requires model and nuisance freezes to precede explicit custodian unblinding","duration":0,"failureMessages":[]},{"ancestorTitles":["","Casimir-DP Stage-3 blinded joint model comparison"],"fullName":" Casimir-DP Stage-3 blinded joint model comparison blocks prior-free Bayes factors and admits them only with proper-prior receipts","status":"passed","title":"blocks prior-free Bayes factors and admits them only with proper-prior receipts","duration":1,"failureMessages":[]},{"ancestorTitles":["","Casimir-DP Stage-3 blinded joint model comparison"],"fullName":" Casimir-DP Stage-3 blinded joint model comparison returns not_identifiable for collinear held-out signatures","status":"passed","title":"returns not_identifiable for collinear held-out signatures","duration":8,"failureMessages":[]},{"ancestorTitles":["","Casimir-DP Stage-3 blinded joint model comparison"],"fullName":" Casimir-DP Stage-3 blinded joint model comparison excludes only powered parameter regions and leaves underpowered regions untouched","status":"passed","title":"excludes only powered parameter regions and leaves underpowered regions untouched","duration":2,"failureMessages":[]},{"ancestorTitles":["","Casimir-DP Stage-3 blinded joint model comparison"],"fullName":" Casimir-DP Stage-3 blinded joint model comparison runs registry preflight before constructing or scoring a bridge prediction","status":"passed","title":"runs registry preflight before constructing or scoring a bridge prediction","duration":2,"failureMessages":[]},{"ancestorTitles":["","Casimir-DP Stage-3 blinded joint model comparison"],"fullName":" Casimir-DP Stage-3 blinded joint model comparison scores only a registered bridge and keeps registration distinct from validation","status":"passed","title":"scores only a registered bridge and keeps registration distinct from validation","duration":0,"failureMessages":[]},{"ancestorTitles":["","Casimir-DP Stage-3 blinded joint model comparison"],"fullName":" Casimir-DP Stage-3 blinded joint model comparison rejects generic collapse alternatives and model-kind claim elevation","status":"passed","title":"rejects generic collapse alternatives and model-kind claim elevation","duration":0,"failureMessages":[]}],"startTime":1784987827163,"endTime":1784987827180,"status":"passed","message":"","name":"C:/Users/dan/Desktop/RESEARCH 1,0/research/Alcubierre drive/casimirbot.com/versions/CasimirBot (9-3-25)/CasimirBot (9-3-25)/CasimirBot/tests/casimir-dp-model-comparison.spec.ts"},{"assertionResults":[{"ancestorTitles":["","Casimir-DP OR/phase Stage-2 runtime"],"fullName":" Casimir-DP OR/phase Stage-2 runtime freezes the registered dependency order and upstream hashes","status":"passed","title":"freezes the registered dependency order and upstream hashes","duration":2,"failureMessages":[]},{"ancestorTitles":["","Casimir-DP OR/phase Stage-2 runtime"],"fullName":" Casimir-DP OR/phase Stage-2 runtime passes algebraic diagnostics while preserving open convergence and evidence gates","status":"passed","title":"passes algebraic diagnostics while preserving open convergence and evidence gates","duration":73,"failureMessages":[]},{"ancestorTitles":["","Casimir-DP OR/phase Stage-2 runtime"],"fullName":" Casimir-DP OR/phase Stage-2 runtime separates ordinary phase, visibility, ambient gravity, and OR notation","status":"passed","title":"separates ordinary phase, visibility, ambient gravity, and OR notation","duration":62,"failureMessages":[]},{"ancestorTitles":["","Casimir-DP OR/phase Stage-2 runtime"],"fullName":" Casimir-DP OR/phase Stage-2 runtime emits categorical plausibility lanes and fails closed on the missing bridge","status":"passed","title":"emits categorical plausibility lanes and fails closed on the missing bridge","duration":65,"failureMessages":[]},{"ancestorTitles":["","Casimir-DP OR/phase Stage-2 runtime"],"fullName":" Casimir-DP OR/phase Stage-2 runtime freezes the perturbation grid and fails closed below its spatial resolution","status":"passed","title":"freezes the perturbation grid and fails closed below its spatial resolution","duration":61,"failureMessages":[]},{"ancestorTitles":["","Casimir-DP OR/phase Stage-2 runtime"],"fullName":" Casimir-DP OR/phase Stage-2 runtime requires compatible inputs and every Stage-1 promotion gate before authority transfer","status":"passed","title":"requires compatible inputs and every Stage-1 promotion gate before authority transfer","duration":187,"failureMessages":[]}],"startTime":1784987831588,"endTime":1784987832038,"status":"passed","message":"","name":"C:/Users/dan/Desktop/RESEARCH 1,0/research/Alcubierre drive/casimirbot.com/versions/CasimirBot (9-3-25)/CasimirBot (9-3-25)/CasimirBot/tests/casimir-dp-or-phase-stage2.spec.ts"},{"assertionResults":[{"ancestorTitles":["","Casimir-DP paper provenance parity"],"fullName":" Casimir-DP paper provenance parity keeps paper markers and both equation-action sidecars in exact parity","status":"passed","title":"keeps paper markers and both equation-action sidecars in exact parity","duration":3,"failureMessages":[]},{"ancestorTitles":["","Casimir-DP paper provenance parity"],"fullName":" Casimir-DP paper provenance parity maps every equation into the paper's artifact-and-claim appendix","status":"passed","title":"maps every equation into the paper's artifact-and-claim appendix","duration":1,"failureMessages":[]},{"ancestorTitles":["","Casimir-DP paper provenance parity"],"fullName":" Casimir-DP paper provenance parity documents the cross-runtime rail, frozen inputs, receipts, and current ledgers","status":"passed","title":"documents the cross-runtime rail, frozen inputs, receipts, and current ledgers","duration":0,"failureMessages":[]},{"ancestorTitles":["","Casimir-DP paper provenance parity"],"fullName":" Casimir-DP paper provenance parity registers the scientific-standing baseline and fails closed on a frequency-to-cavity bridge","status":"passed","title":"registers the scientific-standing baseline and fails closed on a frequency-to-cavity bridge","duration":1,"failureMessages":[]},{"ancestorTitles":["","Casimir-DP paper provenance parity"],"fullName":" Casimir-DP paper provenance parity prints the current byte hashes for every frozen runtime config","status":"passed","title":"prints the current byte hashes for every frozen runtime config","duration":1,"failureMessages":[]},{"ancestorTitles":["","Casimir-DP paper provenance parity"],"fullName":" Casimir-DP paper provenance parity keeps the paper canonical, sidecar-bundled, and badge-count synchronized","status":"passed","title":"keeps the paper canonical, sidecar-bundled, and badge-count synchronized","duration":1,"failureMessages":[]}],"startTime":1784987835931,"endTime":1784987835938,"status":"passed","message":"","name":"C:/Users/dan/Desktop/RESEARCH 1,0/research/Alcubierre drive/casimirbot.com/versions/CasimirBot (9-3-25)/CasimirBot (9-3-25)/CasimirBot/tests/casimir-dp-paper-provenance.spec.ts"},{"assertionResults":[{"ancestorTitles":["","Casimir-DP phase and coherence diagnostics"],"fullName":" Casimir-DP phase and coherence diagnostics integrates a constant branch-energy difference with the registered sign","status":"passed","title":"integrates a constant branch-energy difference with the registered sign","duration":3,"failureMessages":[]},{"ancestorTitles":["","Casimir-DP phase and coherence diagnostics"],"fullName":" Casimir-DP phase and coherence diagnostics cancels common-mode branch energy and exactly integrates a linear ramp","status":"passed","title":"cancels common-mode branch energy and exactly integrates a linear ramp","duration":1,"failureMessages":[]},{"ancestorTitles":["","Casimir-DP phase and coherence diagnostics"],"fullName":" Casimir-DP phase and coherence diagnostics requires an uncertainty receipt before measured phase evidence can pass","status":"passed","title":"requires an uncertainty receipt before measured phase evidence can pass","duration":0,"failureMessages":[]},{"ancestorTitles":["","Casimir-DP phase and coherence diagnostics"],"fullName":" Casimir-DP phase and coherence diagnostics makes constructive, destructive, and zero-visibility readout operational","status":"passed","title":"makes constructive, destructive, and zero-visibility readout operational","duration":1,"failureMessages":[]},{"ancestorTitles":["","Casimir-DP phase and coherence diagnostics"],"fullName":" Casimir-DP phase and coherence diagnostics reconstructs injected phase and visibility from four quadratures","status":"passed","title":"reconstructs injected phase and visibility from four quadratures","duration":0,"failureMessages":[]},{"ancestorTitles":["","Casimir-DP phase and coherence diagnostics"],"fullName":" Casimir-DP phase and coherence diagnostics round-trips exponential coherence visibility and rate","status":"passed","title":"round-trips exponential coherence visibility and rate","duration":0,"failureMessages":[]},{"ancestorTitles":["","Casimir-DP phase and coherence diagnostics"],"fullName":" Casimir-DP phase and coherence diagnostics computes projected-force and ambient-gravity phase controls without calling either collapse","status":"passed","title":"computes projected-force and ambient-gravity phase controls without calling either collapse","duration":0,"failureMessages":[]}],"startTime":1784987834830,"endTime":1784987834835,"status":"passed","message":"","name":"C:/Users/dan/Desktop/RESEARCH 1,0/research/Alcubierre drive/casimirbot.com/versions/CasimirBot (9-3-25)/CasimirBot (9-3-25)/CasimirBot/tests/casimir-dp-phase-coherence.spec.ts"},{"assertionResults":[{"ancestorTitles":["","Casimir-DP Stage-3 measurement-constrained QED runtime"],"fullName":" Casimir-DP Stage-3 measurement-constrained QED runtime checks dimensions, convention, reciprocity, and nonnegative noise covariance","status":"passed","title":"checks dimensions, convention, reciprocity, and nonnegative noise covariance","duration":5,"failureMessages":[]},{"ancestorTitles":["","Casimir-DP Stage-3 measurement-constrained QED runtime"],"fullName":" Casimir-DP Stage-3 measurement-constrained QED runtime fails reciprocity and PSD gates on nonphysical tables","status":"passed","title":"fails reciprocity and PSD gates on nonphysical tables","duration":1,"failureMessages":[]},{"ancestorTitles":["","Casimir-DP Stage-3 measurement-constrained QED runtime"],"fullName":" Casimir-DP Stage-3 measurement-constrained QED runtime fails closed when a declared two-sided spectrum is not mirror symmetric","status":"passed","title":"fails closed when a declared two-sided spectrum is not mirror symmetric","duration":1,"failureMessages":[]},{"ancestorTitles":["","Casimir-DP Stage-3 measurement-constrained QED runtime"],"fullName":" Casimir-DP Stage-3 measurement-constrained QED runtime recovers the zero-coupling and infinite-distance limits","status":"passed","title":"recovers the zero-coupling and infinite-distance limits","duration":1,"failureMessages":[]},{"ancestorTitles":["","Casimir-DP Stage-3 measurement-constrained QED runtime"],"fullName":" Casimir-DP Stage-3 measurement-constrained QED runtime propagates source-backed material-loss and temperature noise changes","status":"passed","title":"propagates source-backed material-loss and temperature noise changes","duration":1,"failureMessages":[]},{"ancestorTitles":["","Casimir-DP Stage-3 measurement-constrained QED runtime"],"fullName":" Casimir-DP Stage-3 measurement-constrained QED runtime propagates Kramers-Kronig and input uncertainties into the output","status":"passed","title":"propagates Kramers-Kronig and input uncertainties into the output","duration":1,"failureMessages":[]},{"ancestorTitles":["","Casimir-DP Stage-3 measurement-constrained QED runtime"],"fullName":" Casimir-DP Stage-3 measurement-constrained QED runtime reverses ordinary QED phase under an explicit path swap","status":"passed","title":"reverses ordinary QED phase under an explicit path swap","duration":1,"failureMessages":[]},{"ancestorTitles":["","Casimir-DP Stage-3 measurement-constrained QED runtime"],"fullName":" Casimir-DP Stage-3 measurement-constrained QED runtime shows registered echo-filter suppression without assigning collapse","status":"passed","title":"shows registered echo-filter suppression without assigning collapse","duration":0,"failureMessages":[]},{"ancestorTitles":["","Casimir-DP Stage-3 measurement-constrained QED runtime"],"fullName":" Casimir-DP Stage-3 measurement-constrained QED runtime rejects mean pressure used as a noise spectrum","status":"passed","title":"rejects mean pressure used as a noise spectrum","duration":1,"failureMessages":[]},{"ancestorTitles":["","Casimir-DP Stage-3 measurement-constrained QED runtime"],"fullName":" Casimir-DP Stage-3 measurement-constrained QED runtime keeps the valid synthetic planar fixture diagnostic and not ready","status":"passed","title":"keeps the valid synthetic planar fixture diagnostic and not ready","duration":1,"failureMessages":[]}],"startTime":1784987833091,"endTime":1784987833104,"status":"passed","message":"","name":"C:/Users/dan/Desktop/RESEARCH 1,0/research/Alcubierre drive/casimirbot.com/versions/CasimirBot (9-3-25)/CasimirBot (9-3-25)/CasimirBot/tests/casimir-dp-qed-green-noise.spec.ts"},{"assertionResults":[{"ancestorTitles":["","gr agent loop baseline gate"],"fullName":" gr agent loop baseline gate keeps canonical runs gate-green","status":"passed","title":"keeps canonical runs gate-green","duration":3,"failureMessages":[]}],"startTime":1784987849029,"endTime":1784987849032,"status":"passed","message":"","name":"C:/Users/dan/Desktop/RESEARCH 1,0/research/Alcubierre drive/casimirbot.com/versions/CasimirBot (9-3-25)/CasimirBot (9-3-25)/CasimirBot/tests/gr-agent-loop-baseline.spec.ts"},{"assertionResults":[{"ancestorTitles":["","gr agent loop gate"],"fullName":" gr agent loop gate accepts when evaluation passes and initial is certified","status":"passed","title":"accepts when evaluation passes and initial is certified","duration":7,"failureMessages":[]},{"ancestorTitles":["","gr agent loop gate"],"fullName":" gr agent loop gate keeps invariants enabled in ci fast-path for applicability diagnostics","status":"passed","title":"keeps invariants enabled in ci fast-path for applicability diagnostics","duration":1,"failureMessages":[]},{"ancestorTitles":["","gr agent loop gate"],"fullName":" gr agent loop gate rejects when evaluation fails","status":"passed","title":"rejects when evaluation fails","duration":0,"failureMessages":[]},{"ancestorTitles":["","gr agent loop gate"],"fullName":" gr agent loop gate rejects when initial solve is not certified","status":"passed","title":"rejects when initial solve is not certified","duration":1,"failureMessages":[]}],"startTime":1784987835415,"endTime":1784987835424,"status":"passed","message":"","name":"C:/Users/dan/Desktop/RESEARCH 1,0/research/Alcubierre drive/casimirbot.com/versions/CasimirBot (9-3-25)/CasimirBot (9-3-25)/CasimirBot/tests/gr-agent-loop.spec.ts"},{"assertionResults":[{"ancestorTitles":["","gr constraint gate"],"fullName":" gr constraint gate passes when only soft constraints fail under hard-only mode","status":"passed","title":"passes when only soft constraints fail under hard-only mode","duration":2,"failureMessages":[]},{"ancestorTitles":["","gr constraint gate"],"fullName":" gr constraint gate returns unknown when metrics are missing and unknownAsFail is false","status":"passed","title":"returns unknown when metrics are missing and unknownAsFail is false","duration":0,"failureMessages":[]},{"ancestorTitles":["","gr constraint gate"],"fullName":" gr constraint gate fails closed when hard diagnostics are unknown in strict policy","status":"passed","title":"fails closed when hard diagnostics are unknown in strict policy","duration":0,"failureMessages":[]},{"ancestorTitles":["","gr constraint gate"],"fullName":" gr constraint gate fails when a hard constraint exceeds threshold","status":"passed","title":"fails when a hard constraint exceeds threshold","duration":0,"failureMessages":[]},{"ancestorTitles":["","gr constraint gate"],"fullName":" gr constraint gate captures admissible semiclassical residuals without hard fail","status":"passed","title":"captures admissible semiclassical residuals without hard fail","duration":1,"failureMessages":[]},{"ancestorTitles":["","gr constraint gate"],"fullName":" gr constraint gate emits deterministic first-fail id when semiclassical hard mismatch breaches limit","status":"passed","title":"emits deterministic first-fail id when semiclassical hard mismatch breaches limit","duration":0,"failureMessages":[]}],"startTime":1784987848001,"endTime":1784987848004,"status":"passed","message":"","name":"C:/Users/dan/Desktop/RESEARCH 1,0/research/Alcubierre drive/casimirbot.com/versions/CasimirBot (9-3-25)/CasimirBot (9-3-25)/CasimirBot/tests/gr-constraint-gate.spec.ts"},{"assertionResults":[{"ancestorTitles":["","gr constraint network 4d"],"fullName":" gr constraint network 4d records series and summarizes peak/final metrics","status":"passed","title":"records series and summarizes peak/final metrics","duration":3,"failureMessages":[]},{"ancestorTitles":["","gr constraint network 4d"],"fullName":" gr constraint network 4d can omit the series when includeSeries is false","status":"passed","title":"can omit the series when includeSeries is false","duration":0,"failureMessages":[]},{"ancestorTitles":["","gr constraint network 4d"],"fullName":" gr constraint network 4d fails when initial data is not certified","status":"passed","title":"fails when initial data is not certified","duration":0,"failureMessages":[]}],"startTime":1784987847521,"endTime":1784987847524,"status":"passed","message":"","name":"C:/Users/dan/Desktop/RESEARCH 1,0/research/Alcubierre drive/casimirbot.com/versions/CasimirBot (9-3-25)/CasimirBot (9-3-25)/CasimirBot/tests/gr-constraint-network.spec.ts"},{"assertionResults":[{"ancestorTitles":["","helix ask graph resolver congruence overrides"],"fullName":" helix ask graph resolver congruence overrides uses strict theta-geometry default when no congruence override is provided","status":"passed","title":"uses strict theta-geometry default when no congruence override is provided","duration":343,"failureMessages":[]},{"ancestorTitles":["","helix ask graph resolver congruence overrides"],"fullName":" helix ask graph resolver congruence overrides applies runtime B(r)=1 region override and does not reuse stale filtered trees","status":"passed","title":"applies runtime B(r)=1 region override and does not reuse stale filtered trees","duration":566,"failureMessages":[]},{"ancestorTitles":["","helix ask graph resolver congruence overrides"],"fullName":" helix ask graph resolver congruence overrides applies runtime QI metric-derived region override and re-filters guardrail edges","status":"passed","title":"applies runtime QI metric-derived region override and re-filters guardrail edges","duration":11,"failureMessages":[]},{"ancestorTitles":["","helix ask graph resolver congruence overrides"],"fullName":" helix ask graph resolver congruence overrides applies runtime VdB two-wall region override for simulation API guardrail edges","status":"passed","title":"applies runtime VdB two-wall region override for simulation API guardrail edges","duration":8,"failureMessages":[]},{"ancestorTitles":["","helix ask graph resolver congruence overrides"],"fullName":" helix ask graph resolver congruence overrides applies runtime theta-geometry region override for simulation API guardrail edges","status":"passed","title":"applies runtime theta-geometry region override for simulation API guardrail edges","duration":5,"failureMessages":[]},{"ancestorTitles":["","helix ask graph resolver congruence overrides"],"fullName":" helix ask graph resolver congruence overrides applies runtime TS metric-derived region override for uncertainty sampling-window edges","status":"passed","title":"applies runtime TS metric-derived region override for uncertainty sampling-window edges","duration":5,"failureMessages":[]},{"ancestorTitles":["","helix ask graph resolver congruence overrides"],"fullName":" helix ask graph resolver congruence overrides applies runtime CL3 metric-source region override for CL3 guardrail edges","status":"passed","title":"applies runtime CL3 metric-source region override for CL3 guardrail edges","duration":4,"failureMessages":[]},{"ancestorTitles":["","helix ask graph resolver congruence overrides"],"fullName":" helix ask graph resolver congruence overrides keeps conceptual traversal behavior intact for non-physics nodes","status":"passed","title":"keeps conceptual traversal behavior intact for non-physics nodes","duration":4,"failureMessages":[]},{"ancestorTitles":["","helix ask graph resolver congruence overrides"],"fullName":" helix ask graph resolver congruence overrides blocks holographic entropy proxy traversal under strict CL walks","status":"passed","title":"blocks holographic entropy proxy traversal under strict CL walks","duration":4,"failureMessages":[]},{"ancestorTitles":["","helix ask graph resolver congruence overrides"],"fullName":" helix ask graph resolver congruence overrides blocks proxy/physics bridge traversal when equation_ref is missing","status":"passed","title":"blocks proxy/physics bridge traversal when equation_ref is missing","duration":4,"failureMessages":[]},{"ancestorTitles":["","helix ask graph resolver congruence overrides"],"fullName":" helix ask graph resolver congruence overrides returns deterministic FAIL_NODE_MISSING_EQUATION_REF fallback reason","status":"passed","title":"returns deterministic FAIL_NODE_MISSING_EQUATION_REF fallback reason","duration":276,"failureMessages":[]},{"ancestorTitles":["","helix ask graph resolver congruence overrides"],"fullName":" helix ask graph resolver congruence overrides resolves cross-tree strict guardrail targets into traversal diagnostics","status":"passed","title":"resolves cross-tree strict guardrail targets into traversal diagnostics","duration":298,"failureMessages":[]},{"ancestorTitles":["","helix ask graph resolver congruence overrides"],"fullName":" helix ask graph resolver congruence overrides builds a strict root_to_leaf chain for ideology when requested","status":"passed","title":"builds a strict root_to_leaf chain for ideology when requested","duration":15,"failureMessages":[]},{"ancestorTitles":["","helix ask graph resolver congruence overrides"],"fullName":" helix ask graph resolver congruence overrides uses tree-level root_to_leaf path mode when no per-call override is set","status":"passed","title":"uses tree-level root_to_leaf path mode when no per-call override is set","duration":16,"failureMessages":[]},{"ancestorTitles":["","helix ask graph resolver congruence overrides"],"fullName":" helix ask graph resolver congruence overrides applies pack-level root_to_leaf path mode for trees without tree overrides","status":"passed","title":"applies pack-level root_to_leaf path mode for trees without tree overrides","duration":22,"failureMessages":[]},{"ancestorTitles":["","helix ask graph resolver congruence overrides"],"fullName":" helix ask graph resolver congruence overrides respects per-call root_to_leaf override over tree configuration","status":"passed","title":"respects per-call root_to_leaf override over tree configuration","duration":16,"failureMessages":[]},{"ancestorTitles":["","helix ask graph resolver congruence overrides"],"fullName":" helix ask graph resolver congruence overrides falls back to root_to_anchor continuity when requested explicitly","status":"passed","title":"falls back to root_to_anchor continuity when requested explicitly","duration":21,"failureMessages":[]},{"ancestorTitles":["","helix ask graph resolver congruence overrides"],"fullName":" helix ask graph resolver congruence overrides normalizes bridge evidence contract metadata fields additively","status":"passed","title":"normalizes bridge evidence contract metadata fields additively","duration":0,"failureMessages":[]},{"ancestorTitles":["","helix ask graph resolver congruence overrides"],"fullName":" helix ask graph resolver congruence overrides enforces deterministic stellar bridge evidence contract fields","status":"passed","title":"enforces deterministic stellar bridge evidence contract fields","duration":0,"failureMessages":[]},{"ancestorTitles":["","helix ask graph resolver congruence overrides"],"fullName":" helix ask graph resolver congruence overrides registers stellar PS1 bridge tree and preserves deterministic traversal order","status":"passed","title":"registers stellar PS1 bridge tree and preserves deterministic traversal order","duration":47,"failureMessages":[]},{"ancestorTitles":["","helix ask graph resolver congruence overrides"],"fullName":" helix ask graph resolver congruence overrides routes 'how does the universe produce life' prompts through deterministic stellar life/cosmology bridge","status":"passed","title":"routes 'how does the universe produce life' prompts through deterministic stellar life/cosmology bridge","duration":21,"failureMessages":[]},{"ancestorTitles":["","helix ask graph resolver congruence overrides"],"fullName":" helix ask graph resolver congruence overrides emits structured missing-evidence path for life/cosmology/consciousness family when bridge anchors are missing","status":"passed","title":"emits structured missing-evidence path for life/cosmology/consciousness family when bridge anchors are missing","duration":0,"failureMessages":[]},{"ancestorTitles":["","helix ask graph resolver congruence overrides"],"fullName":" helix ask graph resolver congruence overrides emits structured missing-evidence path for AI/financial/defense/security family","status":"passed","title":"emits structured missing-evidence path for AI/financial/defense/security family","duration":0,"failureMessages":[]},{"ancestorTitles":["","helix ask graph resolver congruence overrides"],"fullName":" helix ask graph resolver congruence overrides keeps broad life/cosmology/consciousness missing-evidence routing deterministic with explicit fallback reason","status":"passed","title":"keeps broad life/cosmology/consciousness missing-evidence routing deterministic with explicit fallback reason","duration":22,"failureMessages":[]},{"ancestorTitles":["","helix ask graph resolver congruence overrides"],"fullName":" helix ask graph resolver congruence overrides keeps positive broad-family contracted bridge routing intact with no silent fallback","status":"passed","title":"keeps positive broad-family contracted bridge routing intact with no silent fallback","duration":21,"failureMessages":[]},{"ancestorTitles":["","helix ask graph resolver congruence overrides"],"fullName":" helix ask graph resolver congruence overrides registers evidence falsifier ledger lane and routes evidence schema prompts deterministically","status":"passed","title":"registers evidence falsifier ledger lane and routes evidence schema prompts deterministically","duration":40,"failureMessages":[]},{"ancestorTitles":["","helix ask graph resolver congruence overrides"],"fullName":" helix ask graph resolver congruence overrides blocks guarded physics assertion traversal when equation_ref is unknown to canonical backbone","status":"passed","title":"blocks guarded physics assertion traversal when equation_ref is unknown to canonical backbone","duration":5,"failureMessages":[]},{"ancestorTitles":["","helix ask graph resolver congruence overrides"],"fullName":" helix ask graph resolver congruence overrides blocks guarded nodes when claim_ids linkage is missing","status":"passed","title":"blocks guarded nodes when claim_ids linkage is missing","duration":5,"failureMessages":[]},{"ancestorTitles":["","helix ask graph resolver congruence overrides"],"fullName":" helix ask graph resolver congruence overrides blocks physics assertion edges when equation_ref is missing","status":"passed","title":"blocks physics assertion edges when equation_ref is missing","duration":0,"failureMessages":[]},{"ancestorTitles":["","sector-control runtime graph tree routing"],"fullName":" sector-control runtime graph tree routing selects the sector-control-runtime tree for sector-strobe and time-dilation prompts","status":"passed","title":"selects the sector-control-runtime tree for sector-strobe and time-dilation prompts","duration":30,"failureMessages":[]},{"ancestorTitles":["","sector-control runtime graph tree routing"],"fullName":" sector-control runtime graph tree routing includes lane-specific evidence references for sector-control runtime scaffolds","status":"passed","title":"includes lane-specific evidence references for sector-control runtime scaffolds","duration":24,"failureMessages":[]},{"ancestorTitles":["","runtime safety gate validator"],"fullName":" runtime safety gate validator emits deterministic residual summary when runtime gate is referenced","status":"passed","title":"emits deterministic residual summary when runtime gate is referenced","duration":1,"failureMessages":[]},{"ancestorTitles":["","runtime safety gate validator"],"fullName":" runtime safety gate validator fails deterministically for missing runtime manifest data","status":"passed","title":"fails deterministically for missing runtime manifest data","duration":0,"failureMessages":[]},{"ancestorTitles":["","runtime safety gate validator"],"fullName":" runtime safety gate validator fails deterministically for out-of-bounds runtime thresholds","status":"passed","title":"fails deterministically for out-of-bounds runtime thresholds","duration":1,"failureMessages":[]},{"ancestorTitles":["","atomic stress-energy bridge placeholder rail"],"fullName":" atomic stress-energy bridge placeholder rail declares deterministic FAIL_NO_ATOMIC_TO_TMU_NU_MAPPING for unresolved atomic to stress-energy routing","status":"passed","title":"declares deterministic FAIL_NO_ATOMIC_TO_TMU_NU_MAPPING for unresolved atomic to stress-energy routing","duration":0,"failureMessages":[]},{"ancestorTitles":["","atomic stress-energy bridge placeholder rail"],"fullName":" atomic stress-energy bridge placeholder rail keeps atomic proxy bridge equation-bound and claim-linked while unresolved tensor lift remains strict-fail","status":"passed","title":"keeps atomic proxy bridge equation-bound and claim-linked while unresolved tensor lift remains strict-fail","duration":1,"failureMessages":[]}],"startTime":1784987704847,"endTime":1784987706684,"status":"passed","message":"","name":"C:/Users/dan/Desktop/RESEARCH 1,0/research/Alcubierre drive/casimirbot.com/versions/CasimirBot (9-3-25)/CasimirBot (9-3-25)/CasimirBot/tests/helix-ask-graph-resolver.spec.ts"},{"assertionResults":[{"ancestorTitles":["","lattice probe guardrails (strict congruence)"],"fullName":" lattice probe guardrails (strict congruence) fails hard guardrails in strict mode when metric-derived sources are missing","status":"passed","title":"fails hard guardrails in strict mode when metric-derived sources are missing","duration":937,"failureMessages":[]},{"ancestorTitles":["","lattice probe guardrails (strict congruence)"],"fullName":" lattice probe guardrails (strict congruence) reports proxy guardrails in relaxed mode for non-metric sources","status":"passed","title":"reports proxy guardrails in relaxed mode for non-metric sources","duration":1021,"failureMessages":[]},{"ancestorTitles":["","lattice probe guardrails (strict congruence)"],"fullName":" lattice probe guardrails (strict congruence) passes strict guardrails when metric-derived sources and derivatives are present","status":"passed","title":"passes strict guardrails when metric-derived sources and derivatives are present","duration":1042,"failureMessages":[]},{"ancestorTitles":["","lattice probe guardrails (strict congruence)"],"fullName":" lattice probe guardrails (strict congruence) honors VdB derivative requirement only when gammaVdB exceeds 1","status":"passed","title":"honors VdB derivative requirement only when gammaVdB exceeds 1","duration":1019,"failureMessages":[]},{"ancestorTitles":["","lattice probe guardrails (strict congruence)"],"fullName":" lattice probe guardrails (strict congruence) blocks legacy FordRoman boolean fallback in strict mode","status":"passed","title":"blocks legacy FordRoman boolean fallback in strict mode","duration":1025,"failureMessages":[]}],"startTime":1784987839243,"endTime":1784987844287,"status":"passed","message":"","name":"C:/Users/dan/Desktop/RESEARCH 1,0/research/Alcubierre drive/casimirbot.com/versions/CasimirBot (9-3-25)/CasimirBot (9-3-25)/CasimirBot/tests/lattice-probe-guardrails.spec.ts"},{"assertionResults":[{"ancestorTitles":["","natario metric-derived T00"],"fullName":" natario metric-derived T00 uses metric-derived stress for natario","status":"passed","title":"uses metric-derived stress for natario","duration":20,"failureMessages":[]},{"ancestorTitles":["","natario metric-derived T00"],"fullName":" natario metric-derived T00 uses metric-derived stress for natario_sdf","status":"passed","title":"uses metric-derived stress for natario_sdf","duration":21,"failureMessages":[]},{"ancestorTitles":["","natario metric-derived T00"],"fullName":" natario metric-derived T00 emits a distinct metric-derived source and lapse summary for nhm2_shift_lapse","status":"passed","title":"emits a distinct metric-derived source and lapse summary for nhm2_shift_lapse","duration":12,"failureMessages":[]},{"ancestorTitles":["","natario metric-derived T00"],"fullName":" natario metric-derived T00 uses metric-derived stress for irrotational fallback path","status":"passed","title":"uses metric-derived stress for irrotational fallback path","duration":6,"failureMessages":[]},{"ancestorTitles":["","natario metric-derived T00"],"fullName":" natario metric-derived T00 applies epsilon tilt to Natario interior shift field","status":"passed","title":"applies epsilon tilt to Natario interior shift field","duration":6,"failureMessages":[]},{"ancestorTitles":["","natario metric-derived T00"],"fullName":" natario metric-derived T00 applies epsilon tilt to Natario SDF interior shift field","status":"passed","title":"applies epsilon tilt to Natario SDF interior shift field","duration":12,"failureMessages":[]},{"ancestorTitles":["","natario metric-derived T00"],"fullName":" natario metric-derived T00 keeps current Natario unit-lapse semantics even when lapse inputs are present","status":"passed","title":"keeps current Natario unit-lapse semantics even when lapse inputs are present","duration":5,"failureMessages":[]},{"ancestorTitles":["","natario metric-derived T00"],"fullName":" natario metric-derived T00 uses the y-blend weight for trilinear interpolation in sampled shift evaluation","status":"passed","title":"uses the y-blend weight for trilinear interpolation in sampled shift evaluation","duration":0,"failureMessages":[]}],"startTime":1784987844815,"endTime":1784987844897,"status":"passed","message":"","name":"C:/Users/dan/Desktop/RESEARCH 1,0/research/Alcubierre drive/casimirbot.com/versions/CasimirBot (9-3-25)/CasimirBot (9-3-25)/CasimirBot/tests/natario-metric-t00.spec.ts"},{"assertionResults":[{"ancestorTitles":["","validatePhysicsRootLeafManifest"],"fullName":" validatePhysicsRootLeafManifest passes for a complete root-to-leaf manifest","status":"passed","title":"passes for a complete root-to-leaf manifest","duration":7,"failureMessages":[]},{"ancestorTitles":["","validatePhysicsRootLeafManifest"],"fullName":" validatePhysicsRootLeafManifest fails when dedicated root tree lane metadata is missing","status":"passed","title":"fails when dedicated root tree lane metadata is missing","duration":4,"failureMessages":[]},{"ancestorTitles":["","validatePhysicsRootLeafManifest"],"fullName":" validatePhysicsRootLeafManifest fails when a required root is missing","status":"passed","title":"fails when a required root is missing","duration":4,"failureMessages":[]},{"ancestorTitles":["","validatePhysicsRootLeafManifest"],"fullName":" validatePhysicsRootLeafManifest fails when root/leaf path endpoints are inconsistent","status":"passed","title":"fails when root/leaf path endpoints are inconsistent","duration":4,"failureMessages":[]},{"ancestorTitles":["","validatePhysicsRootLeafManifest"],"fullName":" validatePhysicsRootLeafManifest fails when canonical entropy-first life path is missing","status":"passed","title":"fails when canonical entropy-first life path is missing","duration":5,"failureMessages":[]},{"ancestorTitles":["","validatePhysicsRootLeafManifest"],"fullName":" validatePhysicsRootLeafManifest fails when the flagship curvature-collapse bundle is incomplete","status":"passed","title":"fails when the flagship curvature-collapse bundle is incomplete","duration":5,"failureMessages":[]},{"ancestorTitles":["","validatePhysicsRootLeafManifest"],"fullName":" validatePhysicsRootLeafManifest fails when required root-lane entrypoint coverage is missing","status":"passed","title":"fails when required root-lane entrypoint coverage is missing","duration":5,"failureMessages":[]},{"ancestorTitles":["","validatePhysicsRootLeafManifest"],"fullName":" validatePhysicsRootLeafManifest fails when falsifier and maturity gate are incomplete","status":"passed","title":"fails when falsifier and maturity gate are incomplete","duration":4,"failureMessages":[]},{"ancestorTitles":["","validatePhysicsRootLeafManifest"],"fullName":" validatePhysicsRootLeafManifest fails deterministically when equation-grounded paths omit residual evidence","status":"passed","title":"fails deterministically when equation-grounded paths omit residual evidence","duration":4,"failureMessages":[]},{"ancestorTitles":["","validatePhysicsRootLeafManifest"],"fullName":" validatePhysicsRootLeafManifest fails deterministically on unknown uncertainty models","status":"passed","title":"fails deterministically on unknown uncertainty models","duration":4,"failureMessages":[]},{"ancestorTitles":["","validatePhysicsRootLeafManifest"],"fullName":" validatePhysicsRootLeafManifest fails deterministically on unparameterized uncertainty models","status":"passed","title":"fails deterministically on unparameterized uncertainty models","duration":4,"failureMessages":[]},{"ancestorTitles":["","validatePhysicsRootLeafManifest"],"fullName":" validatePhysicsRootLeafManifest fails deterministically on tier over-claim patterns","status":"passed","title":"fails deterministically on tier over-claim patterns","duration":4,"failureMessages":[]},{"ancestorTitles":["","validatePhysicsRootLeafManifest"],"fullName":" validatePhysicsRootLeafManifest declares deterministic maturity propagation metadata in repo manifest","status":"passed","title":"declares deterministic maturity propagation metadata in repo manifest","duration":1,"failureMessages":[]},{"ancestorTitles":["","validatePhysicsRootLeafManifest"],"fullName":" validatePhysicsRootLeafManifest declares the fail-closed Casimir-DP/OR boundary-coherence bridge","status":"passed","title":"declares the fail-closed Casimir-DP/OR boundary-coherence bridge","duration":2,"failureMessages":[]},{"ancestorTitles":["","validatePhysicsRootLeafManifest"],"fullName":" validatePhysicsRootLeafManifest declares the stellar radiation null-model lane in the repo manifest","status":"passed","title":"declares the stellar radiation null-model lane in the repo manifest","duration":2,"failureMessages":[]},{"ancestorTitles":["","validatePhysicsRootLeafManifest"],"fullName":" validatePhysicsRootLeafManifest declares the stellar chemical-inheritance path to the life/consciousness bridge","status":"passed","title":"declares the stellar chemical-inheritance path to the life/consciousness bridge","duration":0,"failureMessages":[]}],"startTime":1784987704188,"endTime":1784987704247,"status":"passed","message":"","name":"C:/Users/dan/Desktop/RESEARCH 1,0/research/Alcubierre drive/casimirbot.com/versions/CasimirBot (9-3-25)/CasimirBot (9-3-25)/CasimirBot/tests/physics-root-leaf-manifest.spec.ts"},{"assertionResults":[{"ancestorTitles":["","pipeline ts/qi autoscale integration"],"fullName":" pipeline ts/qi autoscale integration keeps QI guard consistent when TS autoscale is active","status":"passed","title":"keeps QI guard consistent when TS autoscale is active","duration":1791,"failureMessages":[]},{"ancestorTitles":["","pipeline ts/qi autoscale integration"],"fullName":" pipeline ts/qi autoscale integration keeps TS timing stable when only QI autoscale is active","status":"passed","title":"keeps TS timing stable when only QI autoscale is active","duration":1502,"failureMessages":[]},{"ancestorTitles":["","pipeline ts/qi autoscale integration"],"fullName":" pipeline ts/qi autoscale integration marks TS as metric-derived when charted metric adapter and derived timing are active","status":"passed","title":"marks TS as metric-derived when charted metric adapter and derived timing are active","duration":1047,"failureMessages":[]},{"ancestorTitles":["","pipeline ts/qi autoscale integration"],"fullName":" pipeline ts/qi autoscale integration wires canonical metric T00 refs for non-alcubierre warp families","status":"passed","title":"wires canonical metric T00 refs for non-alcubierre warp families","duration":1740,"failureMessages":[]},{"ancestorTitles":["","pipeline ts/qi autoscale integration"],"fullName":" pipeline ts/qi autoscale integration surfaces Casimir material receipt status in the solve state","status":"passed","title":"surfaces Casimir material receipt status in the solve state","duration":929,"failureMessages":[]},{"ancestorTitles":["","pipeline ts/qi autoscale integration"],"fullName":" pipeline ts/qi autoscale integration marks TS as non-metric when hardware timing telemetry drives clocking","status":"passed","title":"marks TS as non-metric when hardware timing telemetry drives clocking","duration":1027,"failureMessages":[]},{"ancestorTitles":["","pipeline ts/qi autoscale integration"],"fullName":" pipeline ts/qi autoscale integration promotes VdB region-II metric adapter fallback when warp module adapter is missing","status":"passed","title":"promotes VdB region-II metric adapter fallback when warp module adapter is missing","duration":174,"failureMessages":[]},{"ancestorTitles":["","pipeline ts/qi autoscale integration"],"fullName":" pipeline ts/qi autoscale integration emits QI applicability and repayment heuristic labels","status":"passed","title":"emits QI applicability and repayment heuristic labels","duration":995,"failureMessages":[]},{"ancestorTitles":["","pipeline ts/qi autoscale integration"],"fullName":" pipeline ts/qi autoscale integration emits NHM2 strict-signal readiness into the pipeline and natario payloads","status":"passed","title":"emits NHM2 strict-signal readiness into the pipeline and natario payloads","duration":20532,"failureMessages":[]},{"ancestorTitles":["","pipeline ts/qi autoscale integration"],"fullName":" pipeline ts/qi autoscale integration labels NHM2 hardware-timed strict signals as proxy instead of metric-derived","status":"passed","title":"labels NHM2 hardware-timed strict signals as proxy instead of metric-derived","duration":20140,"failureMessages":[]},{"ancestorTitles":["","pipeline ts/qi autoscale integration"],"fullName":" pipeline ts/qi autoscale integration emits NHM2 observer audit for both metric-required and tile-effective tensors with explicit limits","status":"passed","title":"emits NHM2 observer audit for both metric-required and tile-effective tensors with explicit limits","duration":20931,"failureMessages":[]},{"ancestorTitles":["","pipeline ts/qi autoscale integration"],"fullName":" pipeline ts/qi autoscale integration applies the selected NHM2 shift-lapse profile on the metric T00 lane and keeps tile observer lanes profile-consistent","status":"passed","title":"applies the selected NHM2 shift-lapse profile on the metric T00 lane and keeps tile observer lanes profile-consistent","duration":39740,"failureMessages":[]},{"ancestorTitles":["","pipeline ts/qi autoscale integration"],"fullName":" pipeline ts/qi autoscale integration preserves configured QI tau/sampler for guard evaluation after telemetry refresh","status":"passed","title":"preserves configured QI tau/sampler for guard evaluation after telemetry refresh","duration":1049,"failureMessages":[]},{"ancestorTitles":[""],"fullName":" emits explicit Natário contract metadata fields in strict mode","status":"passed","title":"emits explicit Natário contract metadata fields in strict mode","duration":888,"failureMessages":[]},{"ancestorTitles":["","sector-control adapter hooks"],"fullName":" sector-control adapter hooks tracks monotonic QI behavior vs tau","status":"passed","title":"tracks monotonic QI behavior vs tau","duration":1,"failureMessages":[]},{"ancestorTitles":["","sector-control adapter hooks"],"fullName":" sector-control adapter hooks maps scheduler roles and fail-closes planner on hard QI constraints","status":"passed","title":"maps scheduler roles and fail-closes planner on hard QI constraints","duration":30,"failureMessages":[]}],"startTime":1784987708814,"endTime":1784987821330,"status":"passed","message":"","name":"C:/Users/dan/Desktop/RESEARCH 1,0/research/Alcubierre drive/casimirbot.com/versions/CasimirBot (9-3-25)/CasimirBot (9-3-25)/CasimirBot/tests/pipeline-ts-qi-guard.spec.ts"},{"assertionResults":[{"ancestorTitles":["","proof-pack strict parity"],"fullName":" proof-pack strict parity documents strict keys in proof-pack contract","status":"passed","title":"documents strict keys in proof-pack contract","duration":2,"failureMessages":[]},{"ancestorTitles":["","proof-pack strict parity"],"fullName":" proof-pack strict parity emits strict keys in backend proof-pack payload","status":"passed","title":"emits strict keys in backend proof-pack payload","duration":264,"failureMessages":[]},{"ancestorTitles":["","proof-pack strict parity"],"fullName":" proof-pack strict parity surfaces strict keys in WarpProofPanel rows","status":"passed","title":"surfaces strict keys in WarpProofPanel rows","duration":1,"failureMessages":[]},{"ancestorTitles":["","proof-pack strict parity"],"fullName":" proof-pack strict parity surfaces TS strict status in operator-facing panels","status":"passed","title":"surfaces TS strict status in operator-facing panels","duration":2,"failureMessages":[]}],"startTime":1784987846715,"endTime":1784987846984,"status":"passed","message":"","name":"C:/Users/dan/Desktop/RESEARCH 1,0/research/Alcubierre drive/casimirbot.com/versions/CasimirBot (9-3-25)/CasimirBot (9-3-25)/CasimirBot/tests/proof-pack-strict-parity.spec.ts"},{"assertionResults":[{"ancestorTitles":["","proof pack contract"],"fullName":" proof pack contract matches pipeline snapshots and conversions","status":"passed","title":"matches pipeline snapshots and conversions","duration":1012,"failureMessages":[]},{"ancestorTitles":["","proof pack contract"],"fullName":" proof pack contract uses VdB region II metric fallback for CL3 metric source when warp metric is missing","status":"passed","title":"uses VdB region II metric fallback for CL3 metric source when warp metric is missing","duration":131,"failureMessages":[]},{"ancestorTitles":["","proof pack contract"],"fullName":" proof pack contract uses natario metric fallback for CL3 metric source when warp metric is missing","status":"passed","title":"uses natario metric fallback for CL3 metric source when warp metric is missing","duration":135,"failureMessages":[]},{"ancestorTitles":["","proof pack contract"],"fullName":" proof pack contract uses nhm2 shift-lapse metric fallback for CL3 metric source when that family is active","status":"passed","title":"uses nhm2 shift-lapse metric fallback for CL3 metric source when that family is active","duration":109,"failureMessages":[]},{"ancestorTitles":["","proof pack contract"],"fullName":" proof pack contract emits the exploratory quantum semiclassical replay/comparison side by side with proof-pack geometry","status":"passed","title":"emits the exploratory quantum semiclassical replay/comparison side by side with proof-pack geometry","duration":725,"failureMessages":[]},{"ancestorTitles":["","proof pack contract"],"fullName":" proof pack contract does not treat VdB region II as metric source when derivative evidence is missing","status":"passed","title":"does not treat VdB region II as metric source when derivative evidence is missing","duration":135,"failureMessages":[]},{"ancestorTitles":["","proof pack contract"],"fullName":" proof pack contract propagates warp.metricT00Ref into CL3 gate source","status":"passed","title":"propagates warp.metricT00Ref into CL3 gate source","duration":115,"failureMessages":[]},{"ancestorTitles":["","proof pack contract"],"fullName":" proof pack contract emits CL3 missing-input reason when metric T00 is unavailable","status":"passed","title":"emits CL3 missing-input reason when metric T00 is unavailable","duration":104,"failureMessages":[]},{"ancestorTitles":["","proof pack contract"],"fullName":" proof pack contract emits theta strict congruence status fields","status":"passed","title":"emits theta strict congruence status fields","duration":119,"failureMessages":[]},{"ancestorTitles":["","proof pack contract"],"fullName":" proof pack contract emits authoritative low-expansion gate fields from brick-native div_beta","status":"passed","title":"emits authoritative low-expansion gate fields from brick-native div_beta","duration":121,"failureMessages":[]},{"ancestorTitles":["","proof pack contract"],"fullName":" proof pack contract emits qi strict congruence status fields","status":"passed","title":"emits qi strict congruence status fields","duration":136,"failureMessages":[]},{"ancestorTitles":["","proof pack contract"],"fullName":" proof pack contract emits TS metric-derivation status fields","status":"passed","title":"emits TS metric-derivation status fields","duration":106,"failureMessages":[]}],"startTime":1784987821975,"endTime":1784987824924,"status":"passed","message":"","name":"C:/Users/dan/Desktop/RESEARCH 1,0/research/Alcubierre drive/casimirbot.com/versions/CasimirBot (9-3-25)/CasimirBot (9-3-25)/CasimirBot/tests/proof-pack.spec.ts"},{"assertionResults":[{"ancestorTitles":["","evaluateQiGuardrail"],"fullName":" evaluateQiGuardrail returns lhs ~ effective rho when the mask is fully on","status":"passed","title":"returns lhs ~ effective rho when the mask is fully on","duration":5,"failureMessages":[]},{"ancestorTitles":["","evaluateQiGuardrail"],"fullName":" evaluateQiGuardrail duty-weighted masks still integrate back to effective rho","status":"passed","title":"duty-weighted masks still integrate back to effective rho","duration":1,"failureMessages":[]},{"ancestorTitles":["","evaluateQiGuardrail"],"fullName":" evaluateQiGuardrail scales tile telemetry before integrating the guard window","status":"passed","title":"scales tile telemetry before integrating the guard window","duration":1,"failureMessages":[]},{"ancestorTitles":["","evaluateQiGuardrail"],"fullName":" evaluateQiGuardrail uses VdB region II metric source when warp metric T00 is unavailable","status":"passed","title":"uses VdB region II metric source when warp metric T00 is unavailable","duration":0,"failureMessages":[]},{"ancestorTitles":["","evaluateQiGuardrail"],"fullName":" evaluateQiGuardrail ignores VdB region II fallback when derivative evidence is missing","status":"passed","title":"ignores VdB region II fallback when derivative evidence is missing","duration":1,"failureMessages":[]},{"ancestorTitles":["","evaluateQiGuardrail"],"fullName":" evaluateQiGuardrail prefers warp.metricT00Ref label when metric T00 is present","status":"passed","title":"prefers warp.metricT00Ref label when metric T00 is present","duration":1,"failureMessages":[]},{"ancestorTitles":["","evaluateQiGuardrail"],"fullName":" evaluateQiGuardrail emits deterministic shadow coupling diagnostics without changing gate evaluation path","status":"passed","title":"emits deterministic shadow coupling diagnostics without changing gate evaluation path","duration":2,"failureMessages":[]},{"ancestorTitles":["","evaluateQiGuardrail"],"fullName":" evaluateQiGuardrail promotes coupling semantics to bridge-ready channel when QEI evidence metadata is complete","status":"passed","title":"promotes coupling semantics to bridge-ready channel when QEI evidence metadata is complete","duration":0,"failureMessages":[]},{"ancestorTitles":["","evaluateQiGuardrail"],"fullName":" evaluateQiGuardrail records model-sigma provenance when configured","status":"passed","title":"records model-sigma provenance when configured","duration":1,"failureMessages":[]},{"ancestorTitles":["","evaluateQiGuardrail"],"fullName":" evaluateQiGuardrail fails closed uncertainty when model-sigma provenance is required but missing","status":"passed","title":"fails closed uncertainty when model-sigma provenance is required but missing","duration":1,"failureMessages":[]},{"ancestorTitles":["","evaluateQiGuardrail"],"fullName":" evaluateQiGuardrail supports coupling mode off while preserving comparability diagnostics","status":"passed","title":"supports coupling mode off while preserving comparability diagnostics","duration":0,"failureMessages":[]},{"ancestorTitles":["","evaluateQiGuardrail"],"fullName":" evaluateQiGuardrail enforces metric-only rho source in strict congruence mode","status":"passed","title":"enforces metric-only rho source in strict congruence mode","duration":0,"failureMessages":[]},{"ancestorTitles":["","evaluateQiGuardrail"],"fullName":" evaluateQiGuardrail applies policy floor even when QI bound env floor is non-finite","status":"passed","title":"applies policy floor even when QI bound env floor is non-finite","duration":1,"failureMessages":[]},{"ancestorTitles":["","deriveQiStatus"],"fullName":" deriveQiStatus uses raw zeta for compliance when policy clamp is more lenient","status":"passed","title":"uses raw zeta for compliance when policy clamp is more lenient","duration":0,"failureMessages":[]},{"ancestorTitles":["","deriveQiStatus"],"fullName":" deriveQiStatus falls back to clamped zeta and suppresses power warning in emergency mode","status":"passed","title":"falls back to clamped zeta and suppresses power warning in emergency mode","duration":0,"failureMessages":[]},{"ancestorTitles":["","deriveQiStatus"],"fullName":" deriveQiStatus derives color thresholds from raw zeta without policy clamps","status":"passed","title":"derives color thresholds from raw zeta without policy clamps","duration":0,"failureMessages":[]},{"ancestorTitles":["","deriveQiStatus"],"fullName":" deriveQiStatus reports NOT_APPLICABLE when curvature-window assumptions are violated","status":"passed","title":"reports NOT_APPLICABLE when curvature-window assumptions are violated","duration":1,"failureMessages":[]},{"ancestorTitles":["","deriveQiStatus"],"fullName":" deriveQiStatus reports PASS applicability when curvature-window assumptions are satisfied","status":"passed","title":"reports PASS applicability when curvature-window assumptions are satisfied","duration":0,"failureMessages":[]},{"ancestorTitles":["","deriveQiStatus"],"fullName":" deriveQiStatus treats zero curvature invariant signals as PASS applicability","status":"passed","title":"treats zero curvature invariant signals as PASS applicability","duration":0,"failureMessages":[]},{"ancestorTitles":["","deriveQiStatus"],"fullName":" deriveQiStatus reports UNKNOWN applicability when curvature invariants are unavailable","status":"passed","title":"reports UNKNOWN applicability when curvature invariants are unavailable","duration":1,"failureMessages":[]},{"ancestorTitles":["","deriveQiStatus"],"fullName":" deriveQiStatus reports deterministic PASS when scalar is exactly zero","status":"passed","title":"reports deterministic PASS when scalar is exactly zero","duration":0,"failureMessages":[]},{"ancestorTitles":["","deriveQiStatus"],"fullName":" deriveQiStatus emits deterministic tau provenance fields with configured selector","status":"passed","title":"emits deterministic tau provenance fields with configured selector","duration":0,"failureMessages":[]},{"ancestorTitles":["","deriveQiStatus"],"fullName":" deriveQiStatus fails closed to configured tau when requested selector source is unavailable","status":"passed","title":"fails closed to configured tau when requested selector source is unavailable","duration":1,"failureMessages":[]}],"startTime":1784987708295,"endTime":1784987708313,"status":"passed","message":"","name":"C:/Users/dan/Desktop/RESEARCH 1,0/research/Alcubierre drive/casimirbot.com/versions/CasimirBot (9-3-25)/CasimirBot (9-3-25)/CasimirBot/tests/qi-guardrail.spec.ts"},{"assertionResults":[{"ancestorTitles":["","stress-energy brick builder"],"fullName":" stress-energy brick builder preserves average density after normalization","status":"passed","title":"preserves average density after normalization","duration":30,"failureMessages":[]},{"ancestorTitles":["","stress-energy brick builder"],"fullName":" stress-energy brick builder yields near-zero integrated divergence","status":"passed","title":"yields near-zero integrated divergence","duration":19,"failureMessages":[]},{"ancestorTitles":["","stress-energy brick builder"],"fullName":" stress-energy brick builder embeds Natario diagnostics","status":"passed","title":"embeds Natario diagnostics","duration":14,"failureMessages":[]},{"ancestorTitles":["","stress-energy brick builder"],"fullName":" stress-energy brick builder reports conservation diagnostics","status":"passed","title":"reports conservation diagnostics","duration":8,"failureMessages":[]},{"ancestorTitles":["","stress-energy brick builder"],"fullName":" stress-energy brick builder reports mapping diagnostics","status":"passed","title":"reports mapping diagnostics","duration":5,"failureMessages":[]},{"ancestorTitles":["","stress-energy brick builder"],"fullName":" stress-energy brick builder emits sampled tensor summaries for NHM2 source-closure review","status":"passed","title":"emits sampled tensor summaries for NHM2 source-closure review","duration":5,"failureMessages":[]},{"ancestorTitles":["","stress-energy brick builder"],"fullName":" stress-energy brick builder applies NHM2 shift-lapse attenuation to the metric-fed tile proxy lane","status":"passed","title":"applies NHM2 shift-lapse attenuation to the metric-fed tile proxy lane","duration":24,"failureMessages":[]},{"ancestorTitles":["","stress-energy brick builder"],"fullName":" stress-energy brick builder computes observer-robust energy-condition margins","status":"passed","title":"computes observer-robust energy-condition margins","duration":8,"failureMessages":[]},{"ancestorTitles":["","stress-energy brick builder"],"fullName":" stress-energy brick builder branches source families by metricT00Ref and emits branch metadata","status":"passed","title":"branches source families by metricT00Ref and emits branch metadata","duration":22,"failureMessages":[]},{"ancestorTitles":["","stress-energy brick builder"],"fullName":" stress-energy brick builder propagates sourceRedesignMode into the GR matter builder","status":"passed","title":"propagates sourceRedesignMode into the GR matter builder","duration":458,"failureMessages":[]},{"ancestorTitles":["","stress-energy brick builder"],"fullName":" stress-energy brick builder propagates sourceReformulationMode into the GR matter builder","status":"passed","title":"propagates sourceReformulationMode into the GR matter builder","duration":439,"failureMessages":[]}],"startTime":1784987829837,"endTime":1784987830869,"status":"passed","message":"","name":"C:/Users/dan/Des
[...]
duration":1,"failureMessages":[]}],"startTime":1784987845405,"endTime":1784987845410,"status":"passed","message":"","name":"C:/Users/dan/Desktop/RESEARCH 1,0/research/Alcubierre drive/casimirbot.com/versions/CasimirBot (9-3-25)/CasimirBot (9-3-25)/CasimirBot/tests/warp-metric-adapter.spec.ts"},{"assertionResults":[{"ancestorTitles":["","warp viability congruence wiring"],"fullName":" warp viability congruence wiring propagates metricT00Ref into CL3 source and details","status":"passed","title":"propagates metricT00Ref into CL3 source and details","duration":8,"failureMessages":[]},{"ancestorTitles":["","warp viability congruence wiring"],"fullName":" warp viability congruence wiring falls back to natario metric T00 source when warp metric T00 is absent","status":"passed","title":"falls back to natario metric T00 source when warp metric T00 is absent","duration":1,"failureMessages":[]},{"ancestorTitles":["","warp viability congruence wiring"],"fullName":" warp viability congruence wiring accepts Natário chart contract metadata when warp adapter chart metadata is missing","status":"passed","title":"accepts Natário chart contract metadata when warp adapter chart metadata is missing","duration":1,"failureMessages":[]},{"ancestorTitles":["","warp viability congruence wiring"],"fullName":" warp viability congruence wiring emits failing CL3_RhoDelta when metric-derived T00 is missing","status":"passed","title":"emits failing CL3_RhoDelta when metric-derived T00 is missing","duration":1,"failureMessages":[]},{"ancestorTitles":["","warp viability congruence wiring"],"fullName":" warp viability congruence wiring fails ThetaAudit on proxy theta in strict mode and allows it when strict is disabled","status":"passed","title":"fails ThetaAudit on proxy theta in strict mode and allows it when strict is disabled","duration":1,"failureMessages":[]},{"ancestorTitles":["","warp viability congruence wiring"],"fullName":" warp viability congruence wiring fails ThetaAudit in strict mode when chart contract metadata is missing","status":"passed","title":"fails ThetaAudit in strict mode when chart contract metadata is missing","duration":1,"failureMessages":[]},{"ancestorTitles":["","warp viability congruence wiring"],"fullName":" warp viability congruence wiring emits a combined shift-lapse advisory block from GR gauge diagnostics","status":"passed","title":"emits a combined shift-lapse advisory block from GR gauge diagnostics","duration":3,"failureMessages":[]},{"ancestorTitles":["","warp viability congruence wiring"],"fullName":" warp viability congruence wiring surfaces tensor closure separately from CL3 scalar congruence","status":"passed","title":"surfaces tensor closure separately from CL3 scalar congruence","duration":2,"failureMessages":[]},{"ancestorTitles":["","warp viability congruence wiring"],"fullName":" warp viability congruence wiring surfaces Casimir material receipt status in the viability snapshot","status":"passed","title":"surfaces Casimir material receipt status in the viability snapshot","duration":1,"failureMessages":[]},{"ancestorTitles":["","warp viability congruence wiring"],"fullName":" warp viability congruence wiring surfaces the emitted NHM2 observer artifact with dual tensor states and model labels","status":"passed","title":"surfaces the emitted NHM2 observer artifact with dual tensor states and model labels","duration":6,"failureMessages":[]},{"ancestorTitles":["","warp viability congruence wiring"],"fullName":" warp viability congruence wiring surfaces the emitted NHM2 strict-signal artifact without inferring proxy or missing states","status":"passed","title":"surfaces the emitted NHM2 strict-signal artifact without inferring proxy or missing states","duration":1,"failureMessages":[]},{"ancestorTitles":["","warp viability congruence wiring"],"fullName":" warp viability congruence wiring emits a separate NHM2 full-loop audit layer with explicit missing evidence blockers","status":"passed","title":"emits a separate NHM2 full-loop audit layer with explicit missing evidence blockers","duration":7,"failureMessages":[]},{"ancestorTitles":["","warp viability congruence wiring"],"fullName":" warp viability congruence wiring accepts nhm2 source-closure v2 and preserves regional fail semantics","status":"passed","title":"accepts nhm2 source-closure v2 and preserves regional fail semantics","duration":5,"failureMessages":[]},{"ancestorTitles":["","warp viability congruence wiring"],"fullName":" warp viability congruence wiring maps missing source-closure tolerance to a conservative NHM2 blocker","status":"passed","title":"maps missing source-closure tolerance to a conservative NHM2 blocker","duration":3,"failureMessages":[]},{"ancestorTitles":["","warp viability congruence wiring"],"fullName":" warp viability congruence wiring does not emit an NHM2 full-loop policy layer for generic non-NHM2 runs","status":"passed","title":"does not emit an NHM2 full-loop policy layer for generic non-NHM2 runs","duration":0,"failureMessages":[]},{"ancestorTitles":["","warp viability congruence wiring"],"fullName":" warp viability congruence wiring fails FordRomanQI on proxy rho source in strict mode","status":"passed","title":"fails FordRomanQI on proxy rho source in strict mode","duration":0,"failureMessages":[]},{"ancestorTitles":["","warp viability congruence wiring"],"fullName":" warp viability congruence wiring fails FordRomanQI in strict mode when metric source is missing contract metadata","status":"passed","title":"fails FordRomanQI in strict mode when metric source is missing contract metadata","duration":0,"failureMessages":[]},{"ancestorTitles":["","warp viability congruence wiring"],"fullName":" warp viability congruence wiring blocks legacy FordRoman boolean fallback in strict mode","status":"passed","title":"blocks legacy FordRoman boolean fallback in strict mode","duration":1,"failureMessages":[]},{"ancestorTitles":["","warp viability congruence wiring"],"fullName":" warp viability congruence wiring fails TS_ratio_min in strict mode when TS metric provenance is missing","status":"passed","title":"fails TS_ratio_min in strict mode when TS metric provenance is missing","duration":0,"failureMessages":[]},{"ancestorTitles":["","warp viability congruence wiring"],"fullName":" warp viability congruence wiring uses conservative non-certifying defaults when provenance metadata is missing","status":"passed","title":"uses conservative non-certifying defaults when provenance metadata is missing","duration":1,"failureMessages":[]},{"ancestorTitles":["","warp viability congruence wiring"],"fullName":" warp viability congruence wiring fails VdB_band when region-II derivative evidence is missing","status":"passed","title":"fails VdB_band when region-II derivative evidence is missing","duration":0,"failureMessages":[]},{"ancestorTitles":["","warp viability congruence wiring"],"fullName":" warp viability congruence wiring passes VdB_band when region-II and region-IV derivative evidence is present","status":"passed","title":"passes VdB_band when region-II and region-IV derivative evidence is present","duration":0,"failureMessages":[]},{"ancestorTitles":["","warp viability congruence wiring"],"fullName":" warp viability congruence wiring keeps promotion replay deterministic across identical evaluations","status":"passed","title":"keeps promotion replay deterministic across identical evaluations","duration":1,"failureMessages":[]},{"ancestorTitles":["","warp viability congruence wiring"],"fullName":" warp viability congruence wiring fails closed in strict mode when Natário contract metadata is incomplete","status":"passed","title":"fails closed in strict mode when Natário contract metadata is incomplete","duration":1,"failureMessages":[]},{"ancestorTitles":["","warp viability congruence wiring"],"fullName":" warp viability congruence wiring keeps non-finite QI snapshot numerics undefined (no null placeholders)","status":"passed","title":"keeps non-finite QI snapshot numerics undefined (no null placeholders)","duration":0,"failureMessages":[]},{"ancestorTitles":["","warp viability congruence wiring"],"fullName":" warp viability congruence wiring prevents certified promotion when QI applicability is not PASS","status":"passed","title":"prevents certified promotion when QI applicability is not PASS","duration":0,"failureMessages":[]},{"ancestorTitles":["","warp viability congruence wiring"],"fullName":" warp viability congruence wiring uses provided snapshot gr invariants to resolve QI applicability","status":"passed","title":"uses provided snapshot gr invariants to resolve QI applicability","duration":1,"failureMessages":[]}],"startTime":1784987703630,"endTime":1784987703676,"status":"passed","message":"","name":"C:/Users/dan/Desktop/RESEARCH 1,0/research/Alcubierre drive/casimirbot.com/versions/CasimirBot (9-3-25)/CasimirBot (9-3-25)/CasimirBot/tests/warp-viability.spec.ts"},{"assertionResults":[{"ancestorTitles":["","computeSurfaceDivergenceBeta"],"fullName":" computeSurfaceDivergenceBeta returns small divergence for constant tangential fields","status":"passed","title":"returns small divergence for constant tangential fields","duration":3,"failureMessages":[]},{"ancestorTitles":["","computeSurfaceDivergenceBeta"],"fullName":" computeSurfaceDivergenceBeta detects positive divergence when the field varies across the shell","status":"passed","title":"detects positive divergence when the field varies across the shell","duration":3,"failureMessages":[]},{"ancestorTitles":["","computeSurfaceDivergenceBeta"],"fullName":" computeSurfaceDivergenceBeta keeps curl-like tangential fields near divergence-free","status":"passed","title":"keeps curl-like tangential fields near divergence-free","duration":1,"failureMessages":[]},{"ancestorTitles":["","Alcubierre theta sign convention"],"fullName":" Alcubierre theta sign convention maps theta to -K and preserves front/back sign flip","status":"passed","title":"maps theta to -K and preserves front/back sign flip","duration":5,"failureMessages":[]}],"startTime":1784987846203,"endTime":1784987846216,"status":"passed","message":"","name":"C:/Users/dan/Desktop/RESEARCH 1,0/research/Alcubierre drive/casimirbot.com/versions/CasimirBot (9-3-25)/CasimirBot (9-3-25)/CasimirBot/tests/york-time.spec.ts"},{"assertionResults":[{"ancestorTitles":["","Casimir / DP quantum-foam study badges"],"fullName":" Casimir / DP quantum-foam study badges registers the separated study lane in the canonical graph","status":"passed","title":"registers the separated study lane in the canonical graph","duration":26,"failureMessages":[]},{"ancestorTitles":["","Casimir / DP quantum-foam study badges"],"fullName":" Casimir / DP quantum-foam study badges exposes the Stage-3 evidence map without promoting synthetic or blocked lanes","status":"passed","title":"exposes the Stage-3 evidence map without promoting synthetic or blocked lanes","duration":1,"failureMessages":[]},{"ancestorTitles":["","Casimir / DP quantum-foam study badges"],"fullName":" Casimir / DP quantum-foam study badges registers proposal completeness separately from commissioning and evidence","status":"passed","title":"registers proposal completeness separately from commissioning and evidence","duration":0,"failureMessages":[]},{"ancestorTitles":["","Casimir / DP quantum-foam study badges"],"fullName":" Casimir / DP quantum-foam study badges registers data-readiness numerics without promoting synthetic fixtures","status":"passed","title":"registers data-readiness numerics without promoting synthetic fixtures","duration":0,"failureMessages":[]},{"ancestorTitles":["","Casimir / DP quantum-foam study badges"],"fullName":" Casimir / DP quantum-foam study badges exposes the role-separated campaign as diagnostic design evidence only","status":"passed","title":"exposes the role-separated campaign as diagnostic design evidence only","duration":1,"failureMessages":[]},{"ancestorTitles":["","Casimir / DP quantum-foam study badges"],"fullName":" Casimir / DP quantum-foam study badges registers Stage-1 numerical progress without closing physical evidence gates","status":"passed","title":"registers Stage-1 numerical progress without closing physical evidence gates","duration":0,"failureMessages":[]},{"ancestorTitles":["","Casimir / DP quantum-foam study badges"],"fullName":" Casimir / DP quantum-foam study badges keeps manifold response at Stage 0 and decoherence distinct from objective collapse","status":"passed","title":"keeps manifold response at Stage 0 and decoherence distinct from objective collapse","duration":0,"failureMessages":[]},{"ancestorTitles":["","Casimir / DP quantum-foam study badges"],"fullName":" Casimir / DP quantum-foam study badges records Penrose OR as context without importing Orch OR or phase-of-matter dynamics","status":"passed","title":"records Penrose OR as context without importing Orch OR or phase-of-matter dynamics","duration":1,"failureMessages":[]},{"ancestorTitles":["","Casimir / DP quantum-foam study badges"],"fullName":" Casimir / DP quantum-foam study badges fails closed instead of inventing a Casimir-to-DP observable bridge","status":"passed","title":"fails closed instead of inventing a Casimir-to-DP observable bridge","duration":0,"failureMessages":[]},{"ancestorTitles":["","Casimir / DP quantum-foam study badges"],"fullName":" Casimir / DP quantum-foam study badges keeps Compton, DP, and cavity frequencies separate until a transfer kernel exists","status":"passed","title":"keeps Compton, DP, and cavity frequencies separate until a transfer kernel exists","duration":0,"failureMessages":[]},{"ancestorTitles":["","Casimir / DP quantum-foam study badges"],"fullName":" Casimir / DP quantum-foam study badges is locatable for study, Casimir, DP, and quantum-foam prompts","status":"passed","title":"is locatable for study, Casimir, DP, and quantum-foam prompts","duration":69,"failureMessages":[]}],"startTime":1784987828434,"endTime":1784987828532,"status":"passed","message":"","name":"C:/Users/dan/Desktop/RESEARCH 1,0/research/Alcubierre drive/casimirbot.com/versions/CasimirBot (9-3-25)/CasimirBot (9-3-25)/CasimirBot/shared/theory/__tests__/casimir-dp-study-theory-badges.spec.ts"},{"assertionResults":[{"ancestorTitles":["","TS strict proof-pack rendering"],"fullName":" TS strict proof-pack rendering shows ts strict row in FrontProofsLedger","status":"passed","title":"shows ts strict row in FrontProofsLedger","duration":40,"failureMessages":[]},{"ancestorTitles":["","TS strict proof-pack rendering"],"fullName":" TS strict proof-pack rendering shows ts strict fields in WarpProofPanel CL3 section","status":"passed","title":"shows ts strict fields in WarpProofPanel CL3 section","duration":74,"failureMessages":[]},{"ancestorTitles":["","TS strict proof-pack rendering"],"fullName":" TS strict proof-pack rendering shows NHM2 closure stack rows with diagnostic claim-boundary copy","status":"passed","title":"shows NHM2 closure stack rows with diagnostic claim-boundary copy","duration":140,"failureMessages":[]},{"ancestorTitles":["","TS strict proof-pack rendering"],"fullName":" TS strict proof-pack rendering shows ts strict row in NeedleCavityBubblePanel","status":"passed","title":"shows ts strict row in NeedleCavityBubblePanel","duration":21,"failureMessages":[]}],"startTime":1784987850973,"endTime":1784987851248,"status":"passed","message":"","name":"C:/Users/dan/Desktop/RESEARCH 1,0/research/Alcubierre drive/casimirbot.com/versions/CasimirBot (9-3-25)/CasimirBot (9-3-25)/CasimirBot/client/src/components/__tests__/warp-proof-ts-strict.spec.tsx"},{"assertionResults":[{"ancestorTitles":["","doc equation actions"],"fullName":" doc equation actions normalizes equivalent LaTeX action keys","status":"passed","title":"normalizes equivalent LaTeX action keys","duration":1,"failureMessages":[]},{"ancestorTitles":["","doc equation actions"],"fullName":" doc equation actions keeps NHM2 whitepaper equation-action markers registered in source and generated sidecars","status":"passed","title":"keeps NHM2 whitepaper equation-action markers registered in source and generated sidecars","duration":3,"failureMessages":[]},{"ancestorTitles":["","doc equation actions"],"fullName":" doc equation actions locates NHM2 whitepaper runtime-backed equation entries","status":"passed","title":"locates NHM2 whitepaper runtime-backed equation entries","duration":1,"failureMessages":[]},{"ancestorTitles":["","doc equation actions"],"fullName":" doc equation actions keeps the Casimir-DP study equation markers synchronized with both sidecars","status":"passed","title":"keeps the Casimir-DP study equation markers synchronized with both sidecars","duration":4,"failureMessages":[]},{"ancestorTitles":["","doc equation actions"],"fullName":" doc equation actions opens the Casimir-DP observable-separation theory path from the study","status":"passed","title":"opens the Casimir-DP observable-separation theory path from the study","duration":678,"failureMessages":[]},{"ancestorTitles":["","doc equation actions"],"fullName":" doc equation actions locates the manifold-response and decoherence/collapse gates from their study equations","status":"passed","title":"locates the manifold-response and decoherence/collapse gates from their study equations","duration":3,"failureMessages":[]},{"ancestorTitles":["","doc equation actions"],"fullName":" doc equation actions opens the Compton/DP/cavity separation badge from both frequency equations","status":"passed","title":"opens the Compton/DP/cavity separation badge from both frequency equations","duration":2,"failureMessages":[]},{"ancestorTitles":["","doc equation actions"],"fullName":" doc equation actions opens the experiment-design badge from the accessible-rate equation","status":"passed","title":"opens the experiment-design badge from the accessible-rate equation","duration":0,"failureMessages":[]},{"ancestorTitles":["","doc equation actions"],"fullName":" doc equation actions opens the Stage-1 gated-computations badge from the Lifshitz integral","status":"passed","title":"opens the Stage-1 gated-computations badge from the Lifshitz integral","duration":1,"failureMessages":[]},{"ancestorTitles":["","doc equation actions"],"fullName":" doc equation actions opens an artifact-backed theory orientation from a whitepaper equation action","status":"passed","title":"opens an artifact-backed theory orientation from a whitepaper equation action","duration":8,"failureMessages":[]},{"ancestorTitles":["","doc equation actions"],"fullName":" doc equation actions emits same-chart full tensor as runtime artifact context without calculator payload overreach","status":"passed","title":"emits same-chart full tensor as runtime artifact context without calculator payload overreach","duration":4,"failureMessages":[]},{"ancestorTitles":["","doc equation actions"],"fullName":" doc equation actions emits wall residual calculator action as scalar replay context","status":"passed","title":"emits wall residual calculator action as scalar replay context","duration":1,"failureMessages":[]},{"ancestorTitles":["","doc equation actions"],"fullName":" doc equation actions emits frozen 447-layer material gate as bounded runtime context without scalar replay","status":"passed","title":"emits frozen 447-layer material gate as bounded runtime context without scalar replay","duration":5,"failureMessages":[]},{"ancestorTitles":["","doc equation actions"],"fullName":" doc equation actions emits 0p7000 campaign frontier as runtime evidence context with claim locks closed","status":"passed","title":"emits 0p7000 campaign frontier as runtime evidence context with claim locks closed","duration":4,"failureMessages":[]}],"startTime":1784987825930,"endTime":1784987826645,"status":"passed","message":"","name":"C:/Users/dan/Desktop/RESEARCH 1,0/research/Alcubierre drive/casimirbot.com/versions/CasimirBot (9-3-25)/CasimirBot (9-3-25)/CasimirBot/client/src/lib/docs/__tests__/docEquationActions.spec.ts"}]}