{"numTotalTestSuites":8,"numPassedTestSuites":8,"numFailedTestSuites":0,"numPendingTestSuites":0,"numTotalTests":49,"numPassedTests":49,"numFailedTests":0,"numPendingTests":0,"numTodoTests":0,"startTime":1785000412068,"success":true,"testResults":[{"assertionResults":[{"ancestorTitles":["","Casimir-DP paper provenance parity"],"fullName":" Casimir-DP paper provenance parity keeps paper markers and both equation-action sidecars in exact parity","status":"passed","title":"keeps paper markers and both equation-action sidecars in exact parity","duration":2,"failureMessages":[]},{"ancestorTitles":["","Casimir-DP paper provenance parity"],"fullName":" Casimir-DP paper provenance parity maps every equation into the paper's artifact-and-claim appendix","status":"passed","title":"maps every equation into the paper's artifact-and-claim appendix","duration":1,"failureMessages":[]},{"ancestorTitles":["","Casimir-DP paper provenance parity"],"fullName":" Casimir-DP paper provenance parity documents the cross-runtime rail, frozen inputs, receipts, and current ledgers","status":"passed","title":"documents the cross-runtime rail, frozen inputs, receipts, and current ledgers","duration":1,"failureMessages":[]},{"ancestorTitles":["","Casimir-DP paper provenance parity"],"fullName":" Casimir-DP paper provenance parity registers the scientific-standing baseline and fails closed on a frequency-to-cavity bridge","status":"passed","title":"registers the scientific-standing baseline and fails closed on a frequency-to-cavity bridge","duration":0,"failureMessages":[]},{"ancestorTitles":["","Casimir-DP paper provenance parity"],"fullName":" Casimir-DP paper provenance parity prints the current byte hashes for every frozen runtime config","status":"passed","title":"prints the current byte hashes for every frozen runtime config","duration":2,"failureMessages":[]},{"ancestorTitles":["","Casimir-DP paper provenance parity"],"fullName":" Casimir-DP paper provenance parity keeps the paper canonical, sidecar-bundled, and badge-count synchronized","status":"passed","title":"keeps the paper canonical, sidecar-bundled, and badge-count synchronized","duration":0,"failureMessages":[]}],"startTime":1785000416222,"endTime":1785000416228,"status":"passed","message":"","name":"C:/Users/dan/Desktop/RESEARCH 1,0/research/Alcubierre drive/casimirbot.com/versions/CasimirBot (9-3-25)/CasimirBot (9-3-25)/CasimirBot/tests/casimir-dp-paper-provenance.spec.ts"},{"assertionResults":[{"ancestorTitles":["","validatePhysicsRootLeafManifest"],"fullName":" validatePhysicsRootLeafManifest passes for a complete root-to-leaf manifest","status":"passed","title":"passes for a complete root-to-leaf manifest","duration":8,"failureMessages":[]},{"ancestorTitles":["","validatePhysicsRootLeafManifest"],"fullName":" validatePhysicsRootLeafManifest fails when dedicated root tree lane metadata is missing","status":"passed","title":"fails when dedicated root tree lane metadata is missing","duration":4,"failureMessages":[]},{"ancestorTitles":["","validatePhysicsRootLeafManifest"],"fullName":" validatePhysicsRootLeafManifest fails when a required root is missing","status":"passed","title":"fails when a required root is missing","duration":5,"failureMessages":[]},{"ancestorTitles":["","validatePhysicsRootLeafManifest"],"fullName":" validatePhysicsRootLeafManifest fails when root/leaf path endpoints are inconsistent","status":"passed","title":"fails when root/leaf path endpoints are inconsistent","duration":5,"failureMessages":[]},{"ancestorTitles":["","validatePhysicsRootLeafManifest"],"fullName":" validatePhysicsRootLeafManifest fails when canonical entropy-first life path is missing","status":"passed","title":"fails when canonical entropy-first life path is missing","duration":6,"failureMessages":[]},{"ancestorTitles":["","validatePhysicsRootLeafManifest"],"fullName":" validatePhysicsRootLeafManifest fails when the flagship curvature-collapse bundle is incomplete","status":"passed","title":"fails when the flagship curvature-collapse bundle is incomplete","duration":6,"failureMessages":[]},{"ancestorTitles":["","validatePhysicsRootLeafManifest"],"fullName":" validatePhysicsRootLeafManifest fails when required root-lane entrypoint coverage is missing","status":"passed","title":"fails when required root-lane entrypoint coverage is missing","duration":5,"failureMessages":[]},{"ancestorTitles":["","validatePhysicsRootLeafManifest"],"fullName":" validatePhysicsRootLeafManifest fails when falsifier and maturity gate are incomplete","status":"passed","title":"fails when falsifier and maturity gate are incomplete","duration":5,"failureMessages":[]},{"ancestorTitles":["","validatePhysicsRootLeafManifest"],"fullName":" validatePhysicsRootLeafManifest fails deterministically when equation-grounded paths omit residual evidence","status":"passed","title":"fails deterministically when equation-grounded paths omit residual evidence","duration":7,"failureMessages":[]},{"ancestorTitles":["","validatePhysicsRootLeafManifest"],"fullName":" validatePhysicsRootLeafManifest fails deterministically on unknown uncertainty models","status":"passed","title":"fails deterministically on unknown uncertainty models","duration":6,"failureMessages":[]},{"ancestorTitles":["","validatePhysicsRootLeafManifest"],"fullName":" validatePhysicsRootLeafManifest fails deterministically on unparameterized uncertainty models","status":"passed","title":"fails deterministically on unparameterized uncertainty models","duration":5,"failureMessages":[]},{"ancestorTitles":["","validatePhysicsRootLeafManifest"],"fullName":" validatePhysicsRootLeafManifest fails deterministically on tier over-claim patterns","status":"passed","title":"fails deterministically on tier over-claim patterns","duration":6,"failureMessages":[]},{"ancestorTitles":["","validatePhysicsRootLeafManifest"],"fullName":" validatePhysicsRootLeafManifest declares deterministic maturity propagation metadata in repo manifest","status":"passed","title":"declares deterministic maturity propagation metadata in repo manifest","duration":1,"failureMessages":[]},{"ancestorTitles":["","validatePhysicsRootLeafManifest"],"fullName":" validatePhysicsRootLeafManifest declares the fail-closed Casimir-DP/OR boundary-coherence bridge","status":"passed","title":"declares the fail-closed Casimir-DP/OR boundary-coherence bridge","duration":2,"failureMessages":[]},{"ancestorTitles":["","validatePhysicsRootLeafManifest"],"fullName":" validatePhysicsRootLeafManifest declares the stellar radiation null-model lane in the repo manifest","status":"passed","title":"declares the stellar radiation null-model lane in the repo manifest","duration":2,"failureMessages":[]},{"ancestorTitles":["","validatePhysicsRootLeafManifest"],"fullName":" validatePhysicsRootLeafManifest declares the stellar chemical-inheritance path to the life/consciousness bridge","status":"passed","title":"declares the stellar chemical-inheritance path to the life/consciousness bridge","duration":0,"failureMessages":[]}],"startTime":1785000413284,"endTime":1785000413358,"status":"passed","message":"","name":"C:/Users/dan/Desktop/RESEARCH 1,0/research/Alcubierre drive/casimirbot.com/versions/CasimirBot (9-3-25)/CasimirBot (9-3-25)/CasimirBot/tests/physics-root-leaf-manifest.spec.ts"},{"assertionResults":[{"ancestorTitles":["","Casimir / DP quantum-foam study badges"],"fullName":" Casimir / DP quantum-foam study badges registers the separated study lane in the canonical graph","status":"passed","title":"registers the separated study lane in the canonical graph","duration":27,"failureMessages":[]},{"ancestorTitles":["","Casimir / DP quantum-foam study badges"],"fullName":" Casimir / DP quantum-foam study badges connects Stage-4 polarization, thermal, and congruence controls without inventing a bridge","status":"passed","title":"connects Stage-4 polarization, thermal, and congruence controls without inventing a bridge","duration":1,"failureMessages":[]},{"ancestorTitles":["","Casimir / DP quantum-foam study badges"],"fullName":" Casimir / DP quantum-foam study badges exposes the Stage-3 evidence map without promoting synthetic or blocked lanes","status":"passed","title":"exposes the Stage-3 evidence map without promoting synthetic or blocked lanes","duration":1,"failureMessages":[]},{"ancestorTitles":["","Casimir / DP quantum-foam study badges"],"fullName":" Casimir / DP quantum-foam study badges registers proposal completeness separately from commissioning and evidence","status":"passed","title":"registers proposal completeness separately from commissioning and evidence","duration":0,"failureMessages":[]},{"ancestorTitles":["","Casimir / DP quantum-foam study badges"],"fullName":" Casimir / DP quantum-foam study badges registers data-readiness numerics without promoting synthetic fixtures","status":"passed","title":"registers data-readiness numerics without promoting synthetic fixtures","duration":0,"failureMessages":[]},{"ancestorTitles":["","Casimir / DP quantum-foam study badges"],"fullName":" Casimir / DP quantum-foam study badges exposes the role-separated campaign as diagnostic design evidence only","status":"passed","title":"exposes the role-separated campaign as diagnostic design evidence only","duration":1,"failureMessages":[]},{"ancestorTitles":["","Casimir / DP quantum-foam study badges"],"fullName":" Casimir / DP quantum-foam study badges registers Stage-1 numerical progress without closing physical evidence gates","status":"passed","title":"registers Stage-1 numerical progress without closing physical evidence gates","duration":0,"failureMessages":[]},{"ancestorTitles":["","Casimir / DP quantum-foam study badges"],"fullName":" Casimir / DP quantum-foam study badges keeps manifold response at Stage 0 and decoherence distinct from objective collapse","status":"passed","title":"keeps manifold response at Stage 0 and decoherence distinct from objective collapse","duration":1,"failureMessages":[]},{"ancestorTitles":["","Casimir / DP quantum-foam study badges"],"fullName":" Casimir / DP quantum-foam study badges records Penrose OR as context without importing Orch OR or phase-of-matter dynamics","status":"passed","title":"records Penrose OR as context without importing Orch OR or phase-of-matter dynamics","duration":1,"failureMessages":[]},{"ancestorTitles":["","Casimir / DP quantum-foam study badges"],"fullName":" Casimir / DP quantum-foam study badges fails closed instead of inventing a Casimir-to-DP observable bridge","status":"passed","title":"fails closed instead of inventing a Casimir-to-DP observable bridge","duration":0,"failureMessages":[]},{"ancestorTitles":["","Casimir / DP quantum-foam study badges"],"fullName":" Casimir / DP quantum-foam study badges keeps Compton, DP, and cavity frequencies separate until a transfer kernel exists","status":"passed","title":"keeps Compton, DP, and cavity frequencies separate until a transfer kernel exists","duration":0,"failureMessages":[]},{"ancestorTitles":["","Casimir / DP quantum-foam study badges"],"fullName":" Casimir / DP quantum-foam study badges is locatable for study, Casimir, DP, and quantum-foam prompts","status":"passed","title":"is locatable for study, Casimir, DP, and quantum-foam prompts","duration":68,"failureMessages":[]}],"startTime":1785000415614,"endTime":1785000415714,"status":"passed","message":"","name":"C:/Users/dan/Desktop/RESEARCH 1,0/research/Alcubierre drive/casimirbot.com/versions/CasimirBot (9-3-25)/CasimirBot (9-3-25)/CasimirBot/shared/theory/__tests__/casimir-dp-study-theory-badges.spec.ts"},{"assertionResults":[{"ancestorTitles":["","doc equation actions"],"fullName":" doc equation actions normalizes equivalent LaTeX action keys","status":"passed","title":"normalizes equivalent LaTeX action keys","duration":1,"failureMessages":[]},{"ancestorTitles":["","doc equation actions"],"fullName":" doc equation actions keeps NHM2 whitepaper equation-action markers registered in source and generated sidecars","status":"passed","title":"keeps NHM2 whitepaper equation-action markers registered in source and generated sidecars","duration":3,"failureMessages":[]},{"ancestorTitles":["","doc equation actions"],"fullName":" doc equation actions locates NHM2 whitepaper runtime-backed equation entries","status":"passed","title":"locates NHM2 whitepaper runtime-backed equation entries","duration":0,"failureMessages":[]},{"ancestorTitles":["","doc equation actions"],"fullName":" doc equation actions keeps the Casimir-DP study equation markers synchronized with both sidecars","status":"passed","title":"keeps the Casimir-DP study equation markers synchronized with both sidecars","duration":3,"failureMessages":[]},{"ancestorTitles":["","doc equation actions"],"fullName":" doc equation actions opens the Casimir-DP observable-separation theory path from the study","status":"passed","title":"opens the Casimir-DP observable-separation theory path from the study","duration":598,"failureMessages":[]},{"ancestorTitles":["","doc equation actions"],"fullName":" doc equation actions locates the manifold-response and decoherence/collapse gates from their study equations","status":"passed","title":"locates the manifold-response and decoherence/collapse gates from their study equations","duration":2,"failureMessages":[]},{"ancestorTitles":["","doc equation actions"],"fullName":" doc equation actions opens the Compton/DP/cavity separation badge from both frequency equations","status":"passed","title":"opens the Compton/DP/cavity separation badge from both frequency equations","duration":1,"failureMessages":[]},{"ancestorTitles":["","doc equation actions"],"fullName":" doc equation actions opens the Stage-4 polarization, thermal, congruence, and campaign paths","status":"passed","title":"opens the Stage-4 polarization, thermal, congruence, and campaign paths","duration":3,"failureMessages":[]},{"ancestorTitles":["","doc equation actions"],"fullName":" doc equation actions opens the experiment-design badge from the accessible-rate equation","status":"passed","title":"opens the experiment-design badge from the accessible-rate equation","duration":1,"failureMessages":[]},{"ancestorTitles":["","doc equation actions"],"fullName":" doc equation actions opens the Stage-1 gated-computations badge from the Lifshitz integral","status":"passed","title":"opens the Stage-1 gated-computations badge from the Lifshitz integral","duration":1,"failureMessages":[]},{"ancestorTitles":["","doc equation actions"],"fullName":" doc equation actions opens an artifact-backed theory orientation from a whitepaper equation action","status":"passed","title":"opens an artifact-backed theory orientation from a whitepaper equation action","duration":11,"failureMessages":[]},{"ancestorTitles":["","doc equation actions"],"fullName":" doc equation actions emits same-chart full tensor as runtime artifact context without calculator payload overreach","status":"passed","title":"emits same-chart full tensor as runtime artifact context without calculator payload overreach","duration":4,"failureMessages":[]},{"ancestorTitles":["","doc equation actions"],"fullName":" doc equation actions emits wall residual calculator action as scalar replay context","status":"passed","title":"emits wall residual calculator action as scalar replay context","duration":1,"failureMessages":[]},{"ancestorTitles":["","doc equation actions"],"fullName":" doc equation actions emits frozen 447-layer material gate as bounded runtime context without scalar replay","status":"passed","title":"emits frozen 447-layer material gate as bounded runtime context without scalar replay","duration":4,"failureMessages":[]},{"ancestorTitles":["","doc equation actions"],"fullName":" doc equation actions emits 0p7000 campaign frontier as runtime evidence context with claim locks closed","status":"passed","title":"emits 0p7000 campaign frontier as runtime evidence context with claim locks closed","duration":5,"failureMessages":[]}],"startTime":1785000414324,"endTime":1785000414962,"status":"passed","message":"","name":"C:/Users/dan/Desktop/RESEARCH 1,0/research/Alcubierre drive/casimirbot.com/versions/CasimirBot (9-3-25)/CasimirBot (9-3-25)/CasimirBot/client/src/lib/docs/__tests__/docEquationActions.spec.ts"}]}