<?xml version="1.0" encoding="UTF-8"?>
<testsuite name="com.casimirbot.helixsensor.HelixHttpClientSchedulingTest" tests="2" skipped="0" failures="0" errors="0" timestamp="2026-09-04T03:53:04.666Z" hostname="LAPTOP-FPCDI341" time="0.077">
  <properties/>
  <testcase name="periodicControlRetryYieldsToAQueuedProbe()" classname="com.casimirbot.helixsensor.HelixHttpClientSchedulingTest" time="0.057"/>
  <testcase name="onDemandProbeTrafficRunsBeforePeriodicControlAndTelemetry()" classname="com.casimirbot.helixsensor.HelixHttpClientSchedulingTest" time="0.015"/>
  <system-out><![CDATA[]]></system-out>
  <system-err><![CDATA[]]></system-err>
</testsuite>
