<?xml version="1.0" encoding="UTF-8"?>
<testsuite name="com.casimirbot.helixsensor.HelixJsonTest" tests="2" skipped="0" failures="0" errors="0" timestamp="2026-09-04T03:53:04.761Z" hostname="LAPTOP-FPCDI341" time="0.018">
  <properties/>
  <testcase name="floatingNumbersMatchNodeCanonicalJsonSpelling()" classname="com.casimirbot.helixsensor.HelixJsonTest" time="0.01"/>
  <testcase name="strictContractEncodingCanPreserveExplicitNullFields()" classname="com.casimirbot.helixsensor.HelixJsonTest" time="0.004"/>
  <system-out><![CDATA[]]></system-out>
  <system-err><![CDATA[]]></system-err>
</testsuite>
